[ 2015-03-17T11:08:47+08:00 ] ::1 /proj-hotel/core/index.php
ERR: Think\Controller:show方法不存在！

[ 2015-03-17T11:10:59+08:00 ] ::1 /proj-hotel/core/index.php
ERR: Think\Controller:show方法不存在！

[ 2015-03-17T11:15:24+08:00 ] ::1 /proj-hotel/core/index.php
ERR: Think\Controller:show方法不存在！

[ 2015-03-17T15:44:57+08:00 ] ::1 /proj-hotel/core/
ERR: 非法操作:index

[ 2015-03-17T16:04:05+08:00 ] ::1 /proj-hotel/core/api.php/login
ERR: SQLSTATE[42S02]: Base table or view not found: 1146 Table 'proj_hotel.user' doesn't exist

[ 2015-03-17T16:06:05+08:00 ] ::1 /proj-hotel/core/api.php/login
ERR: SQLSTATE[42S02]: Base table or view not found: 1146 Table 'proj_hotel.user' doesn't exist

[ 2015-03-17T16:06:33+08:00 ] ::1 /proj-hotel/core/api.php/login
SQL: SHOW COLUMNS FROM `employe` [ RunTime:0.0090s ]
SQL: SELECT * FROM `employe` WHERE ( username = '111' AND PASSWORD = '698d51a19d8a121ce581499d7b701668' ) LIMIT 1   [ RunTime:0.0125s ]

[ 2015-03-17T16:07:04+08:00 ] ::1 /proj-hotel/core/api.php/login
SQL: SHOW COLUMNS FROM `employe` [ RunTime:0.0105s ]
SQL: SELECT * FROM `employe` WHERE ( username = 'admin' AND PASSWORD = '21232f297a57a5a743894a0e4a801fc3' ) LIMIT 1   [ RunTime:0.0006s ]

[ 2015-03-17T16:07:48+08:00 ] ::1 /proj-hotel/core/api.php/login
SQL: SHOW COLUMNS FROM `employe` [ RunTime:0.0092s ]
SQL: SELECT * FROM `employe` WHERE ( username = 'admin' AND PASSWORD = '21232f297a57a5a743894a0e4a801fc3' ) LIMIT 1   [ RunTime:0.0004s ]

[ 2015-03-17T16:13:34+08:00 ] ::1 /proj-hotel/core/api.php/login
SQL: SHOW COLUMNS FROM `employe` [ RunTime:0.0096s ]
SQL: SHOW COLUMNS FROM `employe` [ RunTime:0.0081s ]
NOTIC: [8] Undefined variable: username F:\workspace\php\proj-hotel\core\Application\SDK\Service\EmployeService.class.php 第 7 行.
SQL: SELECT * FROM `employe` WHERE ( username = '' ) LIMIT 1   [ RunTime:0.0007s ]
NOTIC: [8] Undefined variable: loginUser F:\workspace\php\proj-hotel\core\Application\SDK\Controller\SDKController.class.php 第 12 行.

[ 2015-03-17T16:13:45+08:00 ] ::1 /proj-hotel/core/api.php/login
SQL: SHOW COLUMNS FROM `employe` [ RunTime:0.0097s ]
SQL: SHOW COLUMNS FROM `employe` [ RunTime:0.0089s ]
NOTIC: [8] Undefined variable: username F:\workspace\php\proj-hotel\core\Application\SDK\Service\EmployeService.class.php 第 7 行.
SQL: SELECT * FROM `employe` WHERE ( username = '' ) LIMIT 1   [ RunTime:0.0007s ]

[ 2015-03-17T16:14:25+08:00 ] ::1 /proj-hotel/core/api.php/login
SQL: SHOW COLUMNS FROM `employe` [ RunTime:0.0090s ]
SQL: SHOW COLUMNS FROM `employe` [ RunTime:0.0082s ]
NOTIC: [8] Undefined variable: username F:\workspace\php\proj-hotel\core\Application\SDK\Service\EmployeService.class.php 第 7 行.
SQL: SELECT * FROM `employe` WHERE ( username = '' ) LIMIT 1   [ RunTime:0.0005s ]

[ 2015-03-17T16:15:14+08:00 ] ::1 /proj-hotel/core/api.php/login
SQL: SHOW COLUMNS FROM `employe` [ RunTime:0.0097s ]
SQL: SHOW COLUMNS FROM `employe` [ RunTime:0.0100s ]
NOTIC: [8] Undefined variable: username F:\workspace\php\proj-hotel\core\Application\SDK\Service\EmployeService.class.php 第 7 行.
SQL: SELECT * FROM `employe` WHERE ( username = '' ) LIMIT 1   [ RunTime:0.0007s ]

[ 2015-03-17T16:16:38+08:00 ] ::1 /proj-hotel/core/api.php/login
SQL: SHOW COLUMNS FROM `employe` [ RunTime:0.0061s ]
SQL: SHOW COLUMNS FROM `employe` [ RunTime:0.0057s ]
NOTIC: [8] Undefined variable: username F:\workspace\php\proj-hotel\core\Application\SDK\Service\EmployeService.class.php 第 7 行.
SQL: SELECT * FROM `employe` WHERE ( username = '' ) LIMIT 1   [ RunTime:0.0004s ]

[ 2015-03-17T16:16:54+08:00 ] ::1 /proj-hotel/core/api.php/login
SQL: SHOW COLUMNS FROM `employe` [ RunTime:0.0064s ]
SQL: SHOW COLUMNS FROM `employe` [ RunTime:0.0058s ]
NOTIC: [8] Undefined variable: username F:\workspace\php\proj-hotel\core\Application\SDK\Service\EmployeService.class.php 第 7 行.
SQL: SELECT * FROM `employe` WHERE ( username = '' ) LIMIT 1   [ RunTime:0.0004s ]

[ 2015-03-17T16:17:21+08:00 ] ::1 /proj-hotel/core/api.php/login
SQL: SHOW COLUMNS FROM `employe` [ RunTime:0.0100s ]
SQL: SHOW COLUMNS FROM `employe` [ RunTime:0.0091s ]
NOTIC: [8] Undefined variable: username F:\workspace\php\proj-hotel\core\Application\SDK\Service\EmployeService.class.php 第 7 行.
SQL: SELECT * FROM `employe` WHERE ( username = '' ) LIMIT 1   [ RunTime:0.0006s ]

[ 2015-03-17T16:17:50+08:00 ] ::1 /proj-hotel/core/api.php/login
SQL: SHOW COLUMNS FROM `employe` [ RunTime:0.0095s ]
SQL: SHOW COLUMNS FROM `employe` [ RunTime:0.0092s ]
NOTIC: [8] Undefined variable: username F:\workspace\php\proj-hotel\core\Application\SDK\Service\EmployeService.class.php 第 7 行.

[ 2015-03-17T16:18:11+08:00 ] ::1 /proj-hotel/core/api.php/login
SQL: SHOW COLUMNS FROM `employe` [ RunTime:0.0085s ]
SQL: SHOW COLUMNS FROM `employe` [ RunTime:0.0046s ]

[ 2015-03-17T16:18:40+08:00 ] ::1 /proj-hotel/core/api.php/login
SQL: SHOW COLUMNS FROM `employe` [ RunTime:0.0090s ]
SQL: SHOW COLUMNS FROM `employe` [ RunTime:0.0079s ]
NOTIC: [2] Illegal string offset 'password' F:\workspace\php\proj-hotel\core\Application\SDK\Service\EmployeService.class.php 第 10 行.

[ 2015-03-17T16:18:49+08:00 ] ::1 /proj-hotel/core/api.php/login
SQL: SHOW COLUMNS FROM `employe` [ RunTime:0.0102s ]
SQL: SHOW COLUMNS FROM `employe` [ RunTime:0.0088s ]
NOTIC: [2] Illegal string offset 'password' F:\workspace\php\proj-hotel\core\Application\SDK\Service\EmployeService.class.php 第 10 行.

[ 2015-03-17T16:21:46+08:00 ] ::1 /proj-hotel/core/api.php/login
SQL: SHOW COLUMNS FROM `employe` [ RunTime:0.0089s ]
SQL: SHOW COLUMNS FROM `employe` [ RunTime:0.0089s ]
NOTIC: [2] Invalid argument supplied for foreach() F:\workspace\php\proj-hotel\core\Application\SDK\Service\EmployeService.class.php 第 11 行.

[ 2015-03-17T16:21:50+08:00 ] ::1 /proj-hotel/core/api.php/login
SQL: SHOW COLUMNS FROM `employe` [ RunTime:0.0097s ]
SQL: SHOW COLUMNS FROM `employe` [ RunTime:0.0086s ]
NOTIC: [2] Invalid argument supplied for foreach() F:\workspace\php\proj-hotel\core\Application\SDK\Service\EmployeService.class.php 第 11 行.

[ 2015-03-17T16:22:17+08:00 ] ::1 /proj-hotel/core/api.php/login
SQL: SHOW COLUMNS FROM `employe` [ RunTime:0.0071s ]
SQL: SHOW COLUMNS FROM `employe` [ RunTime:0.0077s ]
NOTIC: [2] Invalid argument supplied for foreach() F:\workspace\php\proj-hotel\core\Application\SDK\Service\EmployeService.class.php 第 11 行.

[ 2015-03-17T16:22:20+08:00 ] ::1 /proj-hotel/core/api.php/login
SQL: SHOW COLUMNS FROM `employe` [ RunTime:0.0076s ]
SQL: SHOW COLUMNS FROM `employe` [ RunTime:0.0073s ]
NOTIC: [2] Invalid argument supplied for foreach() F:\workspace\php\proj-hotel\core\Application\SDK\Service\EmployeService.class.php 第 11 行.

[ 2015-03-17T16:23:07+08:00 ] ::1 /proj-hotel/core/api.php/login
SQL: SHOW COLUMNS FROM `employe` [ RunTime:0.0093s ]
SQL: SHOW COLUMNS FROM `employe` [ RunTime:0.0086s ]
NOTIC: [2] Invalid argument supplied for foreach() F:\workspace\php\proj-hotel\core\Application\SDK\Service\EmployeService.class.php 第 11 行.

[ 2015-03-17T16:23:08+08:00 ] ::1 /proj-hotel/core/api.php/login
SQL: SHOW COLUMNS FROM `employe` [ RunTime:0.0089s ]
SQL: SHOW COLUMNS FROM `employe` [ RunTime:0.0089s ]
NOTIC: [2] Invalid argument supplied for foreach() F:\workspace\php\proj-hotel\core\Application\SDK\Service\EmployeService.class.php 第 11 行.

[ 2015-03-17T16:23:41+08:00 ] ::1 /proj-hotel/core/api.php/login
SQL: SHOW COLUMNS FROM `employe` [ RunTime:0.0091s ]
SQL: SHOW COLUMNS FROM `employe` [ RunTime:0.0089s ]
NOTIC: [2] Invalid argument supplied for foreach() F:\workspace\php\proj-hotel\core\Application\SDK\Service\EmployeService.class.php 第 11 行.

[ 2015-03-17T16:23:46+08:00 ] ::1 /proj-hotel/core/api.php/login
SQL: SHOW COLUMNS FROM `employe` [ RunTime:0.0099s ]
SQL: SHOW COLUMNS FROM `employe` [ RunTime:0.0101s ]
NOTIC: [2] Invalid argument supplied for foreach() F:\workspace\php\proj-hotel\core\Application\SDK\Service\EmployeService.class.php 第 11 行.

[ 2015-03-17T16:24:06+08:00 ] ::1 /proj-hotel/core/api.php/login
SQL: SHOW COLUMNS FROM `employe` [ RunTime:0.0108s ]
SQL: SHOW COLUMNS FROM `employe` [ RunTime:0.0112s ]

[ 2015-03-17T16:24:12+08:00 ] ::1 /proj-hotel/core/api.php/login
SQL: SHOW COLUMNS FROM `employe` [ RunTime:0.0100s ]
SQL: SHOW COLUMNS FROM `employe` [ RunTime:0.0050s ]

[ 2015-03-17T16:24:41+08:00 ] ::1 /proj-hotel/core/api.php/login
SQL: SHOW COLUMNS FROM `employe` [ RunTime:0.0022s ]
SQL: SHOW COLUMNS FROM `employe` [ RunTime:0.0019s ]

[ 2015-03-17T16:24:53+08:00 ] ::1 /proj-hotel/core/api.php/login
SQL: SHOW COLUMNS FROM `employe` [ RunTime:0.0098s ]
SQL: SHOW COLUMNS FROM `employe` [ RunTime:0.0094s ]
SQL: SELECT * FROM `employe` WHERE ( username = 'admin' )  [ RunTime:0.0007s ]

[ 2015-03-17T16:25:10+08:00 ] ::1 /proj-hotel/core/api.php/login
SQL: SHOW COLUMNS FROM `employe` [ RunTime:0.0100s ]
SQL: SHOW COLUMNS FROM `employe` [ RunTime:0.0087s ]
SQL: SELECT * FROM `employe` WHERE ( username = 'admin' )  [ RunTime:0.0006s ]

[ 2015-03-17T16:26:49+08:00 ] ::1 /proj-hotel/core/api.php/login
SQL: SHOW COLUMNS FROM `employe` [ RunTime:0.0028s ]
SQL: SHOW COLUMNS FROM `employe` [ RunTime:0.0033s ]
SQL: SELECT * FROM `employe` WHERE ( username = 'admin' )  [ RunTime:0.0002s ]

[ 2015-03-17T16:29:43+08:00 ] ::1 /proj-hotel/core/api.php/login
SQL: SHOW COLUMNS FROM `employe` [ RunTime:0.0057s ]
SQL: SHOW COLUMNS FROM `employe` [ RunTime:0.0054s ]
SQL: SELECT * FROM `employe` WHERE ( username = 'admin' )  [ RunTime:0.0004s ]

[ 2015-03-17T16:42:43+08:00 ] ::1 /proj-hotel/core/api.php/login
SQL: SHOW COLUMNS FROM `employe` [ RunTime:0.0116s ]
SQL: SHOW COLUMNS FROM `employe` [ RunTime:0.0088s ]
SQL: SELECT * FROM `employe` WHERE ( username = 'admin' )  [ RunTime:0.0009s ]

[ 2015-03-17T16:46:07+08:00 ] ::1 /proj-hotel/core/api.php/login
SQL: SHOW COLUMNS FROM `employe` [ RunTime:0.0099s ]
SQL: SHOW COLUMNS FROM `employe` [ RunTime:0.0082s ]
SQL: SELECT * FROM `employe` WHERE ( username = 'admin' )  [ RunTime:0.0008s ]

[ 2015-03-17T16:46:32+08:00 ] ::1 /proj-hotel/core/api.php/login
SQL: SHOW COLUMNS FROM `employe` [ RunTime:0.0100s ]
SQL: SHOW COLUMNS FROM `employe` [ RunTime:0.0103s ]
SQL: SELECT * FROM `employe` WHERE ( username = 'admin' )  [ RunTime:0.0007s ]

[ 2015-03-17T17:29:50+08:00 ] ::1 /proj-hotel/core/api.php/login
SQL: SHOW COLUMNS FROM `employe` [ RunTime:0.0062s ]
SQL: SHOW COLUMNS FROM `employe` [ RunTime:0.0051s ]
SQL: SELECT * FROM `employe` WHERE ( username = 'admin' )  [ RunTime:0.0004s ]

[ 2015-03-17T20:29:00+08:00 ] ::1 /proj-hotel/core/api.php/login
SQL: SHOW COLUMNS FROM `employe` [ RunTime:0.0027s ]
SQL: SHOW COLUMNS FROM `employe` [ RunTime:0.0023s ]
SQL: SELECT * FROM `employe` WHERE ( username = 'admin' )  [ RunTime:0.0162s ]

[ 2015-03-17T21:51:04+08:00 ] ::1 /proj-hotel/core/api.php/login
SQL: SHOW COLUMNS FROM `employe` [ RunTime:0.0020s ]
SQL: SHOW COLUMNS FROM `employe` [ RunTime:0.0021s ]
SQL: SELECT * FROM `employe` WHERE ( username = 'admin' )  [ RunTime:0.0002s ]

[ 2015-03-17T21:51:12+08:00 ] ::1 /proj-hotel/core/api.php/login
SQL: SHOW COLUMNS FROM `employe` [ RunTime:0.0059s ]
SQL: SHOW COLUMNS FROM `employe` [ RunTime:0.0018s ]
SQL: SELECT * FROM `employe` WHERE ( username = 'admin' )  [ RunTime:0.0002s ]

[ 2015-03-17T21:51:40+08:00 ] ::1 /proj-hotel/core/api.php/login
SQL: SHOW COLUMNS FROM `employe` [ RunTime:0.0023s ]
SQL: SHOW COLUMNS FROM `employe` [ RunTime:0.0021s ]
SQL: SELECT * FROM `employe` WHERE ( username = 'admin' )  [ RunTime:0.0002s ]

