[ 2015-03-23T09:17:52+08:00 ] ::1 /proj-hotel/core/api.php/login
SQL: SHOW COLUMNS FROM `employe` [ RunTime:0.0061s ]
SQL: SHOW COLUMNS FROM `employe` [ RunTime:0.0055s ]
SQL: SELECT * FROM `employe` WHERE ( username = 'admin' )  [ RunTime:0.0004s ]

[ 2015-03-23T09:17:56+08:00 ] ::1 /proj-hotel/core/api.php/getEmployeHandler?sEcho=1&iColumns=6&sColumns=%2C%2C%2C%2C%2C&iDisplayStart=0&iDisplayLength=10&mDataProp_0=0&sSearch_0=&bRegex_0=false&bSearchable_0=true&bSortable_0=true&mDataProp_1=1&sSearch_1=&bRegex_1=false&bSearchable_1=true&bSortable_1=true&mDataProp_2=2&sSearch_2=&bRegex_2=false&bSearchable_2=true&bSortable_2=true&mDataProp_3=3&sSearch_3=&bRegex_3=false&bSearchable_3=true&bSortable_3=true&mDataProp_4=4&sSearch_4=&bRegex_4=false&bSearchable_4=true&bSortable_4=true&mDataProp_5=5&sSearch_5=&bRegex_5=false&bSearchable_5=true&bSortable_5=true&sSearch=&bRegex=false&iSortCol_0=0&sSortDir_0=asc&iSortingCols=1&_=1427073476148
SQL: SHOW COLUMNS FROM `employe` [ RunTime:0.0068s ]

[ 2015-03-23T09:20:44+08:00 ] ::1 /proj-hotel/core/api.php/getEmployeHandler?sEcho=1&iColumns=6&sColumns=%2C%2C%2C%2C%2C&iDisplayStart=0&iDisplayLength=10&mDataProp_0=0&sSearch_0=&bRegex_0=false&bSearchable_0=true&bSortable_0=true&mDataProp_1=1&sSearch_1=&bRegex_1=false&bSearchable_1=true&bSortable_1=true&mDataProp_2=2&sSearch_2=&bRegex_2=false&bSearchable_2=true&bSortable_2=true&mDataProp_3=3&sSearch_3=&bRegex_3=false&bSearchable_3=true&bSortable_3=true&mDataProp_4=4&sSearch_4=&bRegex_4=false&bSearchable_4=true&bSortable_4=true&mDataProp_5=5&sSearch_5=&bRegex_5=false&bSearchable_5=true&bSortable_5=true&sSearch=&bRegex=false&iSortCol_0=0&sSortDir_0=asc&iSortingCols=1&_=1427073644259
SQL: SHOW COLUMNS FROM `employe` [ RunTime:0.0054s ]

[ 2015-03-23T09:21:18+08:00 ] ::1 /proj-hotel/core/api.php/getEmployeHandler?sEcho=1&iColumns=6&sColumns=%2C%2C%2C%2C%2C&iDisplayStart=0&iDisplayLength=10&mDataProp_0=0&sSearch_0=&bRegex_0=false&bSearchable_0=true&bSortable_0=true&mDataProp_1=1&sSearch_1=&bRegex_1=false&bSearchable_1=true&bSortable_1=true&mDataProp_2=2&sSearch_2=&bRegex_2=false&bSearchable_2=true&bSortable_2=true&mDataProp_3=3&sSearch_3=&bRegex_3=false&bSearchable_3=true&bSortable_3=true&mDataProp_4=4&sSearch_4=&bRegex_4=false&bSearchable_4=true&bSortable_4=true&mDataProp_5=5&sSearch_5=&bRegex_5=false&bSearchable_5=true&bSortable_5=true&sSearch=&bRegex=false&iSortCol_0=0&sSortDir_0=asc&iSortingCols=1&_=1427073678115
SQL: SHOW COLUMNS FROM `employe` [ RunTime:0.0052s ]

[ 2015-03-23T09:21:32+08:00 ] ::1 /proj-hotel/core/api.php/getEmployeHandler?sEcho=1&iColumns=6&sColumns=%2C%2C%2C%2C%2C&iDisplayStart=0&iDisplayLength=10&mDataProp_0=0&sSearch_0=&bRegex_0=false&bSearchable_0=true&bSortable_0=true&mDataProp_1=1&sSearch_1=&bRegex_1=false&bSearchable_1=true&bSortable_1=true&mDataProp_2=2&sSearch_2=&bRegex_2=false&bSearchable_2=true&bSortable_2=true&mDataProp_3=3&sSearch_3=&bRegex_3=false&bSearchable_3=true&bSortable_3=true&mDataProp_4=4&sSearch_4=&bRegex_4=false&bSearchable_4=true&bSortable_4=true&mDataProp_5=5&sSearch_5=&bRegex_5=false&bSearchable_5=true&bSortable_5=true&sSearch=&bRegex=false&iSortCol_0=0&sSortDir_0=asc&iSortingCols=1&_=1427073692155
SQL: SHOW COLUMNS FROM `employe` [ RunTime:0.0038s ]

[ 2015-03-23T09:23:11+08:00 ] ::1 /proj-hotel/core/api.php/getEmployeHandler?sEcho=1&iColumns=6&sColumns=%2C%2C%2C%2C%2C&iDisplayStart=0&iDisplayLength=10&mDataProp_0=0&sSearch_0=&bRegex_0=false&bSearchable_0=true&bSortable_0=true&mDataProp_1=1&sSearch_1=&bRegex_1=false&bSearchable_1=true&bSortable_1=true&mDataProp_2=2&sSearch_2=&bRegex_2=false&bSearchable_2=true&bSortable_2=true&mDataProp_3=3&sSearch_3=&bRegex_3=false&bSearchable_3=true&bSortable_3=true&mDataProp_4=4&sSearch_4=&bRegex_4=false&bSearchable_4=true&bSortable_4=true&mDataProp_5=5&sSearch_5=&bRegex_5=false&bSearchable_5=true&bSortable_5=true&sSearch=&bRegex=false&iSortCol_0=0&sSortDir_0=asc&iSortingCols=1&_=1427073791630
SQL: SHOW COLUMNS FROM `employe` [ RunTime:0.0073s ]

[ 2015-03-23T09:26:51+08:00 ] ::1 /proj-hotel/core/api.php/getEmployeHandler?sEcho=1&iColumns=6&sColumns=%2C%2C%2C%2C%2C&iDisplayStart=0&iDisplayLength=10&mDataProp_0=0&sSearch_0=&bRegex_0=false&bSearchable_0=true&bSortable_0=true&mDataProp_1=1&sSearch_1=&bRegex_1=false&bSearchable_1=true&bSortable_1=true&mDataProp_2=2&sSearch_2=&bRegex_2=false&bSearchable_2=true&bSortable_2=true&mDataProp_3=3&sSearch_3=&bRegex_3=false&bSearchable_3=true&bSortable_3=true&mDataProp_4=4&sSearch_4=&bRegex_4=false&bSearchable_4=true&bSortable_4=true&mDataProp_5=5&sSearch_5=&bRegex_5=false&bSearchable_5=true&bSortable_5=true&sSearch=&bRegex=false&iSortCol_0=0&sSortDir_0=asc&iSortingCols=1&_=1427074011216
SQL: SHOW COLUMNS FROM `employe` [ RunTime:0.0029s ]

[ 2015-03-23T09:27:32+08:00 ] ::1 /proj-hotel/core/api.php/getEmployeHandler?sEcho=1&iColumns=6&sColumns=%2C%2C%2C%2C%2C&iDisplayStart=0&iDisplayLength=10&mDataProp_0=0&sSearch_0=&bRegex_0=false&bSearchable_0=true&bSortable_0=true&mDataProp_1=1&sSearch_1=&bRegex_1=false&bSearchable_1=true&bSortable_1=true&mDataProp_2=2&sSearch_2=&bRegex_2=false&bSearchable_2=true&bSortable_2=true&mDataProp_3=3&sSearch_3=&bRegex_3=false&bSearchable_3=true&bSortable_3=true&mDataProp_4=4&sSearch_4=&bRegex_4=false&bSearchable_4=true&bSortable_4=true&mDataProp_5=5&sSearch_5=&bRegex_5=false&bSearchable_5=true&bSortable_5=true&sSearch=&bRegex=false&iSortCol_0=0&sSortDir_0=asc&iSortingCols=1&_=1427074052759
SQL: SHOW COLUMNS FROM `employe` [ RunTime:0.0038s ]

[ 2015-03-23T09:28:03+08:00 ] ::1 /proj-hotel/core/api.php/getEmployeHandler?sEcho=1&iColumns=6&sColumns=%2C%2C%2C%2C%2C&iDisplayStart=0&iDisplayLength=10&mDataProp_0=0&sSearch_0=&bRegex_0=false&bSearchable_0=true&bSortable_0=true&mDataProp_1=1&sSearch_1=&bRegex_1=false&bSearchable_1=true&bSortable_1=true&mDataProp_2=2&sSearch_2=&bRegex_2=false&bSearchable_2=true&bSortable_2=true&mDataProp_3=3&sSearch_3=&bRegex_3=false&bSearchable_3=true&bSortable_3=true&mDataProp_4=4&sSearch_4=&bRegex_4=false&bSearchable_4=true&bSortable_4=true&mDataProp_5=5&sSearch_5=&bRegex_5=false&bSearchable_5=true&bSortable_5=true&sSearch=&bRegex=false&iSortCol_0=0&sSortDir_0=asc&iSortingCols=1&_=1427074083838
SQL: SHOW COLUMNS FROM `employe` [ RunTime:0.0036s ]
SQL: SHOW COLUMNS FROM `employe` [ RunTime:0.0030s ]
SQL: SELECT * FROM `employe`  [ RunTime:0.0002s ]

[ 2015-03-23T09:28:21+08:00 ] ::1 /proj-hotel/core/api.php/getEmployeHandler?sEcho=1&iColumns=6&sColumns=%2C%2C%2C%2C%2C&iDisplayStart=0&iDisplayLength=10&mDataProp_0=0&sSearch_0=&bRegex_0=false&bSearchable_0=true&bSortable_0=true&mDataProp_1=1&sSearch_1=&bRegex_1=false&bSearchable_1=true&bSortable_1=true&mDataProp_2=2&sSearch_2=&bRegex_2=false&bSearchable_2=true&bSortable_2=true&mDataProp_3=3&sSearch_3=&bRegex_3=false&bSearchable_3=true&bSortable_3=true&mDataProp_4=4&sSearch_4=&bRegex_4=false&bSearchable_4=true&bSortable_4=true&mDataProp_5=5&sSearch_5=&bRegex_5=false&bSearchable_5=true&bSortable_5=true&sSearch=&bRegex=false&iSortCol_0=0&sSortDir_0=asc&iSortingCols=1&_=1427074101812
SQL: SHOW COLUMNS FROM `employe` [ RunTime:0.0048s ]
SQL: SHOW COLUMNS FROM `employe` [ RunTime:0.0045s ]
SQL: SELECT * FROM `employe`  [ RunTime:0.0003s ]

[ 2015-03-23T09:30:54+08:00 ] ::1 /proj-hotel/core/api.php/getEmployeHandler?sEcho=1&iColumns=6&sColumns=%2C%2C%2C%2C%2C&iDisplayStart=0&iDisplayLength=10&mDataProp_0=0&sSearch_0=&bRegex_0=false&bSearchable_0=true&bSortable_0=true&mDataProp_1=1&sSearch_1=&bRegex_1=false&bSearchable_1=true&bSortable_1=true&mDataProp_2=2&sSearch_2=&bRegex_2=false&bSearchable_2=true&bSortable_2=true&mDataProp_3=3&sSearch_3=&bRegex_3=false&bSearchable_3=true&bSortable_3=true&mDataProp_4=4&sSearch_4=&bRegex_4=false&bSearchable_4=true&bSortable_4=true&mDataProp_5=5&sSearch_5=&bRegex_5=false&bSearchable_5=true&bSortable_5=true&sSearch=&bRegex=false&iSortCol_0=0&sSortDir_0=asc&iSortingCols=1&_=1427074254338
SQL: SHOW COLUMNS FROM `employe` [ RunTime:0.0039s ]
SQL: SHOW COLUMNS FROM `employe` [ RunTime:0.0034s ]
SQL: SELECT * FROM `employe`  [ RunTime:0.0002s ]

[ 2015-03-23T09:31:04+08:00 ] ::1 /proj-hotel/core/api.php/getEmployeHandler?sEcho=1&iColumns=6&sColumns=%2C%2C%2C%2C%2C&iDisplayStart=0&iDisplayLength=10&mDataProp_0=0&sSearch_0=&bRegex_0=false&bSearchable_0=true&bSortable_0=true&mDataProp_1=1&sSearch_1=&bRegex_1=false&bSearchable_1=true&bSortable_1=true&mDataProp_2=2&sSearch_2=&bRegex_2=false&bSearchable_2=true&bSortable_2=true&mDataProp_3=3&sSearch_3=&bRegex_3=false&bSearchable_3=true&bSortable_3=true&mDataProp_4=4&sSearch_4=&bRegex_4=false&bSearchable_4=true&bSortable_4=true&mDataProp_5=5&sSearch_5=&bRegex_5=false&bSearchable_5=true&bSortable_5=true&sSearch=&bRegex=false&iSortCol_0=0&sSortDir_0=asc&iSortingCols=1&_=1427074264697
SQL: SHOW COLUMNS FROM `employe` [ RunTime:0.0059s ]
SQL: SHOW COLUMNS FROM `employe` [ RunTime:0.0054s ]
SQL: SELECT * FROM `employe`  [ RunTime:0.0004s ]

[ 2015-03-23T09:44:54+08:00 ] ::1 /proj-hotel/core/api.php/getEmployeHandler?sEcho=1&iColumns=6&sColumns=%2C%2C%2C%2C%2C&iDisplayStart=0&iDisplayLength=20&mDataProp_0=0&sSearch_0=&bRegex_0=false&bSearchable_0=true&bSortable_0=true&mDataProp_1=1&sSearch_1=&bRegex_1=false&bSearchable_1=true&bSortable_1=true&mDataProp_2=2&sSearch_2=&bRegex_2=false&bSearchable_2=true&bSortable_2=true&mDataProp_3=3&sSearch_3=&bRegex_3=false&bSearchable_3=true&bSortable_3=true&mDataProp_4=4&sSearch_4=&bRegex_4=false&bSearchable_4=true&bSortable_4=true&mDataProp_5=5&sSearch_5=&bRegex_5=false&bSearchable_5=true&bSortable_5=true&sSearch=&bRegex=false&iSortCol_0=0&sSortDir_0=asc&iSortingCols=1
SQL: SHOW COLUMNS FROM `employe` [ RunTime:0.0050s ]
SQL: SHOW COLUMNS FROM `employe` [ RunTime:0.0043s ]
SQL: SELECT * FROM `employe`  [ RunTime:0.0003s ]

[ 2015-03-23T09:46:31+08:00 ] ::1 /proj-hotel/core/api.php/getEmployeHandler?sEcho=1&iColumns=6&sColumns=%2C%2C%2C%2C%2C&iDisplayStart=0&iDisplayLength=20&mDataProp_0=id&sSearch_0=&bRegex_0=false&bSearchable_0=true&bSortable_0=true&mDataProp_1=employe_id&sSearch_1=&bRegex_1=false&bSearchable_1=true&bSortable_1=true&mDataProp_2=nick_name&sSearch_2=&bRegex_2=false&bSearchable_2=true&bSortable_2=true&mDataProp_3=department&sSearch_3=&bRegex_3=false&bSearchable_3=true&bSortable_3=true&mDataProp_4=email&sSearch_4=&bRegex_4=false&bSearchable_4=true&bSortable_4=true&mDataProp_5=enable&sSearch_5=&bRegex_5=false&bSearchable_5=true&bSortable_5=true&sSearch=&bRegex=false&iSortCol_0=0&sSortDir_0=asc&iSortingCols=1
SQL: SHOW COLUMNS FROM `employe` [ RunTime:0.0046s ]
SQL: SHOW COLUMNS FROM `employe` [ RunTime:0.0040s ]
SQL: SELECT * FROM `employe`  [ RunTime:0.0002s ]

[ 2015-03-23T09:47:00+08:00 ] ::1 /proj-hotel/core/api.php/getEmployeHandler?sEcho=1&iColumns=6&sColumns=%2C%2C%2C%2C%2C&iDisplayStart=0&iDisplayLength=20&mDataProp_0=id&sSearch_0=&bRegex_0=false&bSearchable_0=true&bSortable_0=true&mDataProp_1=employe_id&sSearch_1=&bRegex_1=false&bSearchable_1=true&bSortable_1=true&mDataProp_2=nick_name&sSearch_2=&bRegex_2=false&bSearchable_2=true&bSortable_2=true&mDataProp_3=department&sSearch_3=&bRegex_3=false&bSearchable_3=true&bSortable_3=true&mDataProp_4=email&sSearch_4=&bRegex_4=false&bSearchable_4=true&bSortable_4=true&mDataProp_5=enable&sSearch_5=&bRegex_5=false&bSearchable_5=true&bSortable_5=true&sSearch=&bRegex=false&iSortCol_0=0&sSortDir_0=asc&iSortingCols=1
SQL: SHOW COLUMNS FROM `employe` [ RunTime:0.0037s ]
SQL: SHOW COLUMNS FROM `employe` [ RunTime:0.0031s ]
SQL: SELECT * FROM `employe`  [ RunTime:0.0002s ]

[ 2015-03-23T09:47:32+08:00 ] ::1 /proj-hotel/core/api.php/getEmployeHandler?sEcho=1&iColumns=6&sColumns=%2C%2C%2C%2C%2C&iDisplayStart=0&iDisplayLength=20&mDataProp_0=id&sSearch_0=&bRegex_0=false&bSearchable_0=true&bSortable_0=true&mDataProp_1=employe_id&sSearch_1=&bRegex_1=false&bSearchable_1=true&bSortable_1=true&mDataProp_2=nick_name&sSearch_2=&bRegex_2=false&bSearchable_2=true&bSortable_2=true&mDataProp_3=department&sSearch_3=&bRegex_3=false&bSearchable_3=true&bSortable_3=true&mDataProp_4=email&sSearch_4=&bRegex_4=false&bSearchable_4=true&bSortable_4=true&mDataProp_5=enable&sSearch_5=&bRegex_5=false&bSearchable_5=true&bSortable_5=true&sSearch=&bRegex=false&iSortCol_0=0&sSortDir_0=asc&iSortingCols=1
SQL: SHOW COLUMNS FROM `employe` [ RunTime:0.0056s ]
SQL: SHOW COLUMNS FROM `employe` [ RunTime:0.0053s ]
SQL: SELECT * FROM `employe`  [ RunTime:0.0003s ]

[ 2015-03-23T09:48:06+08:00 ] ::1 /proj-hotel/core/api.php/getEmployeHandler?sEcho=1&iColumns=6&sColumns=%2C%2C%2C%2C%2C&iDisplayStart=0&iDisplayLength=20&mDataProp_0=employe_id&sSearch_0=&bRegex_0=false&bSearchable_0=true&bSortable_0=true&mDataProp_1=nick_name&sSearch_1=&bRegex_1=false&bSearchable_1=true&bSortable_1=true&mDataProp_2=department&sSearch_2=&bRegex_2=false&bSearchable_2=true&bSortable_2=true&mDataProp_3=email&sSearch_3=&bRegex_3=false&bSearchable_3=true&bSortable_3=true&mDataProp_4=enable&sSearch_4=&bRegex_4=false&bSearchable_4=true&bSortable_4=true&mDataProp_5=id&sSearch_5=&bRegex_5=false&bSearchable_5=true&bSortable_5=true&sSearch=&bRegex=false&iSortCol_0=0&sSortDir_0=asc&iSortingCols=1
SQL: SHOW COLUMNS FROM `employe` [ RunTime:0.0032s ]
SQL: SHOW COLUMNS FROM `employe` [ RunTime:0.0030s ]
SQL: SELECT * FROM `employe`  [ RunTime:0.0002s ]

[ 2015-03-23T09:48:25+08:00 ] ::1 /proj-hotel/core/api.php/getEmployeHandler?sEcho=2&iColumns=6&sColumns=%2C%2C%2C%2C%2C&iDisplayStart=0&iDisplayLength=20&mDataProp_0=employe_id&sSearch_0=&bRegex_0=false&bSearchable_0=true&bSortable_0=true&mDataProp_1=nick_name&sSearch_1=&bRegex_1=false&bSearchable_1=true&bSortable_1=true&mDataProp_2=department&sSearch_2=&bRegex_2=false&bSearchable_2=true&bSortable_2=true&mDataProp_3=email&sSearch_3=&bRegex_3=false&bSearchable_3=true&bSortable_3=true&mDataProp_4=enable&sSearch_4=&bRegex_4=false&bSearchable_4=true&bSortable_4=true&mDataProp_5=id&sSearch_5=&bRegex_5=false&bSearchable_5=true&bSortable_5=true&sSearch=&bRegex=false&iSortCol_0=2&sSortDir_0=asc&iSortingCols=1
SQL: SHOW COLUMNS FROM `employe` [ RunTime:0.0090s ]
SQL: SHOW COLUMNS FROM `employe` [ RunTime:0.0081s ]
SQL: SELECT * FROM `employe`  [ RunTime:0.0006s ]

[ 2015-03-23T09:48:26+08:00 ] ::1 /proj-hotel/core/api.php/getEmployeHandler?sEcho=3&iColumns=6&sColumns=%2C%2C%2C%2C%2C&iDisplayStart=0&iDisplayLength=20&mDataProp_0=employe_id&sSearch_0=&bRegex_0=false&bSearchable_0=true&bSortable_0=true&mDataProp_1=nick_name&sSearch_1=&bRegex_1=false&bSearchable_1=true&bSortable_1=true&mDataProp_2=department&sSearch_2=&bRegex_2=false&bSearchable_2=true&bSortable_2=true&mDataProp_3=email&sSearch_3=&bRegex_3=false&bSearchable_3=true&bSortable_3=true&mDataProp_4=enable&sSearch_4=&bRegex_4=false&bSearchable_4=true&bSortable_4=true&mDataProp_5=id&sSearch_5=&bRegex_5=false&bSearchable_5=true&bSortable_5=true&sSearch=&bRegex=false&iSortCol_0=3&sSortDir_0=asc&iSortingCols=1
SQL: SHOW COLUMNS FROM `employe` [ RunTime:0.0081s ]
SQL: SHOW COLUMNS FROM `employe` [ RunTime:0.0076s ]
SQL: SELECT * FROM `employe`  [ RunTime:0.0005s ]

[ 2015-03-23T09:48:27+08:00 ] ::1 /proj-hotel/core/api.php/getEmployeHandler?sEcho=4&iColumns=6&sColumns=%2C%2C%2C%2C%2C&iDisplayStart=0&iDisplayLength=20&mDataProp_0=employe_id&sSearch_0=&bRegex_0=false&bSearchable_0=true&bSortable_0=true&mDataProp_1=nick_name&sSearch_1=&bRegex_1=false&bSearchable_1=true&bSortable_1=true&mDataProp_2=department&sSearch_2=&bRegex_2=false&bSearchable_2=true&bSortable_2=true&mDataProp_3=email&sSearch_3=&bRegex_3=false&bSearchable_3=true&bSortable_3=true&mDataProp_4=enable&sSearch_4=&bRegex_4=false&bSearchable_4=true&bSortable_4=true&mDataProp_5=id&sSearch_5=&bRegex_5=false&bSearchable_5=true&bSortable_5=true&sSearch=&bRegex=false&iSortCol_0=4&sSortDir_0=asc&iSortingCols=1
SQL: SHOW COLUMNS FROM `employe` [ RunTime:0.0101s ]
SQL: SHOW COLUMNS FROM `employe` [ RunTime:0.0096s ]
SQL: SELECT * FROM `employe`  [ RunTime:0.0006s ]

[ 2015-03-23T09:48:29+08:00 ] ::1 /proj-hotel/core/api.php/getEmployeHandler?sEcho=5&iColumns=6&sColumns=%2C%2C%2C%2C%2C&iDisplayStart=0&iDisplayLength=20&mDataProp_0=employe_id&sSearch_0=&bRegex_0=false&bSearchable_0=true&bSortable_0=true&mDataProp_1=nick_name&sSearch_1=&bRegex_1=false&bSearchable_1=true&bSortable_1=true&mDataProp_2=department&sSearch_2=&bRegex_2=false&bSearchable_2=true&bSortable_2=true&mDataProp_3=email&sSearch_3=&bRegex_3=false&bSearchable_3=true&bSortable_3=true&mDataProp_4=enable&sSearch_4=&bRegex_4=false&bSearchable_4=true&bSortable_4=true&mDataProp_5=id&sSearch_5=&bRegex_5=false&bSearchable_5=true&bSortable_5=true&sSearch=&bRegex=false&iSortCol_0=2&sSortDir_0=asc&iSortingCols=1
SQL: SHOW COLUMNS FROM `employe` [ RunTime:0.0105s ]
SQL: SHOW COLUMNS FROM `employe` [ RunTime:0.0101s ]
SQL: SELECT * FROM `employe`  [ RunTime:0.0006s ]

[ 2015-03-23T09:48:31+08:00 ] ::1 /proj-hotel/core/api.php/getEmployeHandler?sEcho=6&iColumns=6&sColumns=%2C%2C%2C%2C%2C&iDisplayStart=0&iDisplayLength=20&mDataProp_0=employe_id&sSearch_0=&bRegex_0=false&bSearchable_0=true&bSortable_0=true&mDataProp_1=nick_name&sSearch_1=&bRegex_1=false&bSearchable_1=true&bSortable_1=true&mDataProp_2=department&sSearch_2=&bRegex_2=false&bSearchable_2=true&bSortable_2=true&mDataProp_3=email&sSearch_3=&bRegex_3=false&bSearchable_3=true&bSortable_3=true&mDataProp_4=enable&sSearch_4=&bRegex_4=false&bSearchable_4=true&bSortable_4=true&mDataProp_5=id&sSearch_5=&bRegex_5=false&bSearchable_5=true&bSortable_5=true&sSearch=&bRegex=false&iSortCol_0=2&sSortDir_0=desc&iSortingCols=1
SQL: SHOW COLUMNS FROM `employe` [ RunTime:0.0101s ]
SQL: SHOW COLUMNS FROM `employe` [ RunTime:0.0098s ]
SQL: SELECT * FROM `employe`  [ RunTime:0.0006s ]

[ 2015-03-23T09:48:31+08:00 ] ::1 /proj-hotel/core/api.php/getEmployeHandler?sEcho=7&iColumns=6&sColumns=%2C%2C%2C%2C%2C&iDisplayStart=0&iDisplayLength=20&mDataProp_0=employe_id&sSearch_0=&bRegex_0=false&bSearchable_0=true&bSortable_0=true&mDataProp_1=nick_name&sSearch_1=&bRegex_1=false&bSearchable_1=true&bSortable_1=true&mDataProp_2=department&sSearch_2=&bRegex_2=false&bSearchable_2=true&bSortable_2=true&mDataProp_3=email&sSearch_3=&bRegex_3=false&bSearchable_3=true&bSortable_3=true&mDataProp_4=enable&sSearch_4=&bRegex_4=false&bSearchable_4=true&bSortable_4=true&mDataProp_5=id&sSearch_5=&bRegex_5=false&bSearchable_5=true&bSortable_5=true&sSearch=&bRegex=false&iSortCol_0=3&sSortDir_0=asc&iSortingCols=1
SQL: SHOW COLUMNS FROM `employe` [ RunTime:0.0110s ]
SQL: SHOW COLUMNS FROM `employe` [ RunTime:0.0100s ]
SQL: SELECT * FROM `employe`  [ RunTime:0.0007s ]

[ 2015-03-23T09:48:59+08:00 ] ::1 /proj-hotel/core/api.php/getEmployeHandler?sEcho=8&iColumns=6&sColumns=%2C%2C%2C%2C%2C&iDisplayStart=0&iDisplayLength=50&mDataProp_0=employe_id&sSearch_0=&bRegex_0=false&bSearchable_0=true&bSortable_0=true&mDataProp_1=nick_name&sSearch_1=&bRegex_1=false&bSearchable_1=true&bSortable_1=true&mDataProp_2=department&sSearch_2=&bRegex_2=false&bSearchable_2=true&bSortable_2=true&mDataProp_3=email&sSearch_3=&bRegex_3=false&bSearchable_3=true&bSortable_3=true&mDataProp_4=enable&sSearch_4=&bRegex_4=false&bSearchable_4=true&bSortable_4=true&mDataProp_5=id&sSearch_5=&bRegex_5=false&bSearchable_5=true&bSortable_5=true&sSearch=&bRegex=false&iSortCol_0=3&sSortDir_0=asc&iSortingCols=1
SQL: SHOW COLUMNS FROM `employe` [ RunTime:0.0105s ]
SQL: SHOW COLUMNS FROM `employe` [ RunTime:0.0097s ]
SQL: SELECT * FROM `employe`  [ RunTime:0.0006s ]

[ 2015-03-23T09:50:49+08:00 ] ::1 /proj-hotel/core/api.php/getEmployeHandler?sEcho=1&iColumns=6&sColumns=%2C%2C%2C%2C%2C&iDisplayStart=0&iDisplayLength=20&mDataProp_0=employe_id&sSearch_0=&bRegex_0=false&bSearchable_0=true&bSortable_0=true&mDataProp_1=nick_name&sSearch_1=&bRegex_1=false&bSearchable_1=true&bSortable_1=true&mDataProp_2=department&sSearch_2=&bRegex_2=false&bSearchable_2=true&bSortable_2=true&mDataProp_3=email&sSearch_3=&bRegex_3=false&bSearchable_3=true&bSortable_3=true&mDataProp_4=enable&sSearch_4=&bRegex_4=false&bSearchable_4=true&bSortable_4=true&mDataProp_5=id&sSearch_5=&bRegex_5=false&bSearchable_5=true&bSortable_5=true&sSearch=&bRegex=false&iSortCol_0=0&sSortDir_0=asc&iSortingCols=1
SQL: SHOW COLUMNS FROM `employe` [ RunTime:0.0039s ]
SQL: SHOW COLUMNS FROM `employe` [ RunTime:0.0045s ]
SQL: SELECT * FROM `employe`  [ RunTime:0.0002s ]

[ 2015-03-23T09:50:53+08:00 ] ::1 /proj-hotel/core/api.php/getEmployeHandler?sEcho=1&iColumns=6&sColumns=%2C%2C%2C%2C%2C&iDisplayStart=0&iDisplayLength=20&mDataProp_0=employe_id&sSearch_0=&bRegex_0=false&bSearchable_0=true&bSortable_0=true&mDataProp_1=nick_name&sSearch_1=&bRegex_1=false&bSearchable_1=true&bSortable_1=true&mDataProp_2=department&sSearch_2=&bRegex_2=false&bSearchable_2=true&bSortable_2=true&mDataProp_3=email&sSearch_3=&bRegex_3=false&bSearchable_3=true&bSortable_3=true&mDataProp_4=enable&sSearch_4=&bRegex_4=false&bSearchable_4=true&bSortable_4=true&mDataProp_5=id&sSearch_5=&bRegex_5=false&bSearchable_5=true&bSortable_5=true&sSearch=&bRegex=false&iSortCol_0=0&sSortDir_0=asc&iSortingCols=1
SQL: SHOW COLUMNS FROM `employe` [ RunTime:0.0038s ]
SQL: SHOW COLUMNS FROM `employe` [ RunTime:0.0036s ]
SQL: SELECT * FROM `employe`  [ RunTime:0.0002s ]

[ 2015-03-23T09:51:55+08:00 ] ::1 /proj-hotel/core/api.php/getEmployeHandler?sEcho=1&iColumns=6&sColumns=%2C%2C%2C%2C%2C&iDisplayStart=0&iDisplayLength=20&mDataProp_0=employe_id&sSearch_0=&bRegex_0=false&bSearchable_0=true&bSortable_0=true&mDataProp_1=nick_name&sSearch_1=&bRegex_1=false&bSearchable_1=true&bSortable_1=true&mDataProp_2=department&sSearch_2=&bRegex_2=false&bSearchable_2=true&bSortable_2=true&mDataProp_3=email&sSearch_3=&bRegex_3=false&bSearchable_3=true&bSortable_3=true&mDataProp_4=enable&sSearch_4=&bRegex_4=false&bSearchable_4=true&bSortable_4=true&mDataProp_5=id&sSearch_5=&bRegex_5=false&bSearchable_5=true&bSortable_5=true&sSearch=&bRegex=false&iSortCol_0=0&sSortDir_0=asc&iSortingCols=1
SQL: SHOW COLUMNS FROM `employe` [ RunTime:0.0040s ]
SQL: SHOW COLUMNS FROM `employe` [ RunTime:0.0043s ]
SQL: SELECT * FROM `employe`  [ RunTime:0.0003s ]

[ 2015-03-23T10:02:55+08:00 ] ::1 /proj-hotel/core/api.php/getEmployeHandler?sEcho=1&iColumns=6&sColumns=%2C%2C%2C%2C%2C&iDisplayStart=0&iDisplayLength=20&mDataProp_0=employe_id&sSearch_0=&bRegex_0=false&bSearchable_0=true&bSortable_0=true&mDataProp_1=nick_name&sSearch_1=&bRegex_1=false&bSearchable_1=true&bSortable_1=true&mDataProp_2=department&sSearch_2=&bRegex_2=false&bSearchable_2=true&bSortable_2=true&mDataProp_3=email&sSearch_3=&bRegex_3=false&bSearchable_3=true&bSortable_3=true&mDataProp_4=enable&sSearch_4=&bRegex_4=false&bSearchable_4=true&bSortable_4=true&mDataProp_5=id&sSearch_5=&bRegex_5=false&bSearchable_5=true&bSortable_5=true&sSearch=&bRegex=false&iSortCol_0=0&sSortDir_0=asc&iSortingCols=1
SQL: SHOW COLUMNS FROM `employe` [ RunTime:0.0061s ]
SQL: SHOW COLUMNS FROM `employe` [ RunTime:0.0049s ]
SQL: SELECT * FROM `employe`  [ RunTime:0.0004s ]

[ 2015-03-23T10:03:58+08:00 ] ::1 /proj-hotel/core/api.php/getEmployeHandler?sEcho=1&iColumns=6&sColumns=%2C%2C%2C%2C%2C&iDisplayStart=0&iDisplayLength=20&mDataProp_0=employe_id&sSearch_0=&bRegex_0=false&bSearchable_0=true&bSortable_0=true&mDataProp_1=nick_name&sSearch_1=&bRegex_1=false&bSearchable_1=true&bSortable_1=true&mDataProp_2=department&sSearch_2=&bRegex_2=false&bSearchable_2=true&bSortable_2=true&mDataProp_3=email&sSearch_3=&bRegex_3=false&bSearchable_3=true&bSortable_3=true&mDataProp_4=enable&sSearch_4=&bRegex_4=false&bSearchable_4=true&bSortable_4=true&mDataProp_5=id&sSearch_5=&bRegex_5=false&bSearchable_5=true&bSortable_5=true&sSearch=&bRegex=false&iSortCol_0=0&sSortDir_0=asc&iSortingCols=1
SQL: SHOW COLUMNS FROM `employe` [ RunTime:0.0046s ]
SQL: SHOW COLUMNS FROM `employe` [ RunTime:0.0035s ]
SQL: SELECT * FROM `employe`  [ RunTime:0.0002s ]

[ 2015-03-23T10:04:56+08:00 ] ::1 /proj-hotel/core/api.php/getEmployeHandler?sEcho=1&iColumns=6&sColumns=%2C%2C%2C%2C%2C&iDisplayStart=0&iDisplayLength=20&mDataProp_0=employe_id&sSearch_0=&bRegex_0=false&bSearchable_0=true&bSortable_0=true&mDataProp_1=nick_name&sSearch_1=&bRegex_1=false&bSearchable_1=true&bSortable_1=true&mDataProp_2=department&sSearch_2=&bRegex_2=false&bSearchable_2=true&bSortable_2=true&mDataProp_3=email&sSearch_3=&bRegex_3=false&bSearchable_3=true&bSortable_3=true&mDataProp_4=enable&sSearch_4=&bRegex_4=false&bSearchable_4=true&bSortable_4=true&mDataProp_5=id&sSearch_5=&bRegex_5=false&bSearchable_5=true&bSortable_5=true&sSearch=&bRegex=false&iSortCol_0=0&sSortDir_0=asc&iSortingCols=1
SQL: SHOW COLUMNS FROM `employe` [ RunTime:0.0038s ]
SQL: SHOW COLUMNS FROM `employe` [ RunTime:0.0036s ]
SQL: SELECT * FROM `employe`  [ RunTime:0.0002s ]

[ 2015-03-23T15:29:42+08:00 ] ::1 /proj-hotel/core/api.php/getEmployeHandler?sEcho=1&iColumns=6&sColumns=%2C%2C%2C%2C%2C&iDisplayStart=0&iDisplayLength=20&mDataProp_0=employe_id&sSearch_0=&bRegex_0=false&bSearchable_0=true&bSortable_0=true&mDataProp_1=nick_name&sSearch_1=&bRegex_1=false&bSearchable_1=true&bSortable_1=true&mDataProp_2=department&sSearch_2=&bRegex_2=false&bSearchable_2=true&bSortable_2=true&mDataProp_3=email&sSearch_3=&bRegex_3=false&bSearchable_3=true&bSortable_3=true&mDataProp_4=enable&sSearch_4=&bRegex_4=false&bSearchable_4=true&bSortable_4=true&mDataProp_5=id&sSearch_5=&bRegex_5=false&bSearchable_5=true&bSortable_5=true&sSearch=&bRegex=false&iSortCol_0=0&sSortDir_0=asc&iSortingCols=1
SQL: SHOW COLUMNS FROM `employe` [ RunTime:0.0054s ]
SQL: SHOW COLUMNS FROM `employe` [ RunTime:0.0041s ]
SQL: SHOW COLUMNS FROM `department` [ RunTime:0.0037s ]
SQL: SELECT * FROM `employe`  [ RunTime:0.0003s ]

[ 2015-03-23T15:30:44+08:00 ] ::1 /proj-hotel/core/api.php/getEmployeHandler?sEcho=1&iColumns=6&sColumns=%2C%2C%2C%2C%2C&iDisplayStart=0&iDisplayLength=20&mDataProp_0=employe_id&sSearch_0=&bRegex_0=false&bSearchable_0=true&bSortable_0=true&mDataProp_1=nick_name&sSearch_1=&bRegex_1=false&bSearchable_1=true&bSortable_1=true&mDataProp_2=department&sSearch_2=&bRegex_2=false&bSearchable_2=true&bSortable_2=true&mDataProp_3=email&sSearch_3=&bRegex_3=false&bSearchable_3=true&bSortable_3=true&mDataProp_4=enable&sSearch_4=&bRegex_4=false&bSearchable_4=true&bSortable_4=true&mDataProp_5=id&sSearch_5=&bRegex_5=false&bSearchable_5=true&bSortable_5=true&sSearch=&bRegex=false&iSortCol_0=0&sSortDir_0=asc&iSortingCols=1
SQL: SHOW COLUMNS FROM `employe` [ RunTime:0.0039s ]
SQL: SHOW COLUMNS FROM `employe` [ RunTime:0.0042s ]
SQL: SELECT e.id,e.username,e.email,e.employe_id,e.nick_name,e.enable,d.name,d.number FROM department AS d,employe AS e WHERE d.id = e.department [ RunTime:0.0004s ]

[ 2015-03-23T16:29:51+08:00 ] ::1 /proj-hotel/core/api.php/getEmployeHandler?sEcho=1&iColumns=6&sColumns=%2C%2C%2C%2C%2C&iDisplayStart=0&iDisplayLength=20&mDataProp_0=employe_id&sSearch_0=&bRegex_0=false&bSearchable_0=true&bSortable_0=true&mDataProp_1=nick_name&sSearch_1=&bRegex_1=false&bSearchable_1=true&bSortable_1=true&mDataProp_2=department&sSearch_2=&bRegex_2=false&bSearchable_2=true&bSortable_2=true&mDataProp_3=email&sSearch_3=&bRegex_3=false&bSearchable_3=true&bSortable_3=true&mDataProp_4=enable&sSearch_4=&bRegex_4=false&bSearchable_4=true&bSortable_4=true&mDataProp_5=id&sSearch_5=&bRegex_5=false&bSearchable_5=true&bSortable_5=true&sSearch=&bRegex=false&iSortCol_0=0&sSortDir_0=asc&iSortingCols=1
SQL: SHOW COLUMNS FROM `employe` [ RunTime:0.0047s ]
SQL: SHOW COLUMNS FROM `employe` [ RunTime:0.0042s ]
SQL: SELECT e.id,e.username,e.email,e.employe_id,e.nick_name,e.enable,d.name,d.number FROM department AS d,employe AS e WHERE d.id = e.department AND e.enable = 1 [ RunTime:0.0004s ]

[ 2015-03-23T16:30:15+08:00 ] ::1 /proj-hotel/core/api.php/getEmployeHandler?sEcho=1&iColumns=6&sColumns=%2C%2C%2C%2C%2C&iDisplayStart=0&iDisplayLength=20&mDataProp_0=employe_id&sSearch_0=&bRegex_0=false&bSearchable_0=true&bSortable_0=true&mDataProp_1=nick_name&sSearch_1=&bRegex_1=false&bSearchable_1=true&bSortable_1=true&mDataProp_2=name&sSearch_2=&bRegex_2=false&bSearchable_2=true&bSortable_2=true&mDataProp_3=email&sSearch_3=&bRegex_3=false&bSearchable_3=true&bSortable_3=true&mDataProp_4=enable&sSearch_4=&bRegex_4=false&bSearchable_4=true&bSortable_4=true&mDataProp_5=id&sSearch_5=&bRegex_5=false&bSearchable_5=true&bSortable_5=true&sSearch=&bRegex=false&iSortCol_0=0&sSortDir_0=asc&iSortingCols=1
SQL: SHOW COLUMNS FROM `employe` [ RunTime:0.0037s ]
SQL: SHOW COLUMNS FROM `employe` [ RunTime:0.0031s ]
SQL: SELECT e.id,e.username,e.email,e.employe_id,e.nick_name,e.enable,d.name,d.number FROM department AS d,employe AS e WHERE d.id = e.department AND e.enable = 1 [ RunTime:0.0003s ]

[ 2015-03-23T16:30:34+08:00 ] ::1 /proj-hotel/core/api.php/getEmployeHandler?sEcho=2&iColumns=6&sColumns=%2C%2C%2C%2C%2C&iDisplayStart=0&iDisplayLength=20&mDataProp_0=employe_id&sSearch_0=&bRegex_0=false&bSearchable_0=true&bSortable_0=true&mDataProp_1=nick_name&sSearch_1=&bRegex_1=false&bSearchable_1=true&bSortable_1=true&mDataProp_2=name&sSearch_2=&bRegex_2=false&bSearchable_2=true&bSortable_2=true&mDataProp_3=email&sSearch_3=&bRegex_3=false&bSearchable_3=true&bSortable_3=true&mDataProp_4=enable&sSearch_4=&bRegex_4=false&bSearchable_4=true&bSortable_4=true&mDataProp_5=id&sSearch_5=&bRegex_5=false&bSearchable_5=true&bSortable_5=true&sSearch=&bRegex=false&iSortCol_0=3&sSortDir_0=asc&iSortingCols=1
SQL: SHOW COLUMNS FROM `employe` [ RunTime:0.0062s ]
SQL: SHOW COLUMNS FROM `employe` [ RunTime:0.0057s ]
SQL: SELECT e.id,e.username,e.email,e.employe_id,e.nick_name,e.enable,d.name,d.number FROM department AS d,employe AS e WHERE d.id = e.department AND e.enable = 1 [ RunTime:0.0005s ]

[ 2015-03-23T16:33:42+08:00 ] ::1 /proj-hotel/core/api.php/getEmployeHandler?sEcho=1&iColumns=6&sColumns=%2C%2C%2C%2C%2C&iDisplayStart=0&iDisplayLength=20&mDataProp_0=employe_id&sSearch_0=&bRegex_0=false&bSearchable_0=true&bSortable_0=true&mDataProp_1=nick_name&sSearch_1=&bRegex_1=false&bSearchable_1=true&bSortable_1=true&mDataProp_2=department&sSearch_2=&bRegex_2=false&bSearchable_2=true&bSortable_2=true&mDataProp_3=email&sSearch_3=&bRegex_3=false&bSearchable_3=true&bSortable_3=true&mDataProp_4=enable&sSearch_4=&bRegex_4=false&bSearchable_4=true&bSortable_4=true&mDataProp_5=id&sSearch_5=&bRegex_5=false&bSearchable_5=true&bSortable_5=true&sSearch=&bRegex=false&iSortCol_0=0&sSortDir_0=asc&iSortingCols=1
SQL: SHOW COLUMNS FROM `employe` [ RunTime:0.0040s ]
SQL: SHOW COLUMNS FROM `employe` [ RunTime:0.0032s ]
SQL: SELECT e.id,e.username,e.email,e.employe_id,e.nick_name,e.enable,d.name,d.number FROM department AS d,employe AS e WHERE d.id = e.department AND e.enable = 1 [ RunTime:0.0003s ]

[ 2015-03-23T16:33:50+08:00 ] ::1 /proj-hotel/core/api.php/getEmployeHandler?sEcho=1&iColumns=6&sColumns=%2C%2C%2C%2C%2C&iDisplayStart=0&iDisplayLength=20&mDataProp_0=employe_id&sSearch_0=&bRegex_0=false&bSearchable_0=true&bSortable_0=true&mDataProp_1=nick_name&sSearch_1=&bRegex_1=false&bSearchable_1=true&bSortable_1=true&mDataProp_2=name&sSearch_2=&bRegex_2=false&bSearchable_2=true&bSortable_2=true&mDataProp_3=email&sSearch_3=&bRegex_3=false&bSearchable_3=true&bSortable_3=true&mDataProp_4=enable&sSearch_4=&bRegex_4=false&bSearchable_4=true&bSortable_4=true&mDataProp_5=id&sSearch_5=&bRegex_5=false&bSearchable_5=true&bSortable_5=true&sSearch=&bRegex=false&iSortCol_0=0&sSortDir_0=asc&iSortingCols=1
SQL: SHOW COLUMNS FROM `employe` [ RunTime:0.0029s ]
SQL: SHOW COLUMNS FROM `employe` [ RunTime:0.0026s ]
SQL: SELECT e.id,e.username,e.email,e.employe_id,e.nick_name,e.enable,d.name,d.number FROM department AS d,employe AS e WHERE d.id = e.department AND e.enable = 1 [ RunTime:0.0002s ]

[ 2015-03-23T16:33:58+08:00 ] ::1 /proj-hotel/core/api.php/getEmployeHandler?sEcho=1&iColumns=6&sColumns=%2C%2C%2C%2C%2C&iDisplayStart=0&iDisplayLength=20&mDataProp_0=employe_id&sSearch_0=&bRegex_0=false&bSearchable_0=true&bSortable_0=true&mDataProp_1=nick_name&sSearch_1=&bRegex_1=false&bSearchable_1=true&bSortable_1=true&mDataProp_2=name&sSearch_2=&bRegex_2=false&bSearchable_2=true&bSortable_2=true&mDataProp_3=email&sSearch_3=&bRegex_3=false&bSearchable_3=true&bSortable_3=true&mDataProp_4=id&sSearch_4=&bRegex_4=false&bSearchable_4=true&bSortable_4=true&mDataProp_5=5&sSearch_5=&bRegex_5=false&bSearchable_5=true&bSortable_5=true&sSearch=&bRegex=false&iSortCol_0=0&sSortDir_0=asc&iSortingCols=1
SQL: SHOW COLUMNS FROM `employe` [ RunTime:0.0028s ]
SQL: SHOW COLUMNS FROM `employe` [ RunTime:0.0026s ]
SQL: SELECT e.id,e.username,e.email,e.employe_id,e.nick_name,e.enable,d.name,d.number FROM department AS d,employe AS e WHERE d.id = e.department AND e.enable = 1 [ RunTime:0.0002s ]

[ 2015-03-23T17:18:35+08:00 ] ::1 /proj-hotel/core/api.php/getEmployeHandler?sEcho=1&iColumns=6&sColumns=%2C%2C%2C%2C%2C&iDisplayStart=0&iDisplayLength=20&mDataProp_0=employe_id&sSearch_0=&bRegex_0=false&bSearchable_0=true&bSortable_0=true&mDataProp_1=nick_name&sSearch_1=&bRegex_1=false&bSearchable_1=true&bSortable_1=true&mDataProp_2=name&sSearch_2=&bRegex_2=false&bSearchable_2=true&bSortable_2=true&mDataProp_3=email&sSearch_3=&bRegex_3=false&bSearchable_3=true&bSortable_3=true&mDataProp_4=enable&sSearch_4=&bRegex_4=false&bSearchable_4=true&bSortable_4=true&mDataProp_5=id&sSearch_5=&bRegex_5=false&bSearchable_5=true&bSortable_5=true&sSearch=&bRegex=false&iSortCol_0=0&sSortDir_0=asc&iSortingCols=1
SQL: SHOW COLUMNS FROM `employe` [ RunTime:0.0045s ]
SQL: SHOW COLUMNS FROM `employe` [ RunTime:0.0038s ]
SQL: SELECT e.id,e.username,e.email,e.employe_id,e.nick_name,e.enable,d.name,d.number FROM department AS d,employe AS e WHERE d.id = e.department AND e.enable = 1 [ RunTime:0.0024s ]

[ 2015-03-23T17:19:03+08:00 ] ::1 /proj-hotel/core/api.php/getEmployeHandler?sEcho=1&iColumns=6&sColumns=%2C%2C%2C%2C%2C&iDisplayStart=0&iDisplayLength=20&mDataProp_0=employe_id&sSearch_0=&bRegex_0=false&bSearchable_0=true&bSortable_0=true&mDataProp_1=nick_name&sSearch_1=&bRegex_1=false&bSearchable_1=true&bSortable_1=true&mDataProp_2=name&sSearch_2=&bRegex_2=false&bSearchable_2=true&bSortable_2=true&mDataProp_3=email&sSearch_3=&bRegex_3=false&bSearchable_3=true&bSortable_3=true&mDataProp_4=enable&sSearch_4=&bRegex_4=false&bSearchable_4=true&bSortable_4=true&mDataProp_5=id&sSearch_5=&bRegex_5=false&bSearchable_5=true&bSortable_5=true&sSearch=&bRegex=false&iSortCol_0=0&sSortDir_0=asc&iSortingCols=1
SQL: SHOW COLUMNS FROM `employe` [ RunTime:0.0031s ]
SQL: SHOW COLUMNS FROM `employe` [ RunTime:0.0024s ]
SQL: SELECT e.id,e.username,e.email,e.employe_id,e.nick_name,e.enable,d.name,d.number FROM department AS d,employe AS e WHERE d.id = e.department AND e.enable = 1 [ RunTime:0.0002s ]

[ 2015-03-23T17:19:28+08:00 ] ::1 /proj-hotel/core/api.php/getEmployeHandler?sEcho=1&iColumns=6&sColumns=%2C%2C%2C%2C%2C&iDisplayStart=0&iDisplayLength=20&mDataProp_0=employe_id&sSearch_0=&bRegex_0=false&bSearchable_0=true&bSortable_0=true&mDataProp_1=nick_name&sSearch_1=&bRegex_1=false&bSearchable_1=true&bSortable_1=true&mDataProp_2=name&sSearch_2=&bRegex_2=false&bSearchable_2=true&bSortable_2=true&mDataProp_3=email&sSearch_3=&bRegex_3=false&bSearchable_3=true&bSortable_3=true&mDataProp_4=id&sSearch_4=&bRegex_4=false&bSearchable_4=true&bSortable_4=true&mDataProp_5=5&sSearch_5=&bRegex_5=false&bSearchable_5=true&bSortable_5=true&sSearch=&bRegex=false&iSortCol_0=0&sSortDir_0=asc&iSortingCols=1
SQL: SHOW COLUMNS FROM `employe` [ RunTime:0.0041s ]
SQL: SHOW COLUMNS FROM `employe` [ RunTime:0.0035s ]
SQL: SELECT e.id,e.username,e.email,e.employe_id,e.nick_name,e.enable,d.name,d.number FROM department AS d,employe AS e WHERE d.id = e.department AND e.enable = 1 [ RunTime:0.0003s ]

[ 2015-03-23T17:19:30+08:00 ] ::1 /proj-hotel/core/api.php/getEmployeHandler?sEcho=1&iColumns=6&sColumns=%2C%2C%2C%2C%2C&iDisplayStart=0&iDisplayLength=20&mDataProp_0=employe_id&sSearch_0=&bRegex_0=false&bSearchable_0=true&bSortable_0=true&mDataProp_1=nick_name&sSearch_1=&bRegex_1=false&bSearchable_1=true&bSortable_1=true&mDataProp_2=name&sSearch_2=&bRegex_2=false&bSearchable_2=true&bSortable_2=true&mDataProp_3=email&sSearch_3=&bRegex_3=false&bSearchable_3=true&bSortable_3=true&mDataProp_4=id&sSearch_4=&bRegex_4=false&bSearchable_4=true&bSortable_4=true&mDataProp_5=5&sSearch_5=&bRegex_5=false&bSearchable_5=true&bSortable_5=true&sSearch=&bRegex=false&iSortCol_0=0&sSortDir_0=asc&iSortingCols=1
SQL: SHOW COLUMNS FROM `employe` [ RunTime:0.0061s ]
SQL: SHOW COLUMNS FROM `employe` [ RunTime:0.0056s ]
SQL: SELECT e.id,e.username,e.email,e.employe_id,e.nick_name,e.enable,d.name,d.number FROM department AS d,employe AS e WHERE d.id = e.department AND e.enable = 1 [ RunTime:0.0005s ]

[ 2015-03-23T17:20:05+08:00 ] ::1 /proj-hotel/core/api.php/getEmployeHandler?sEcho=1&iColumns=5&sColumns=%2C%2C%2C%2C&iDisplayStart=0&iDisplayLength=20&mDataProp_0=employe_id&sSearch_0=&bRegex_0=false&bSearchable_0=true&bSortable_0=true&mDataProp_1=nick_name&sSearch_1=&bRegex_1=false&bSearchable_1=true&bSortable_1=true&mDataProp_2=name&sSearch_2=&bRegex_2=false&bSearchable_2=true&bSortable_2=true&mDataProp_3=email&sSearch_3=&bRegex_3=false&bSearchable_3=true&bSortable_3=true&mDataProp_4=id&sSearch_4=&bRegex_4=false&bSearchable_4=true&bSortable_4=true&sSearch=&bRegex=false&iSortCol_0=0&sSortDir_0=asc&iSortingCols=1
SQL: SHOW COLUMNS FROM `employe` [ RunTime:0.0047s ]
SQL: SHOW COLUMNS FROM `employe` [ RunTime:0.0041s ]
SQL: SELECT e.id,e.username,e.email,e.employe_id,e.nick_name,e.enable,d.name,d.number FROM department AS d,employe AS e WHERE d.id = e.department AND e.enable = 1 [ RunTime:0.0004s ]

[ 2015-03-23T17:23:37+08:00 ] ::1 /proj-hotel/core/api.php/getEmployeHandler?sEcho=1&iColumns=5&sColumns=%2C%2C%2C%2C&iDisplayStart=0&iDisplayLength=20&mDataProp_0=employe_id&sSearch_0=&bRegex_0=false&bSearchable_0=true&bSortable_0=true&mDataProp_1=nick_name&sSearch_1=&bRegex_1=false&bSearchable_1=true&bSortable_1=true&mDataProp_2=name&sSearch_2=&bRegex_2=false&bSearchable_2=true&bSortable_2=true&mDataProp_3=email&sSearch_3=&bRegex_3=false&bSearchable_3=true&bSortable_3=true&mDataProp_4=id&sSearch_4=&bRegex_4=false&bSearchable_4=true&bSortable_4=true&sSearch=&bRegex=false&iSortCol_0=0&sSortDir_0=asc&iSortingCols=1
SQL: SHOW COLUMNS FROM `employe` [ RunTime:0.0046s ]
SQL: SHOW COLUMNS FROM `employe` [ RunTime:0.0044s ]
SQL: SELECT e.id,e.username,e.email,e.employe_id,e.nick_name,e.enable,d.name,d.number FROM department AS d,employe AS e WHERE d.id = e.department AND e.enable = 1 [ RunTime:0.0008s ]

[ 2015-03-23T17:23:42+08:00 ] ::1 /proj-hotel/core/api.php/getEmployeHandler?sEcho=2&iColumns=5&sColumns=%2C%2C%2C%2C&iDisplayStart=20&iDisplayLength=20&mDataProp_0=employe_id&sSearch_0=&bRegex_0=false&bSearchable_0=true&bSortable_0=true&mDataProp_1=nick_name&sSearch_1=&bRegex_1=false&bSearchable_1=true&bSortable_1=true&mDataProp_2=name&sSearch_2=&bRegex_2=false&bSearchable_2=true&bSortable_2=true&mDataProp_3=email&sSearch_3=&bRegex_3=false&bSearchable_3=true&bSortable_3=true&mDataProp_4=id&sSearch_4=&bRegex_4=false&bSearchable_4=true&bSortable_4=true&sSearch=&bRegex=false&iSortCol_0=0&sSortDir_0=asc&iSortingCols=1
SQL: SHOW COLUMNS FROM `employe` [ RunTime:0.0107s ]
SQL: SHOW COLUMNS FROM `employe` [ RunTime:0.0097s ]
SQL: SELECT e.id,e.username,e.email,e.employe_id,e.nick_name,e.enable,d.name,d.number FROM department AS d,employe AS e WHERE d.id = e.department AND e.enable = 1 [ RunTime:0.0018s ]

[ 2015-03-23T17:23:46+08:00 ] ::1 /proj-hotel/core/api.php/getEmployeHandler?sEcho=3&iColumns=5&sColumns=%2C%2C%2C%2C&iDisplayStart=40&iDisplayLength=20&mDataProp_0=employe_id&sSearch_0=&bRegex_0=false&bSearchable_0=true&bSortable_0=true&mDataProp_1=nick_name&sSearch_1=&bRegex_1=false&bSearchable_1=true&bSortable_1=true&mDataProp_2=name&sSearch_2=&bRegex_2=false&bSearchable_2=true&bSortable_2=true&mDataProp_3=email&sSearch_3=&bRegex_3=false&bSearchable_3=true&bSortable_3=true&mDataProp_4=id&sSearch_4=&bRegex_4=false&bSearchable_4=true&bSortable_4=true&sSearch=&bRegex=false&iSortCol_0=0&sSortDir_0=asc&iSortingCols=1
SQL: SHOW COLUMNS FROM `employe` [ RunTime:0.0070s ]
SQL: SHOW COLUMNS FROM `employe` [ RunTime:0.0064s ]
SQL: SELECT e.id,e.username,e.email,e.employe_id,e.nick_name,e.enable,d.name,d.number FROM department AS d,employe AS e WHERE d.id = e.department AND e.enable = 1 [ RunTime:0.0012s ]

[ 2015-03-23T17:23:47+08:00 ] ::1 /proj-hotel/core/api.php/getEmployeHandler?sEcho=4&iColumns=5&sColumns=%2C%2C%2C%2C&iDisplayStart=60&iDisplayLength=20&mDataProp_0=employe_id&sSearch_0=&bRegex_0=false&bSearchable_0=true&bSortable_0=true&mDataProp_1=nick_name&sSearch_1=&bRegex_1=false&bSearchable_1=true&bSortable_1=true&mDataProp_2=name&sSearch_2=&bRegex_2=false&bSearchable_2=true&bSortable_2=true&mDataProp_3=email&sSearch_3=&bRegex_3=false&bSearchable_3=true&bSortable_3=true&mDataProp_4=id&sSearch_4=&bRegex_4=false&bSearchable_4=true&bSortable_4=true&sSearch=&bRegex=false&iSortCol_0=0&sSortDir_0=asc&iSortingCols=1
SQL: SHOW COLUMNS FROM `employe` [ RunTime:0.0069s ]
SQL: SHOW COLUMNS FROM `employe` [ RunTime:0.0069s ]
SQL: SELECT e.id,e.username,e.email,e.employe_id,e.nick_name,e.enable,d.name,d.number FROM department AS d,employe AS e WHERE d.id = e.department AND e.enable = 1 [ RunTime:0.0013s ]

[ 2015-03-23T17:23:55+08:00 ] ::1 /proj-hotel/core/api.php/getEmployeHandler?sEcho=5&iColumns=5&sColumns=%2C%2C%2C%2C&iDisplayStart=0&iDisplayLength=20&mDataProp_0=employe_id&sSearch_0=&bRegex_0=false&bSearchable_0=true&bSortable_0=true&mDataProp_1=nick_name&sSearch_1=&bRegex_1=false&bSearchable_1=true&bSortable_1=true&mDataProp_2=name&sSearch_2=&bRegex_2=false&bSearchable_2=true&bSortable_2=true&mDataProp_3=email&sSearch_3=&bRegex_3=false&bSearchable_3=true&bSortable_3=true&mDataProp_4=id&sSearch_4=&bRegex_4=false&bSearchable_4=true&bSortable_4=true&sSearch=+&bRegex=false&iSortCol_0=0&sSortDir_0=asc&iSortingCols=1
SQL: SHOW COLUMNS FROM `employe` [ RunTime:0.0085s ]
SQL: SHOW COLUMNS FROM `employe` [ RunTime:0.0077s ]
SQL: SELECT e.id,e.username,e.email,e.employe_id,e.nick_name,e.enable,d.name,d.number FROM department AS d,employe AS e WHERE d.id = e.department AND e.enable = 1 [ RunTime:0.0015s ]

[ 2015-03-23T17:23:57+08:00 ] ::1 /proj-hotel/core/api.php/getEmployeHandler?sEcho=6&iColumns=5&sColumns=%2C%2C%2C%2C&iDisplayStart=0&iDisplayLength=20&mDataProp_0=employe_id&sSearch_0=&bRegex_0=false&bSearchable_0=true&bSortable_0=true&mDataProp_1=nick_name&sSearch_1=&bRegex_1=false&bSearchable_1=true&bSortable_1=true&mDataProp_2=name&sSearch_2=&bRegex_2=false&bSearchable_2=true&bSortable_2=true&mDataProp_3=email&sSearch_3=&bRegex_3=false&bSearchable_3=true&bSortable_3=true&mDataProp_4=id&sSearch_4=&bRegex_4=false&bSearchable_4=true&bSortable_4=true&sSearch=%E4%BA%BA%E5%8A%9B&bRegex=false&iSortCol_0=0&sSortDir_0=asc&iSortingCols=1
SQL: SHOW COLUMNS FROM `employe` [ RunTime:0.0084s ]
SQL: SHOW COLUMNS FROM `employe` [ RunTime:0.0078s ]
SQL: SELECT e.id,e.username,e.email,e.employe_id,e.nick_name,e.enable,d.name,d.number FROM department AS d,employe AS e WHERE d.id = e.department AND e.enable = 1 [ RunTime:0.0015s ]

[ 2015-03-23T17:29:20+08:00 ] ::1 /proj-hotel/core/api.php/getEmployeHandler?sEcho=1&iColumns=5&sColumns=%2C%2C%2C%2C&iDisplayStart=0&iDisplayLength=20&mDataProp_0=employe_id&sSearch_0=&bRegex_0=false&bSearchable_0=true&bSortable_0=true&mDataProp_1=nick_name&sSearch_1=&bRegex_1=false&bSearchable_1=true&bSortable_1=true&mDataProp_2=name&sSearch_2=&bRegex_2=false&bSearchable_2=true&bSortable_2=true&mDataProp_3=email&sSearch_3=&bRegex_3=false&bSearchable_3=true&bSortable_3=true&mDataProp_4=id&sSearch_4=&bRegex_4=false&bSearchable_4=true&bSortable_4=true&sSearch=&bRegex=false&iSortCol_0=0&sSortDir_0=asc&iSortingCols=1
SQL: SHOW COLUMNS FROM `employe` [ RunTime:0.0038s ]
SQL: SHOW COLUMNS FROM `employe` [ RunTime:0.0036s ]
SQL: SELECT e.id,e.username,e.email,e.employe_id,e.nick_name,e.enable,d.name,d.number FROM department AS d,employe AS e WHERE d.id = e.department AND e.enable = 1 [ RunTime:0.0007s ]

[ 2015-03-23T17:29:27+08:00 ] ::1 /proj-hotel/core/api.php/getEmployeHandler?sEcho=2&iColumns=5&sColumns=%2C%2C%2C%2C&iDisplayStart=0&iDisplayLength=20&mDataProp_0=employe_id&sSearch_0=&bRegex_0=false&bSearchable_0=true&bSortable_0=true&mDataProp_1=nick_name&sSearch_1=&bRegex_1=false&bSearchable_1=true&bSortable_1=true&mDataProp_2=name&sSearch_2=&bRegex_2=false&bSearchable_2=true&bSortable_2=true&mDataProp_3=email&sSearch_3=&bRegex_3=false&bSearchable_3=true&bSortable_3=true&mDataProp_4=id&sSearch_4=&bRegex_4=false&bSearchable_4=true&bSortable_4=true&sSearch=+&bRegex=false&iSortCol_0=0&sSortDir_0=asc&iSortingCols=1
SQL: SHOW COLUMNS FROM `employe` [ RunTime:0.0039s ]
SQL: SHOW COLUMNS FROM `employe` [ RunTime:0.0034s ]
SQL: SELECT e.id,e.username,e.email,e.employe_id,e.nick_name,e.enable,d.name,d.number FROM department AS d,employe AS e WHERE d.id = e.department AND e.enable = 1 [ RunTime:0.0006s ]

[ 2015-03-23T17:29:29+08:00 ] ::1 /proj-hotel/core/api.php/getEmployeHandler?sEcho=3&iColumns=5&sColumns=%2C%2C%2C%2C&iDisplayStart=0&iDisplayLength=20&mDataProp_0=employe_id&sSearch_0=&bRegex_0=false&bSearchable_0=true&bSortable_0=true&mDataProp_1=nick_name&sSearch_1=&bRegex_1=false&bSearchable_1=true&bSortable_1=true&mDataProp_2=name&sSearch_2=&bRegex_2=false&bSearchable_2=true&bSortable_2=true&mDataProp_3=email&sSearch_3=&bRegex_3=false&bSearchable_3=true&bSortable_3=true&mDataProp_4=id&sSearch_4=&bRegex_4=false&bSearchable_4=true&bSortable_4=true&sSearch=%E4%BA%BA%E5%8A%9B&bRegex=false&iSortCol_0=0&sSortDir_0=asc&iSortingCols=1
SQL: SHOW COLUMNS FROM `employe` [ RunTime:0.0131s ]
SQL: SHOW COLUMNS FROM `employe` [ RunTime:0.0099s ]
SQL: SELECT e.id,e.username,e.email,e.employe_id,e.nick_name,e.enable,d.name,d.number FROM department AS d,employe AS e WHERE d.id = e.department AND e.enable = 1 [ RunTime:0.0018s ]

[ 2015-03-23T17:33:25+08:00 ] ::1 /proj-hotel/core/api.php/getEmployeHandler?sEcho=1&iColumns=5&sColumns=%2C%2C%2C%2C&iDisplayStart=0&iDisplayLength=20&mDataProp_0=employe_id&sSearch_0=&bRegex_0=false&bSearchable_0=true&bSortable_0=true&mDataProp_1=nick_name&sSearch_1=&bRegex_1=false&bSearchable_1=true&bSortable_1=true&mDataProp_2=name&sSearch_2=&bRegex_2=false&bSearchable_2=true&bSortable_2=true&mDataProp_3=email&sSearch_3=&bRegex_3=false&bSearchable_3=true&bSortable_3=true&mDataProp_4=id&sSearch_4=&bRegex_4=false&bSearchable_4=true&bSortable_4=true&sSearch=&bRegex=false&iSortCol_0=0&sSortDir_0=asc&iSortingCols=1
SQL: SHOW COLUMNS FROM `employe` [ RunTime:0.0036s ]
SQL: SHOW COLUMNS FROM `employe` [ RunTime:0.0031s ]
SQL: SELECT e.id,e.username,e.email,e.employe_id,e.nick_name,e.enable,d.name,d.number FROM department AS d,employe AS e WHERE d.id = e.department AND e.enable = 1 [ RunTime:0.0006s ]

[ 2015-03-23T17:33:28+08:00 ] ::1 /proj-hotel/core/api.php/getEmployeHandler?sEcho=2&iColumns=5&sColumns=%2C%2C%2C%2C&iDisplayStart=0&iDisplayLength=20&mDataProp_0=employe_id&sSearch_0=&bRegex_0=false&bSearchable_0=true&bSortable_0=true&mDataProp_1=nick_name&sSearch_1=&bRegex_1=false&bSearchable_1=true&bSortable_1=true&mDataProp_2=name&sSearch_2=&bRegex_2=false&bSearchable_2=true&bSortable_2=true&mDataProp_3=email&sSearch_3=&bRegex_3=false&bSearchable_3=true&bSortable_3=true&mDataProp_4=id&sSearch_4=&bRegex_4=false&bSearchable_4=true&bSortable_4=true&sSearch=+&bRegex=false&iSortCol_0=0&sSortDir_0=asc&iSortingCols=1
SQL: SHOW COLUMNS FROM `employe` [ RunTime:0.0084s ]
SQL: SHOW COLUMNS FROM `employe` [ RunTime:0.0089s ]
ERR: SQLSTATE[42000]: Syntax error or access violation: 1064 You have an error in your SQL syntax; check the manual that corresponds to your MySQL server version for the right syntax to use near 'e.nick_name LIKE '% %'' at line 1

[ 2015-03-23T17:33:30+08:00 ] ::1 /proj-hotel/core/api.php/getEmployeHandler?sEcho=3&iColumns=5&sColumns=%2C%2C%2C%2C&iDisplayStart=0&iDisplayLength=20&mDataProp_0=employe_id&sSearch_0=&bRegex_0=false&bSearchable_0=true&bSortable_0=true&mDataProp_1=nick_name&sSearch_1=&bRegex_1=false&bSearchable_1=true&bSortable_1=true&mDataProp_2=name&sSearch_2=&bRegex_2=false&bSearchable_2=true&bSortable_2=true&mDataProp_3=email&sSearch_3=&bRegex_3=false&bSearchable_3=true&bSortable_3=true&mDataProp_4=id&sSearch_4=&bRegex_4=false&bSearchable_4=true&bSortable_4=true&sSearch=%E4%BA%BA%E5%8A%9B&bRegex=false&iSortCol_0=0&sSortDir_0=asc&iSortingCols=1
SQL: SHOW COLUMNS FROM `employe` [ RunTime:0.0090s ]
SQL: SHOW COLUMNS FROM `employe` [ RunTime:0.0091s ]
ERR: SQLSTATE[42000]: Syntax error or access violation: 1064 You have an error in your SQL syntax; check the manual that corresponds to your MySQL server version for the right syntax to use near 'e.nick_name LIKE '%人力%'' at line 1

[ 2015-03-23T17:34:00+08:00 ] ::1 /proj-hotel/core/api.php/getEmployeHandler?sEcho=1&iColumns=5&sColumns=%2C%2C%2C%2C&iDisplayStart=0&iDisplayLength=20&mDataProp_0=employe_id&sSearch_0=&bRegex_0=false&bSearchable_0=true&bSortable_0=true&mDataProp_1=nick_name&sSearch_1=&bRegex_1=false&bSearchable_1=true&bSortable_1=true&mDataProp_2=name&sSearch_2=&bRegex_2=false&bSearchable_2=true&bSortable_2=true&mDataProp_3=email&sSearch_3=&bRegex_3=false&bSearchable_3=true&bSortable_3=true&mDataProp_4=id&sSearch_4=&bRegex_4=false&bSearchable_4=true&bSortable_4=true&sSearch=&bRegex=false&iSortCol_0=0&sSortDir_0=asc&iSortingCols=1
SQL: SHOW COLUMNS FROM `employe` [ RunTime:0.0031s ]
SQL: SHOW COLUMNS FROM `employe` [ RunTime:0.0027s ]

[ 2015-03-23T17:34:03+08:00 ] ::1 /proj-hotel/core/api.php/getEmployeHandler?sEcho=2&iColumns=5&sColumns=%2C%2C%2C%2C&iDisplayStart=0&iDisplayLength=20&mDataProp_0=employe_id&sSearch_0=&bRegex_0=false&bSearchable_0=true&bSortable_0=true&mDataProp_1=nick_name&sSearch_1=&bRegex_1=false&bSearchable_1=true&bSortable_1=true&mDataProp_2=name&sSearch_2=&bRegex_2=false&bSearchable_2=true&bSortable_2=true&mDataProp_3=email&sSearch_3=&bRegex_3=false&bSearchable_3=true&bSortable_3=true&mDataProp_4=id&sSearch_4=&bRegex_4=false&bSearchable_4=true&bSortable_4=true&sSearch=+&bRegex=false&iSortCol_0=0&sSortDir_0=asc&iSortingCols=1
SQL: SHOW COLUMNS FROM `employe` [ RunTime:0.0032s ]
SQL: SHOW COLUMNS FROM `employe` [ RunTime:0.0025s ]

[ 2015-03-23T17:34:04+08:00 ] ::1 /proj-hotel/core/api.php/getEmployeHandler?sEcho=3&iColumns=5&sColumns=%2C%2C%2C%2C&iDisplayStart=0&iDisplayLength=20&mDataProp_0=employe_id&sSearch_0=&bRegex_0=false&bSearchable_0=true&bSortable_0=true&mDataProp_1=nick_name&sSearch_1=&bRegex_1=false&bSearchable_1=true&bSortable_1=true&mDataProp_2=name&sSearch_2=&bRegex_2=false&bSearchable_2=true&bSortable_2=true&mDataProp_3=email&sSearch_3=&bRegex_3=false&bSearchable_3=true&bSortable_3=true&mDataProp_4=id&sSearch_4=&bRegex_4=false&bSearchable_4=true&bSortable_4=true&sSearch=%E4%BA%BA%E5%8A%9B&bRegex=false&iSortCol_0=0&sSortDir_0=asc&iSortingCols=1
SQL: SHOW COLUMNS FROM `employe` [ RunTime:0.0082s ]
SQL: SHOW COLUMNS FROM `employe` [ RunTime:0.0082s ]

[ 2015-03-23T17:35:06+08:00 ] ::1 /proj-hotel/core/api.php/getEmployeHandler?sEcho=1&iColumns=5&sColumns=%2C%2C%2C%2C&iDisplayStart=0&iDisplayLength=20&mDataProp_0=employe_id&sSearch_0=&bRegex_0=false&bSearchable_0=true&bSortable_0=true&mDataProp_1=nick_name&sSearch_1=&bRegex_1=false&bSearchable_1=true&bSortable_1=true&mDataProp_2=name&sSearch_2=&bRegex_2=false&bSearchable_2=true&bSortable_2=true&mDataProp_3=email&sSearch_3=&bRegex_3=false&bSearchable_3=true&bSortable_3=true&mDataProp_4=id&sSearch_4=&bRegex_4=false&bSearchable_4=true&bSortable_4=true&sSearch=&bRegex=false&iSortCol_0=0&sSortDir_0=asc&iSortingCols=1
SQL: SHOW COLUMNS FROM `employe` [ RunTime:0.0034s ]
SQL: SHOW COLUMNS FROM `employe` [ RunTime:0.0027s ]
SQL: SELECT e.id,e.username,e.email,e.employe_id,e.nick_name,e.enable,d.name,d.number FROM department AS d,employe AS e WHERE d.id = e.department AND e.enable = 1 [ RunTime:0.0004s ]

[ 2015-03-23T17:35:09+08:00 ] ::1 /proj-hotel/core/api.php/getEmployeHandler?sEcho=2&iColumns=5&sColumns=%2C%2C%2C%2C&iDisplayStart=0&iDisplayLength=20&mDataProp_0=employe_id&sSearch_0=&bRegex_0=false&bSearchable_0=true&bSortable_0=true&mDataProp_1=nick_name&sSearch_1=&bRegex_1=false&bSearchable_1=true&bSortable_1=true&mDataProp_2=name&sSearch_2=&bRegex_2=false&bSearchable_2=true&bSortable_2=true&mDataProp_3=email&sSearch_3=&bRegex_3=false&bSearchable_3=true&bSortable_3=true&mDataProp_4=id&sSearch_4=&bRegex_4=false&bSearchable_4=true&bSortable_4=true&sSearch=222&bRegex=false&iSortCol_0=0&sSortDir_0=asc&iSortingCols=1
SQL: SHOW COLUMNS FROM `employe` [ RunTime:0.0110s ]
SQL: SHOW COLUMNS FROM `employe` [ RunTime:0.0102s ]
SQL: SELECT e.id,e.username,e.email,e.employe_id,e.nick_name,e.enable,d.name,d.number FROM department AS d,employe AS e WHERE d.id = e.department AND e.enable = 1 AND e.nick_name LIKE '%222%' [ RunTime:0.0010s ]

[ 2015-03-23T17:35:14+08:00 ] ::1 /proj-hotel/core/api.php/getEmployeHandler?sEcho=3&iColumns=5&sColumns=%2C%2C%2C%2C&iDisplayStart=0&iDisplayLength=20&mDataProp_0=employe_id&sSearch_0=&bRegex_0=false&bSearchable_0=true&bSortable_0=true&mDataProp_1=nick_name&sSearch_1=&bRegex_1=false&bSearchable_1=true&bSortable_1=true&mDataProp_2=name&sSearch_2=&bRegex_2=false&bSearchable_2=true&bSortable_2=true&mDataProp_3=email&sSearch_3=&bRegex_3=false&bSearchable_3=true&bSortable_3=true&mDataProp_4=id&sSearch_4=&bRegex_4=false&bSearchable_4=true&bSortable_4=true&sSearch=2&bRegex=false&iSortCol_0=0&sSortDir_0=asc&iSortingCols=1
SQL: SHOW COLUMNS FROM `employe` [ RunTime:0.0081s ]
SQL: SHOW COLUMNS FROM `employe` [ RunTime:0.0080s ]
SQL: SELECT e.id,e.username,e.email,e.employe_id,e.nick_name,e.enable,d.name,d.number FROM department AS d,employe AS e WHERE d.id = e.department AND e.enable = 1 AND e.nick_name LIKE '%2%' [ RunTime:0.0008s ]

[ 2015-03-23T17:35:15+08:00 ] ::1 /proj-hotel/core/api.php/getEmployeHandler?sEcho=4&iColumns=5&sColumns=%2C%2C%2C%2C&iDisplayStart=0&iDisplayLength=20&mDataProp_0=employe_id&sSearch_0=&bRegex_0=false&bSearchable_0=true&bSortable_0=true&mDataProp_1=nick_name&sSearch_1=&bRegex_1=false&bSearchable_1=true&bSortable_1=true&mDataProp_2=name&sSearch_2=&bRegex_2=false&bSearchable_2=true&bSortable_2=true&mDataProp_3=email&sSearch_3=&bRegex_3=false&bSearchable_3=true&bSortable_3=true&mDataProp_4=id&sSearch_4=&bRegex_4=false&bSearchable_4=true&bSortable_4=true&sSearch=&bRegex=false&iSortCol_0=0&sSortDir_0=asc&iSortingCols=1
SQL: SHOW COLUMNS FROM `employe` [ RunTime:0.0087s ]
SQL: SHOW COLUMNS FROM `employe` [ RunTime:0.0078s ]
SQL: SELECT e.id,e.username,e.email,e.employe_id,e.nick_name,e.enable,d.name,d.number FROM department AS d,employe AS e WHERE d.id = e.department AND e.enable = 1 [ RunTime:0.0014s ]

[ 2015-03-23T17:35:23+08:00 ] ::1 /proj-hotel/core/api.php/getEmployeHandler?sEcho=5&iColumns=5&sColumns=%2C%2C%2C%2C&iDisplayStart=0&iDisplayLength=20&mDataProp_0=employe_id&sSearch_0=&bRegex_0=false&bSearchable_0=true&bSortable_0=true&mDataProp_1=nick_name&sSearch_1=&bRegex_1=false&bSearchable_1=true&bSortable_1=true&mDataProp_2=name&sSearch_2=&bRegex_2=false&bSearchable_2=true&bSortable_2=true&mDataProp_3=email&sSearch_3=&bRegex_3=false&bSearchable_3=true&bSortable_3=true&mDataProp_4=id&sSearch_4=&bRegex_4=false&bSearchable_4=true&bSortable_4=true&sSearch=2&bRegex=false&iSortCol_0=0&sSortDir_0=asc&iSortingCols=1
SQL: SHOW COLUMNS FROM `employe` [ RunTime:0.0103s ]
SQL: SHOW COLUMNS FROM `employe` [ RunTime:0.0096s ]
SQL: SELECT e.id,e.username,e.email,e.employe_id,e.nick_name,e.enable,d.name,d.number FROM department AS d,employe AS e WHERE d.id = e.department AND e.enable = 1 AND e.nick_name LIKE '%2%' [ RunTime:0.0009s ]

[ 2015-03-23T17:35:24+08:00 ] ::1 /proj-hotel/core/api.php/getEmployeHandler?sEcho=6&iColumns=5&sColumns=%2C%2C%2C%2C&iDisplayStart=0&iDisplayLength=20&mDataProp_0=employe_id&sSearch_0=&bRegex_0=false&bSearchable_0=true&bSortable_0=true&mDataProp_1=nick_name&sSearch_1=&bRegex_1=false&bSearchable_1=true&bSortable_1=true&mDataProp_2=name&sSearch_2=&bRegex_2=false&bSearchable_2=true&bSortable_2=true&mDataProp_3=email&sSearch_3=&bRegex_3=false&bSearchable_3=true&bSortable_3=true&mDataProp_4=id&sSearch_4=&bRegex_4=false&bSearchable_4=true&bSortable_4=true&sSearch=22&bRegex=false&iSortCol_0=0&sSortDir_0=asc&iSortingCols=1
SQL: SHOW COLUMNS FROM `employe` [ RunTime:0.0105s ]
SQL: SHOW COLUMNS FROM `employe` [ RunTime:0.0095s ]
SQL: SELECT e.id,e.username,e.email,e.employe_id,e.nick_name,e.enable,d.name,d.number FROM department AS d,employe AS e WHERE d.id = e.department AND e.enable = 1 AND e.nick_name LIKE '%22%' [ RunTime:0.0013s ]

[ 2015-03-23T17:35:25+08:00 ] ::1 /proj-hotel/core/api.php/getEmployeHandler?sEcho=7&iColumns=5&sColumns=%2C%2C%2C%2C&iDisplayStart=0&iDisplayLength=20&mDataProp_0=employe_id&sSearch_0=&bRegex_0=false&bSearchable_0=true&bSortable_0=true&mDataProp_1=nick_name&sSearch_1=&bRegex_1=false&bSearchable_1=true&bSortable_1=true&mDataProp_2=name&sSearch_2=&bRegex_2=false&bSearchable_2=true&bSortable_2=true&mDataProp_3=email&sSearch_3=&bRegex_3=false&bSearchable_3=true&bSortable_3=true&mDataProp_4=id&sSearch_4=&bRegex_4=false&bSearchable_4=true&bSortable_4=true&sSearch=222&bRegex=false&iSortCol_0=0&sSortDir_0=asc&iSortingCols=1
SQL: SHOW COLUMNS FROM `employe` [ RunTime:0.0117s ]
SQL: SHOW COLUMNS FROM `employe` [ RunTime:0.0108s ]
SQL: SELECT e.id,e.username,e.email,e.employe_id,e.nick_name,e.enable,d.name,d.number FROM department AS d,employe AS e WHERE d.id = e.department AND e.enable = 1 AND e.nick_name LIKE '%222%' [ RunTime:0.0010s ]

[ 2015-03-23T17:35:26+08:00 ] ::1 /proj-hotel/core/api.php/getEmployeHandler?sEcho=8&iColumns=5&sColumns=%2C%2C%2C%2C&iDisplayStart=0&iDisplayLength=20&mDataProp_0=employe_id&sSearch_0=&bRegex_0=false&bSearchable_0=true&bSortable_0=true&mDataProp_1=nick_name&sSearch_1=&bRegex_1=false&bSearchable_1=true&bSortable_1=true&mDataProp_2=name&sSearch_2=&bRegex_2=false&bSearchable_2=true&bSortable_2=true&mDataProp_3=email&sSearch_3=&bRegex_3=false&bSearchable_3=true&bSortable_3=true&mDataProp_4=id&sSearch_4=&bRegex_4=false&bSearchable_4=true&bSortable_4=true&sSearch=2222&bRegex=false&iSortCol_0=0&sSortDir_0=asc&iSortingCols=1
SQL: SHOW COLUMNS FROM `employe` [ RunTime:0.0114s ]
SQL: SHOW COLUMNS FROM `employe` [ RunTime:0.0110s ]
SQL: SELECT e.id,e.username,e.email,e.employe_id,e.nick_name,e.enable,d.name,d.number FROM department AS d,employe AS e WHERE d.id = e.department AND e.enable = 1 AND e.nick_name LIKE '%2222%' [ RunTime:0.0010s ]

[ 2015-03-23T17:35:28+08:00 ] ::1 /proj-hotel/core/api.php/getEmployeHandler?sEcho=9&iColumns=5&sColumns=%2C%2C%2C%2C&iDisplayStart=0&iDisplayLength=20&mDataProp_0=employe_id&sSearch_0=&bRegex_0=false&bSearchable_0=true&bSortable_0=true&mDataProp_1=nick_name&sSearch_1=&bRegex_1=false&bSearchable_1=true&bSortable_1=true&mDataProp_2=name&sSearch_2=&bRegex_2=false&bSearchable_2=true&bSortable_2=true&mDataProp_3=email&sSearch_3=&bRegex_3=false&bSearchable_3=true&bSortable_3=true&mDataProp_4=id&sSearch_4=&bRegex_4=false&bSearchable_4=true&bSortable_4=true&sSearch=22222&bRegex=false&iSortCol_0=0&sSortDir_0=asc&iSortingCols=1
SQL: SHOW COLUMNS FROM `employe` [ RunTime:0.0082s ]
SQL: SHOW COLUMNS FROM `employe` [ RunTime:0.0081s ]
SQL: SELECT e.id,e.username,e.email,e.employe_id,e.nick_name,e.enable,d.name,d.number FROM department AS d,employe AS e WHERE d.id = e.department AND e.enable = 1 AND e.nick_name LIKE '%22222%' [ RunTime:0.0008s ]

[ 2015-03-23T17:35:32+08:00 ] ::1 /proj-hotel/core/api.php/getEmployeHandler?sEcho=1&iColumns=5&sColumns=%2C%2C%2C%2C&iDisplayStart=0&iDisplayLength=20&mDataProp_0=employe_id&sSearch_0=&bRegex_0=false&bSearchable_0=true&bSortable_0=true&mDataProp_1=nick_name&sSearch_1=&bRegex_1=false&bSearchable_1=true&bSortable_1=true&mDataProp_2=name&sSearch_2=&bRegex_2=false&bSearchable_2=true&bSortable_2=true&mDataProp_3=email&sSearch_3=&bRegex_3=false&bSearchable_3=true&bSortable_3=true&mDataProp_4=id&sSearch_4=&bRegex_4=false&bSearchable_4=true&bSortable_4=true&sSearch=&bRegex=false&iSortCol_0=0&sSortDir_0=asc&iSortingCols=1
SQL: SHOW COLUMNS FROM `employe` [ RunTime:0.0045s ]
SQL: SHOW COLUMNS FROM `employe` [ RunTime:0.0040s ]
SQL: SELECT e.id,e.username,e.email,e.employe_id,e.nick_name,e.enable,d.name,d.number FROM department AS d,employe AS e WHERE d.id = e.department AND e.enable = 1 [ RunTime:0.0008s ]

[ 2015-03-23T17:52:28+08:00 ] ::1 /proj-hotel/core/api.php/getEmployeHandler?sEcho=1&iColumns=5&sColumns=%2C%2C%2C%2C&iDisplayStart=0&iDisplayLength=20&mDataProp_0=employe_id&sSearch_0=&bRegex_0=false&bSearchable_0=true&bSortable_0=true&mDataProp_1=nick_name&sSearch_1=&bRegex_1=false&bSearchable_1=true&bSortable_1=true&mDataProp_2=name&sSearch_2=&bRegex_2=false&bSearchable_2=true&bSortable_2=true&mDataProp_3=email&sSearch_3=&bRegex_3=false&bSearchable_3=true&bSortable_3=true&mDataProp_4=id&sSearch_4=&bRegex_4=false&bSearchable_4=true&bSortable_4=true&sSearch=&bRegex=false&iSortCol_0=0&sSortDir_0=asc&iSortingCols=1
SQL: SHOW COLUMNS FROM `employe` [ RunTime:0.0034s ]
SQL: SHOW COLUMNS FROM `employe` [ RunTime:0.0028s ]
SQL: SELECT COUNT(id) AS tp_count FROM `employe` LIMIT 1   [ RunTime:0.0002s ]
SQL: SELECT e.id,e.username,e.email,e.employe_id,e.nick_name,e.enable,d.name,d.number FROM department AS d,employe AS e WHERE d.id = e.department AND e.enable = 1 [ RunTime:0.0004s ]
SQL: SELECT e.id,e.username,e.email,e.employe_id,e.nick_name,e.enable,d.name,d.number FROM department AS d,employe AS e WHERE d.id = e.department AND e.enable = 1 ORDER BY e.id DESC  LIMIT 0,20 [ RunTime:0.0024s ]

[ 2015-03-23T17:52:58+08:00 ] ::1 /proj-hotel/core/api.php/getEmployeHandler?sEcho=1&iColumns=5&sColumns=%2C%2C%2C%2C&iDisplayStart=0&iDisplayLength=20&mDataProp_0=employe_id&sSearch_0=&bRegex_0=false&bSearchable_0=true&bSortable_0=true&mDataProp_1=nick_name&sSearch_1=&bRegex_1=false&bSearchable_1=true&bSortable_1=true&mDataProp_2=name&sSearch_2=&bRegex_2=false&bSearchable_2=true&bSortable_2=true&mDataProp_3=email&sSearch_3=&bRegex_3=false&bSearchable_3=true&bSortable_3=true&mDataProp_4=id&sSearch_4=&bRegex_4=false&bSearchable_4=true&bSortable_4=true&sSearch=&bRegex=false&iSortCol_0=0&sSortDir_0=asc&iSortingCols=1
SQL: SHOW COLUMNS FROM `employe` [ RunTime:0.0039s ]
SQL: SHOW COLUMNS FROM `employe` [ RunTime:0.0034s ]
SQL: SELECT COUNT(id) AS tp_count FROM `employe` LIMIT 1   [ RunTime:0.0003s ]
SQL: SELECT e.id,e.username,e.email,e.employe_id,e.nick_name,e.enable,d.name,d.number FROM department AS d,employe AS e WHERE d.id = e.department AND e.enable = 1 [ RunTime:0.0007s ]
SQL: SELECT e.id,e.username,e.email,e.employe_id,e.nick_name,e.enable,d.name,d.number FROM department AS d,employe AS e WHERE d.id = e.department AND e.enable = 1 ORDER BY e.id DESC  LIMIT 0,20 [ RunTime:0.0008s ]

[ 2015-03-23T17:53:11+08:00 ] ::1 /proj-hotel/core/api.php/getEmployeHandler?sEcho=1&iColumns=5&sColumns=%2C%2C%2C%2C&iDisplayStart=0&iDisplayLength=20&mDataProp_0=employe_id&sSearch_0=&bRegex_0=false&bSearchable_0=true&bSortable_0=true&mDataProp_1=nick_name&sSearch_1=&bRegex_1=false&bSearchable_1=true&bSortable_1=true&mDataProp_2=name&sSearch_2=&bRegex_2=false&bSearchable_2=true&bSortable_2=true&mDataProp_3=email&sSearch_3=&bRegex_3=false&bSearchable_3=true&bSortable_3=true&mDataProp_4=id&sSearch_4=&bRegex_4=false&bSearchable_4=true&bSortable_4=true&sSearch=&bRegex=false&iSortCol_0=0&sSortDir_0=asc&iSortingCols=1
SQL: SHOW COLUMNS FROM `employe` [ RunTime:0.0044s ]
SQL: SHOW COLUMNS FROM `employe` [ RunTime:0.0040s ]
SQL: SELECT COUNT(id) AS tp_count FROM `employe` LIMIT 1   [ RunTime:0.0003s ]
SQL: SELECT e.id,e.username,e.email,e.employe_id,e.nick_name,e.enable,d.name,d.number FROM department AS d,employe AS e WHERE d.id = e.department AND e.enable = 1 ORDER BY e.id DESC  LIMIT 0,20 [ RunTime:0.0008s ]

[ 2015-03-23T17:53:18+08:00 ] ::1 /proj-hotel/core/api.php/getEmployeHandler?sEcho=2&iColumns=5&sColumns=%2C%2C%2C%2C&iDisplayStart=0&iDisplayLength=20&mDataProp_0=employe_id&sSearch_0=&bRegex_0=false&bSearchable_0=true&bSortable_0=true&mDataProp_1=nick_name&sSearch_1=&bRegex_1=false&bSearchable_1=true&bSortable_1=true&mDataProp_2=name&sSearch_2=&bRegex_2=false&bSearchable_2=true&bSortable_2=true&mDataProp_3=email&sSearch_3=&bRegex_3=false&bSearchable_3=true&bSortable_3=true&mDataProp_4=id&sSearch_4=&bRegex_4=false&bSearchable_4=true&bSortable_4=true&sSearch=222&bRegex=false&iSortCol_0=0&sSortDir_0=asc&iSortingCols=1
SQL: SHOW COLUMNS FROM `employe` [ RunTime:0.0082s ]
SQL: SHOW COLUMNS FROM `employe` [ RunTime:0.0078s ]
SQL: SELECT e.id,e.username,e.email,e.employe_id,e.nick_name,e.enable,d.name,d.number FROM department AS d,employe AS e WHERE d.id = e.department AND e.enable = 1 AND e.nick_name LIKE '%222%' [ RunTime:0.0008s ]
SQL: SELECT e.id,e.username,e.email,e.employe_id,e.nick_name,e.enable,d.name,d.number FROM department AS d,employe AS e WHERE d.id = e.department AND e.enable = 1 AND e.nick_name LIKE '%222%' ORDER BY e.id DESC  LIMIT 0,20 [ RunTime:0.0010s ]

[ 2015-03-23T17:56:33+08:00 ] ::1 /proj-hotel/core/api.php/getEmployeHandler?sEcho=1&iColumns=5&sColumns=%2C%2C%2C%2C&iDisplayStart=0&iDisplayLength=20&mDataProp_0=employe_id&sSearch_0=&bRegex_0=false&bSearchable_0=true&bSortable_0=true&mDataProp_1=nick_name&sSearch_1=&bRegex_1=false&bSearchable_1=true&bSortable_1=true&mDataProp_2=name&sSearch_2=&bRegex_2=false&bSearchable_2=true&bSortable_2=true&mDataProp_3=email&sSearch_3=&bRegex_3=false&bSearchable_3=true&bSortable_3=true&mDataProp_4=id&sSearch_4=&bRegex_4=false&bSearchable_4=true&bSortable_4=true&sSearch=&bRegex=false&iSortCol_0=0&sSortDir_0=asc&iSortingCols=1
SQL: SHOW COLUMNS FROM `employe` [ RunTime:0.0030s ]
SQL: SHOW COLUMNS FROM `employe` [ RunTime:0.0030s ]
SQL: SELECT COUNT(id) AS tp_count FROM `employe` LIMIT 1   [ RunTime:0.0002s ]
SQL: SELECT e.id,e.username,e.email,e.employe_id,e.nick_name,e.enable,d.name,d.number FROM department AS d,employe AS e WHERE d.id = e.department AND e.enable = 1 ORDER BY e.id DESC  LIMIT 0,20 [ RunTime:0.0005s ]

[ 2015-03-23T17:57:04+08:00 ] ::1 /proj-hotel/core/api.php/getEmployeHandler?sEcho=1&iColumns=5&sColumns=%2C%2C%2C%2C&iDisplayStart=0&iDisplayLength=20&mDataProp_0=employe_id&sSearch_0=&bRegex_0=false&bSearchable_0=true&bSortable_0=true&mDataProp_1=nick_name&sSearch_1=&bRegex_1=false&bSearchable_1=true&bSortable_1=true&mDataProp_2=name&sSearch_2=&bRegex_2=false&bSearchable_2=true&bSortable_2=true&mDataProp_3=email&sSearch_3=&bRegex_3=false&bSearchable_3=true&bSortable_3=true&mDataProp_4=id&sSearch_4=&bRegex_4=false&bSearchable_4=true&bSortable_4=true&sSearch=&bRegex=false&iSortCol_0=0&sSortDir_0=asc&iSortingCols=1
SQL: SHOW COLUMNS FROM `employe` [ RunTime:0.0039s ]
SQL: SHOW COLUMNS FROM `employe` [ RunTime:0.0027s ]
SQL: SELECT COUNT(id) AS tp_count FROM `employe` LIMIT 1   [ RunTime:0.0002s ]
SQL: SELECT e.id,e.username,e.email,e.employe_id,e.nick_name,e.enable,d.name,d.number FROM department AS d,employe AS e WHERE d.id = e.department AND e.enable = 1 ORDER BY e.id DESC  LIMIT 0,20 [ RunTime:0.0005s ]

[ 2015-03-23T17:57:36+08:00 ] ::1 /proj-hotel/core/api.php/getEmployeHandler?sEcho=1&iColumns=5&sColumns=%2C%2C%2C%2C&iDisplayStart=0&iDisplayLength=20&mDataProp_0=employe_id&sSearch_0=&bRegex_0=false&bSearchable_0=true&bSortable_0=true&mDataProp_1=nick_name&sSearch_1=&bRegex_1=false&bSearchable_1=true&bSortable_1=true&mDataProp_2=name&sSearch_2=&bRegex_2=false&bSearchable_2=true&bSortable_2=true&mDataProp_3=email&sSearch_3=&bRegex_3=false&bSearchable_3=true&bSortable_3=true&mDataProp_4=id&sSearch_4=&bRegex_4=false&bSearchable_4=true&bSortable_4=true&sSearch=&bRegex=false&iSortCol_0=0&sSortDir_0=asc&iSortingCols=1
SQL: SHOW COLUMNS FROM `employe` [ RunTime:0.0056s ]
SQL: SHOW COLUMNS FROM `employe` [ RunTime:0.0044s ]
SQL: SELECT COUNT(id) AS tp_count FROM `employe` LIMIT 1   [ RunTime:0.0003s ]
SQL: SELECT e.id,e.username,e.email,e.employe_id,e.nick_name,e.enable,d.name,d.number FROM department AS d,employe AS e WHERE d.id = e.department AND e.enable = 1 ORDER BY e.id DESC  LIMIT 0,20 [ RunTime:0.0008s ]

[ 2015-03-23T17:58:04+08:00 ] ::1 /proj-hotel/core/api.php/getEmployeHandler?sEcho=1&iColumns=5&sColumns=%2C%2C%2C%2C&iDisplayStart=0&iDisplayLength=20&mDataProp_0=employe_id&sSearch_0=&bRegex_0=false&bSearchable_0=true&bSortable_0=true&mDataProp_1=nick_name&sSearch_1=&bRegex_1=false&bSearchable_1=true&bSortable_1=true&mDataProp_2=name&sSearch_2=&bRegex_2=false&bSearchable_2=true&bSortable_2=true&mDataProp_3=email&sSearch_3=&bRegex_3=false&bSearchable_3=true&bSortable_3=true&mDataProp_4=id&sSearch_4=&bRegex_4=false&bSearchable_4=true&bSortable_4=true&sSearch=&bRegex=false&iSortCol_0=0&sSortDir_0=asc&iSortingCols=1
SQL: SHOW COLUMNS FROM `employe` [ RunTime:0.0077s ]
SQL: SHOW COLUMNS FROM `employe` [ RunTime:0.0061s ]
SQL: SELECT COUNT(id) AS tp_count FROM `employe` LIMIT 1   [ RunTime:0.0003s ]
SQL: SELECT e.id,e.username,e.email,e.employe_id,e.nick_name,e.enable,d.name,d.number FROM department AS d,employe AS e WHERE d.id = e.department AND e.enable = 1 ORDER BY e.id DESC  LIMIT 0,20 [ RunTime:0.0007s ]

[ 2015-03-23T17:58:36+08:00 ] ::1 /proj-hotel/core/api.php/getEmployeHandler?sEcho=1&iColumns=5&sColumns=%2C%2C%2C%2C&iDisplayStart=0&iDisplayLength=20&mDataProp_0=employe_id&sSearch_0=&bRegex_0=false&bSearchable_0=true&bSortable_0=true&mDataProp_1=nick_name&sSearch_1=&bRegex_1=false&bSearchable_1=true&bSortable_1=true&mDataProp_2=name&sSearch_2=&bRegex_2=false&bSearchable_2=true&bSortable_2=true&mDataProp_3=email&sSearch_3=&bRegex_3=false&bSearchable_3=true&bSortable_3=true&mDataProp_4=id&sSearch_4=&bRegex_4=false&bSearchable_4=true&bSortable_4=true&sSearch=&bRegex=false&iSortCol_0=0&sSortDir_0=asc&iSortingCols=1
SQL: SHOW COLUMNS FROM `employe` [ RunTime:0.0045s ]
SQL: SHOW COLUMNS FROM `employe` [ RunTime:0.0051s ]
SQL: SELECT COUNT(id) AS tp_count FROM `employe` LIMIT 1   [ RunTime:0.0003s ]
SQL: SELECT e.id,e.username,e.email,e.employe_id,e.nick_name,e.enable,d.name,d.number FROM department AS d,employe AS e WHERE d.id = e.department AND e.enable = 1 ORDER BY e.id DESC  LIMIT 0,20 [ RunTime:0.0007s ]

[ 2015-03-23T17:58:46+08:00 ] ::1 /proj-hotel/core/api.php/getEmployeHandler?sEcho=1&iColumns=5&sColumns=%2C%2C%2C%2C&iDisplayStart=0&iDisplayLength=20&mDataProp_0=employe_id&sSearch_0=&bRegex_0=false&bSearchable_0=true&bSortable_0=true&mDataProp_1=nick_name&sSearch_1=&bRegex_1=false&bSearchable_1=true&bSortable_1=true&mDataProp_2=name&sSearch_2=&bRegex_2=false&bSearchable_2=true&bSortable_2=true&mDataProp_3=email&sSearch_3=&bRegex_3=false&bSearchable_3=true&bSortable_3=true&mDataProp_4=id&sSearch_4=&bRegex_4=false&bSearchable_4=true&bSortable_4=true&sSearch=&bRegex=false&iSortCol_0=0&sSortDir_0=asc&iSortingCols=1
SQL: SHOW COLUMNS FROM `employe` [ RunTime:0.0035s ]
SQL: SHOW COLUMNS FROM `employe` [ RunTime:0.0041s ]
SQL: SELECT COUNT(id) AS tp_count FROM `employe` LIMIT 1   [ RunTime:0.0003s ]
SQL: SELECT e.id,e.username,e.email,e.employe_id,e.nick_name,e.enable,d.name,d.number FROM department AS d,employe AS e WHERE d.id = e.department AND e.enable = 1 ORDER BY e.id DESC  LIMIT 0,20 [ RunTime:0.0007s ]

[ 2015-03-23T18:01:16+08:00 ] ::1 /proj-hotel/core/api.php/getEmployeHandler?sEcho=1&iColumns=5&sColumns=%2C%2C%2C%2C&iDisplayStart=0&iDisplayLength=20&mDataProp_0=employe_id&sSearch_0=&bRegex_0=false&bSearchable_0=true&bSortable_0=true&mDataProp_1=nick_name&sSearch_1=&bRegex_1=false&bSearchable_1=true&bSortable_1=true&mDataProp_2=name&sSearch_2=&bRegex_2=false&bSearchable_2=true&bSortable_2=true&mDataProp_3=email&sSearch_3=&bRegex_3=false&bSearchable_3=true&bSortable_3=true&mDataProp_4=id&sSearch_4=&bRegex_4=false&bSearchable_4=true&bSortable_4=true&sSearch=&bRegex=false&iSortCol_0=0&sSortDir_0=asc&iSortingCols=1
SQL: SHOW COLUMNS FROM `employe` [ RunTime:0.0035s ]
SQL: SHOW COLUMNS FROM `employe` [ RunTime:0.0032s ]
SQL: SELECT COUNT(id) AS tp_count FROM `employe` LIMIT 1   [ RunTime:0.0003s ]
SQL: SELECT e.id,e.username,e.email,e.employe_id,e.nick_name,e.enable,d.name,d.number FROM department AS d,employe AS e WHERE d.id = e.department AND e.enable = 1 ORDER BY e.id DESC  LIMIT 0,20 [ RunTime:0.0004s ]

[ 2015-03-23T18:01:59+08:00 ] ::1 /proj-hotel/core/api.php/getEmployeHandler?sEcho=1&iColumns=5&sColumns=%2C%2C%2C%2C&iDisplayStart=0&iDisplayLength=20&mDataProp_0=employe_id&sSearch_0=&bRegex_0=false&bSearchable_0=true&bSortable_0=true&mDataProp_1=nick_name&sSearch_1=&bRegex_1=false&bSearchable_1=true&bSortable_1=true&mDataProp_2=name&sSearch_2=&bRegex_2=false&bSearchable_2=true&bSortable_2=true&mDataProp_3=email&sSearch_3=&bRegex_3=false&bSearchable_3=true&bSortable_3=true&mDataProp_4=id&sSearch_4=&bRegex_4=false&bSearchable_4=true&bSortable_4=true&sSearch=&bRegex=false&iSortCol_0=0&sSortDir_0=asc&iSortingCols=1
SQL: SHOW COLUMNS FROM `employe` [ RunTime:0.0036s ]
SQL: SHOW COLUMNS FROM `employe` [ RunTime:0.0033s ]
SQL: SELECT COUNT(id) AS tp_count FROM `employe` LIMIT 1   [ RunTime:0.0002s ]
SQL: SELECT e.id,e.username,e.email,e.employe_id,e.nick_name,e.enable,d.name,d.number FROM department AS d,employe AS e WHERE d.id = e.department AND e.enable = 1 ORDER BY e.id DESC  LIMIT 0,20 [ RunTime:0.0005s ]

[ 2015-03-23T18:09:40+08:00 ] ::1 /proj-hotel/core/api.php/getEmployeHandler?sEcho=1&iColumns=5&sColumns=%2C%2C%2C%2C&iDisplayStart=0&iDisplayLength=20&mDataProp_0=employe_id&sSearch_0=&bRegex_0=false&bSearchable_0=true&bSortable_0=true&mDataProp_1=nick_name&sSearch_1=&bRegex_1=false&bSearchable_1=true&bSortable_1=true&mDataProp_2=name&sSearch_2=&bRegex_2=false&bSearchable_2=true&bSortable_2=true&mDataProp_3=email&sSearch_3=&bRegex_3=false&bSearchable_3=true&bSortable_3=true&mDataProp_4=id&sSearch_4=&bRegex_4=false&bSearchable_4=true&bSortable_4=true&sSearch=&bRegex=false&iSortCol_0=0&sSortDir_0=asc&iSortingCols=1
SQL: SHOW COLUMNS FROM `employe` [ RunTime:0.0046s ]
SQL: SHOW COLUMNS FROM `employe` [ RunTime:0.0040s ]
SQL: SELECT COUNT(id) AS tp_count FROM `employe` LIMIT 1   [ RunTime:0.0003s ]
SQL: SELECT e.id,e.username,e.email,e.employe_id,e.nick_name,e.enable,d.name,d.number FROM department AS d,employe AS e WHERE d.id = e.department AND e.enable = 1 ORDER BY e.id DESC  LIMIT 0,20 [ RunTime:0.0008s ]

[ 2015-03-23T18:09:53+08:00 ] ::1 /proj-hotel/core/api.php/getEmployeHandler?sEcho=1&iColumns=5&sColumns=%2C%2C%2C%2C&iDisplayStart=0&iDisplayLength=20&mDataProp_0=employe_id&sSearch_0=&bRegex_0=false&bSearchable_0=true&bSortable_0=true&mDataProp_1=nick_name&sSearch_1=&bRegex_1=false&bSearchable_1=true&bSortable_1=true&mDataProp_2=name&sSearch_2=&bRegex_2=false&bSearchable_2=true&bSortable_2=true&mDataProp_3=email&sSearch_3=&bRegex_3=false&bSearchable_3=true&bSortable_3=true&mDataProp_4=id&sSearch_4=&bRegex_4=false&bSearchable_4=true&bSortable_4=true&sSearch=&bRegex=false&iSortCol_0=0&sSortDir_0=asc&iSortingCols=1
SQL: SHOW COLUMNS FROM `employe` [ RunTime:0.0040s ]
SQL: SHOW COLUMNS FROM `employe` [ RunTime:0.0035s ]
SQL: SELECT COUNT(id) AS tp_count FROM `employe` LIMIT 1   [ RunTime:0.0002s ]
SQL: SELECT e.id,e.username,e.email,e.employe_id,e.nick_name,e.enable,d.name,d.number FROM department AS d,employe AS e WHERE d.id = e.department AND e.enable = 1 ORDER BY e.id DESC  LIMIT 0,20 [ RunTime:0.0006s ]

[ 2015-03-23T18:10:47+08:00 ] ::1 /proj-hotel/core/api.php/getEmployeHandler?sEcho=1&iColumns=5&sColumns=%2C%2C%2C%2C&iDisplayStart=0&iDisplayLength=20&mDataProp_0=employe_id&sSearch_0=&bRegex_0=false&bSearchable_0=true&bSortable_0=true&mDataProp_1=nick_name&sSearch_1=&bRegex_1=false&bSearchable_1=true&bSortable_1=true&mDataProp_2=name&sSearch_2=&bRegex_2=false&bSearchable_2=true&bSortable_2=true&mDataProp_3=email&sSearch_3=&bRegex_3=false&bSearchable_3=true&bSortable_3=true&mDataProp_4=id&sSearch_4=&bRegex_4=false&bSearchable_4=true&bSortable_4=true&sSearch=&bRegex=false&iSortCol_0=0&sSortDir_0=asc&iSortingCols=1
SQL: SHOW COLUMNS FROM `employe` [ RunTime:0.0054s ]
SQL: SHOW COLUMNS FROM `employe` [ RunTime:0.0043s ]
SQL: SELECT COUNT(id) AS tp_count FROM `employe` LIMIT 1   [ RunTime:0.0003s ]
SQL: SELECT e.id,e.username,e.email,e.employe_id,e.nick_name,e.enable,d.name,d.number FROM department AS d,employe AS e WHERE d.id = e.department AND e.enable = 1 ORDER BY e.id DESC  LIMIT 0,20 [ RunTime:0.0007s ]

[ 2015-03-23T18:34:45+08:00 ] ::1 /proj-hotel/core/api.php/getEmployeHandler?sEcho=1&iColumns=5&sColumns=%2C%2C%2C%2C&iDisplayStart=0&iDisplayLength=20&mDataProp_0=employe_id&sSearch_0=&bRegex_0=false&bSearchable_0=true&bSortable_0=true&mDataProp_1=nick_name&sSearch_1=&bRegex_1=false&bSearchable_1=true&bSortable_1=true&mDataProp_2=name&sSearch_2=&bRegex_2=false&bSearchable_2=true&bSortable_2=true&mDataProp_3=email&sSearch_3=&bRegex_3=false&bSearchable_3=true&bSortable_3=true&mDataProp_4=id&sSearch_4=&bRegex_4=false&bSearchable_4=true&bSortable_4=true&sSearch=&bRegex=false&iSortCol_0=0&sSortDir_0=asc&iSortingCols=1
SQL: SHOW COLUMNS FROM `employe` [ RunTime:0.0040s ]
SQL: SHOW COLUMNS FROM `employe` [ RunTime:0.0038s ]
SQL: SELECT COUNT(id) AS tp_count FROM `employe` LIMIT 1   [ RunTime:0.0003s ]
SQL: SELECT e.id,e.username,e.email,e.employe_id,e.nick_name,e.enable,d.name,d.number FROM department AS d,employe AS e WHERE d.id = e.department AND e.enable = 1 ORDER BY e.id DESC  LIMIT 0,20 [ RunTime:0.0007s ]

[ 2015-03-23T18:35:02+08:00 ] ::1 /proj-hotel/core/api.php/getEmployeHandler?sEcho=1&iColumns=5&sColumns=%2C%2C%2C%2C&iDisplayStart=0&iDisplayLength=20&mDataProp_0=employe_id&sSearch_0=&bRegex_0=false&bSearchable_0=true&bSortable_0=true&mDataProp_1=nick_name&sSearch_1=&bRegex_1=false&bSearchable_1=true&bSortable_1=true&mDataProp_2=name&sSearch_2=&bRegex_2=false&bSearchable_2=true&bSortable_2=true&mDataProp_3=email&sSearch_3=&bRegex_3=false&bSearchable_3=true&bSortable_3=true&mDataProp_4=id&sSearch_4=&bRegex_4=false&bSearchable_4=true&bSortable_4=true&sSearch=&bRegex=false&iSortCol_0=0&sSortDir_0=asc&iSortingCols=1
SQL: SHOW COLUMNS FROM `employe` [ RunTime:0.0040s ]
SQL: SHOW COLUMNS FROM `employe` [ RunTime:0.0029s ]
SQL: SELECT COUNT(id) AS tp_count FROM `employe` LIMIT 1   [ RunTime:0.0002s ]
SQL: SELECT e.id,e.username,e.email,e.employe_id,e.nick_name,e.enable,d.name,d.number FROM department AS d,employe AS e WHERE d.id = e.department AND e.enable = 1 ORDER BY e.id DESC  LIMIT 0,20 [ RunTime:0.0005s ]

[ 2015-03-23T18:35:13+08:00 ] ::1 /proj-hotel/core/api.php/getEmployeHandler?sEcho=1&iColumns=5&sColumns=%2C%2C%2C%2C&iDisplayStart=0&iDisplayLength=20&mDataProp_0=employe_id&sSearch_0=&bRegex_0=false&bSearchable_0=true&bSortable_0=true&mDataProp_1=nick_name&sSearch_1=&bRegex_1=false&bSearchable_1=true&bSortable_1=true&mDataProp_2=name&sSearch_2=&bRegex_2=false&bSearchable_2=true&bSortable_2=true&mDataProp_3=email&sSearch_3=&bRegex_3=false&bSearchable_3=true&bSortable_3=true&mDataProp_4=id&sSearch_4=&bRegex_4=false&bSearchable_4=true&bSortable_4=true&sSearch=&bRegex=false&iSortCol_0=0&sSortDir_0=asc&iSortingCols=1
SQL: SHOW COLUMNS FROM `employe` [ RunTime:0.0042s ]
SQL: SHOW COLUMNS FROM `employe` [ RunTime:0.0043s ]
SQL: SELECT COUNT(id) AS tp_count FROM `employe` LIMIT 1   [ RunTime:0.0002s ]
SQL: SELECT e.id,e.username,e.email,e.employe_id,e.nick_name,e.enable,d.name,d.number FROM department AS d,employe AS e WHERE d.id = e.department AND e.enable = 1 ORDER BY e.id DESC  LIMIT 0,20 [ RunTime:0.0007s ]

[ 2015-03-23T20:41:17+08:00 ] ::1 /proj-hotel/core/api.php/login
SQL: SHOW COLUMNS FROM `employe` [ RunTime:0.0116s ]
SQL: SHOW COLUMNS FROM `employe` [ RunTime:0.0115s ]
SQL: SELECT * FROM `employe` WHERE ( username = 'admin' )  [ RunTime:0.0016s ]

[ 2015-03-23T20:41:20+08:00 ] ::1 /proj-hotel/core/api.php/getEmployeHandler?sEcho=1&iColumns=5&sColumns=%2C%2C%2C%2C&iDisplayStart=0&iDisplayLength=20&mDataProp_0=employe_id&sSearch_0=&bRegex_0=false&bSearchable_0=true&bSortable_0=true&mDataProp_1=nick_name&sSearch_1=&bRegex_1=false&bSearchable_1=true&bSortable_1=true&mDataProp_2=name&sSearch_2=&bRegex_2=false&bSearchable_2=true&bSortable_2=true&mDataProp_3=email&sSearch_3=&bRegex_3=false&bSearchable_3=true&bSortable_3=true&mDataProp_4=id&sSearch_4=&bRegex_4=false&bSearchable_4=true&bSortable_4=true&sSearch=&bRegex=false&iSortCol_0=0&sSortDir_0=asc&iSortingCols=1
SQL: SHOW COLUMNS FROM `employe` [ RunTime:0.0111s ]
SQL: SHOW COLUMNS FROM `employe` [ RunTime:0.0107s ]
SQL: SELECT COUNT(id) AS tp_count FROM `employe` LIMIT 1   [ RunTime:0.0007s ]
SQL: SELECT e.id,e.username,e.email,e.employe_id,e.nick_name,e.enable,d.name,d.number FROM department AS d,employe AS e WHERE d.id = e.department AND e.enable = 1 ORDER BY e.id DESC  LIMIT 0,20 [ RunTime:0.0020s ]

