[ 2015-03-24T16:55:30+08:00 ] ::1 /proj-hotel/core/api.php/getDepHandler
SQL: SHOW COLUMNS FROM `department` [ RunTime:0.0059s ]
SQL: SHOW COLUMNS FROM `department` [ RunTime:0.0056s ]
SQL: SELECT * FROM `department`  [ RunTime:0.0003s ]

[ 2015-03-24T16:55:30+08:00 ] ::1 /proj-hotel/core/api.php/getEmployeHandler?sEcho=1&iColumns=5&sColumns=%2C%2C%2C%2C&iDisplayStart=0&iDisplayLength=20&mDataProp_0=employe_id&sSearch_0=&bRegex_0=false&bSearchable_0=true&bSortable_0=true&mDataProp_1=nick_name&sSearch_1=&bRegex_1=false&bSearchable_1=true&bSortable_1=true&mDataProp_2=name&sSearch_2=&bRegex_2=false&bSearchable_2=true&bSortable_2=true&mDataProp_3=email&sSearch_3=&bRegex_3=false&bSearchable_3=true&bSortable_3=true&mDataProp_4=id&sSearch_4=&bRegex_4=false&bSearchable_4=true&bSortable_4=true&sSearch=&bRegex=false&iSortCol_0=0&sSortDir_0=asc&iSortingCols=1
SQL: SHOW COLUMNS FROM `employe` [ RunTime:0.0060s ]
SQL: SHOW COLUMNS FROM `employe` [ RunTime:0.0058s ]
SQL: SELECT COUNT(id) AS tp_count FROM `employe` LIMIT 1   [ RunTime:0.0003s ]
SQL: SELECT e.id,e.username,e.email,e.employe_id,e.nick_name,e.enable,d.id AS d_id,d.name,d.number FROM department AS d,employe AS e WHERE d.id = e.department AND e.enable = 1 ORDER BY e.id DESC  LIMIT 0,20 [ RunTime:0.0010s ]

[ 2015-03-24T16:55:33+08:00 ] ::1 /proj-hotel/core/api.php/saveEmployeHandler
SQL: SHOW COLUMNS FROM `employe` [ RunTime:0.0124s ]
SQL: SHOW COLUMNS FROM `employe` [ RunTime:0.0105s ]

[ 2015-03-24T16:56:15+08:00 ] ::1 /proj-hotel/core/api.php/getDepHandler
SQL: SHOW COLUMNS FROM `department` [ RunTime:0.0036s ]
SQL: SHOW COLUMNS FROM `department` [ RunTime:0.0033s ]
SQL: SELECT * FROM `department`  [ RunTime:0.0002s ]

[ 2015-03-24T16:56:15+08:00 ] ::1 /proj-hotel/core/api.php/getEmployeHandler?sEcho=1&iColumns=5&sColumns=%2C%2C%2C%2C&iDisplayStart=0&iDisplayLength=20&mDataProp_0=employe_id&sSearch_0=&bRegex_0=false&bSearchable_0=true&bSortable_0=true&mDataProp_1=nick_name&sSearch_1=&bRegex_1=false&bSearchable_1=true&bSortable_1=true&mDataProp_2=name&sSearch_2=&bRegex_2=false&bSearchable_2=true&bSortable_2=true&mDataProp_3=email&sSearch_3=&bRegex_3=false&bSearchable_3=true&bSortable_3=true&mDataProp_4=id&sSearch_4=&bRegex_4=false&bSearchable_4=true&bSortable_4=true&sSearch=&bRegex=false&iSortCol_0=0&sSortDir_0=asc&iSortingCols=1
SQL: SHOW COLUMNS FROM `employe` [ RunTime:0.0036s ]
SQL: SHOW COLUMNS FROM `employe` [ RunTime:0.0034s ]
SQL: SELECT COUNT(id) AS tp_count FROM `employe` LIMIT 1   [ RunTime:0.0002s ]
SQL: SELECT e.id,e.username,e.email,e.employe_id,e.nick_name,e.enable,d.id AS d_id,d.name,d.number FROM department AS d,employe AS e WHERE d.id = e.department AND e.enable = 1 ORDER BY e.id DESC  LIMIT 0,20 [ RunTime:0.0006s ]

[ 2015-03-24T16:56:18+08:00 ] ::1 /proj-hotel/core/api.php/saveEmployeHandler
SQL: SHOW COLUMNS FROM `employe` [ RunTime:0.0072s ]
SQL: SHOW COLUMNS FROM `employe` [ RunTime:0.0072s ]
SQL: UPDATE `employe` SET `id`='68',`employe_id`='1000',`nick_name`='管理员4441111',`enable`='1',`email`='admin@localhost.com' WHERE ( id=68 ) [ RunTime:0.0424s ]

[ 2015-03-24T17:02:40+08:00 ] ::1 /proj-hotel/core/api.php/getDepHandler
SQL: SHOW COLUMNS FROM `department` [ RunTime:0.0030s ]
SQL: SHOW COLUMNS FROM `department` [ RunTime:0.0029s ]
SQL: SELECT * FROM `department`  [ RunTime:0.0002s ]

[ 2015-03-24T17:02:40+08:00 ] ::1 /proj-hotel/core/api.php/getEmployeHandler?sEcho=1&iColumns=5&sColumns=%2C%2C%2C%2C&iDisplayStart=0&iDisplayLength=20&mDataProp_0=employe_id&sSearch_0=&bRegex_0=false&bSearchable_0=true&bSortable_0=true&mDataProp_1=nick_name&sSearch_1=&bRegex_1=false&bSearchable_1=true&bSortable_1=true&mDataProp_2=name&sSearch_2=&bRegex_2=false&bSearchable_2=true&bSortable_2=true&mDataProp_3=email&sSearch_3=&bRegex_3=false&bSearchable_3=true&bSortable_3=true&mDataProp_4=id&sSearch_4=&bRegex_4=false&bSearchable_4=true&bSortable_4=true&sSearch=&bRegex=false&iSortCol_0=0&sSortDir_0=asc&iSortingCols=1
SQL: SHOW COLUMNS FROM `employe` [ RunTime:0.0034s ]
SQL: SHOW COLUMNS FROM `employe` [ RunTime:0.0028s ]
SQL: SELECT COUNT(id) AS tp_count FROM `employe` LIMIT 1   [ RunTime:0.0002s ]
SQL: SELECT e.id,e.username,e.email,e.employe_id,e.nick_name,e.enable,d.id AS d_id,d.name,d.number FROM department AS d,employe AS e WHERE d.id = e.department AND e.enable = 1 ORDER BY e.id DESC  LIMIT 0,20 [ RunTime:0.0005s ]

[ 2015-03-24T17:03:43+08:00 ] ::1 /proj-hotel/core/api.php/getDepHandler
SQL: SHOW COLUMNS FROM `department` [ RunTime:0.0059s ]
SQL: SHOW COLUMNS FROM `department` [ RunTime:0.0053s ]
SQL: SELECT * FROM `department`  [ RunTime:0.0004s ]

[ 2015-03-24T17:03:43+08:00 ] ::1 /proj-hotel/core/api.php/getEmployeHandler?sEcho=1&iColumns=5&sColumns=%2C%2C%2C%2C&iDisplayStart=0&iDisplayLength=20&mDataProp_0=employe_id&sSearch_0=&bRegex_0=false&bSearchable_0=true&bSortable_0=true&mDataProp_1=nick_name&sSearch_1=&bRegex_1=false&bSearchable_1=true&bSortable_1=true&mDataProp_2=name&sSearch_2=&bRegex_2=false&bSearchable_2=true&bSortable_2=true&mDataProp_3=email&sSearch_3=&bRegex_3=false&bSearchable_3=true&bSortable_3=true&mDataProp_4=id&sSearch_4=&bRegex_4=false&bSearchable_4=true&bSortable_4=true&sSearch=&bRegex=false&iSortCol_0=0&sSortDir_0=asc&iSortingCols=1
SQL: SHOW COLUMNS FROM `employe` [ RunTime:0.0063s ]
SQL: SHOW COLUMNS FROM `employe` [ RunTime:0.0058s ]
SQL: SELECT COUNT(id) AS tp_count FROM `employe` LIMIT 1   [ RunTime:0.0004s ]
SQL: SELECT e.id,e.username,e.email,e.employe_id,e.nick_name,e.enable,d.id AS d_id,d.name,d.number FROM department AS d,employe AS e WHERE d.id = e.department AND e.enable = 1 ORDER BY e.id DESC  LIMIT 0,20 [ RunTime:0.0011s ]

[ 2015-03-24T17:04:24+08:00 ] ::1 /proj-hotel/core/api.php/getEmployeHandler?sEcho=1&iColumns=5&sColumns=%2C%2C%2C%2C&iDisplayStart=0&iDisplayLength=20&mDataProp_0=employe_id&sSearch_0=&bRegex_0=false&bSearchable_0=true&bSortable_0=true&mDataProp_1=nick_name&sSearch_1=&bRegex_1=false&bSearchable_1=true&bSortable_1=true&mDataProp_2=name&sSearch_2=&bRegex_2=false&bSearchable_2=true&bSortable_2=true&mDataProp_3=email&sSearch_3=&bRegex_3=false&bSearchable_3=true&bSortable_3=true&mDataProp_4=id&sSearch_4=&bRegex_4=false&bSearchable_4=true&bSortable_4=true&sSearch=&bRegex=false&iSortCol_0=0&sSortDir_0=asc&iSortingCols=1
SQL: SHOW COLUMNS FROM `employe` [ RunTime:0.0047s ]
SQL: SHOW COLUMNS FROM `employe` [ RunTime:0.0046s ]
SQL: SELECT COUNT(id) AS tp_count FROM `employe` LIMIT 1   [ RunTime:0.0003s ]
SQL: SELECT e.id,e.username,e.email,e.employe_id,e.nick_name,e.enable,d.id AS d_id,d.name,d.number FROM department AS d,employe AS e WHERE d.id = e.department AND e.enable = 1 ORDER BY e.id DESC  LIMIT 0,20 [ RunTime:0.0008s ]

[ 2015-03-24T17:04:24+08:00 ] ::1 /proj-hotel/core/api.php/getDepHandler
SQL: SHOW COLUMNS FROM `department` [ RunTime:0.0045s ]
SQL: SHOW COLUMNS FROM `department` [ RunTime:0.0035s ]
SQL: SELECT * FROM `department`  [ RunTime:0.0003s ]

[ 2015-03-24T17:04:27+08:00 ] ::1 /proj-hotel/core/api.php/saveEmployeHandler
SQL: SHOW COLUMNS FROM `employe` [ RunTime:0.0061s ]
SQL: SHOW COLUMNS FROM `employe` [ RunTime:0.0055s ]
SQL: UPDATE `employe` SET `id`='68',`employe_id`='1000',`nick_name`='管理员444111111',`enable`='1',`email`='admin@localhost.com' WHERE ( id=68 ) [ RunTime:0.0301s ]

[ 2015-03-24T17:06:21+08:00 ] ::1 /proj-hotel/core/api.php/getDepHandler
SQL: SHOW COLUMNS FROM `department` [ RunTime:0.0049s ]
SQL: SHOW COLUMNS FROM `department` [ RunTime:0.0050s ]
SQL: SELECT * FROM `department`  [ RunTime:0.0003s ]

[ 2015-03-24T17:06:21+08:00 ] ::1 /proj-hotel/core/api.php/getEmployeHandler?sEcho=1&iColumns=5&sColumns=%2C%2C%2C%2C&iDisplayStart=0&iDisplayLength=20&mDataProp_0=employe_id&sSearch_0=&bRegex_0=false&bSearchable_0=true&bSortable_0=true&mDataProp_1=nick_name&sSearch_1=&bRegex_1=false&bSearchable_1=true&bSortable_1=true&mDataProp_2=name&sSearch_2=&bRegex_2=false&bSearchable_2=true&bSortable_2=true&mDataProp_3=email&sSearch_3=&bRegex_3=false&bSearchable_3=true&bSortable_3=true&mDataProp_4=id&sSearch_4=&bRegex_4=false&bSearchable_4=true&bSortable_4=true&sSearch=&bRegex=false&iSortCol_0=0&sSortDir_0=asc&iSortingCols=1
SQL: SHOW COLUMNS FROM `employe` [ RunTime:0.0061s ]
SQL: SHOW COLUMNS FROM `employe` [ RunTime:0.0050s ]
SQL: SELECT COUNT(id) AS tp_count FROM `employe` LIMIT 1   [ RunTime:0.0004s ]
SQL: SELECT e.id,e.username,e.email,e.employe_id,e.nick_name,e.enable,d.id AS d_id,d.name,d.number FROM department AS d,employe AS e WHERE d.id = e.department AND e.enable = 1 ORDER BY e.id DESC  LIMIT 0,20 [ RunTime:0.0009s ]

[ 2015-03-24T17:06:24+08:00 ] ::1 /proj-hotel/core/api.php/saveEmployeHandler
SQL: SHOW COLUMNS FROM `employe` [ RunTime:0.0073s ]
SQL: SHOW COLUMNS FROM `employe` [ RunTime:0.0068s ]
SQL: UPDATE `employe` SET `id`='68',`employe_id`='1000',`nick_name`='管理员444111111',`enable`='1',`email`='admin@localhost.com' WHERE ( id=68 ) [ RunTime:0.0327s ]

[ 2015-03-24T17:07:33+08:00 ] ::1 /proj-hotel/core/api.php/saveEmployeHandler
SQL: SHOW COLUMNS FROM `employe` [ RunTime:0.0080s ]
SQL: SHOW COLUMNS FROM `employe` [ RunTime:0.0071s ]
SQL: UPDATE `employe` SET `id`='68',`employe_id`='1000',`nick_name`='管理员44411111144444',`enable`='1',`email`='admin@localhost.com' WHERE ( id=68 ) [ RunTime:0.0294s ]

[ 2015-03-24T17:07:37+08:00 ] ::1 /proj-hotel/core/api.php/getDepHandler
SQL: SHOW COLUMNS FROM `department` [ RunTime:0.0055s ]
SQL: SHOW COLUMNS FROM `department` [ RunTime:0.0040s ]
SQL: SELECT * FROM `department`  [ RunTime:0.0002s ]

[ 2015-03-24T17:07:37+08:00 ] ::1 /proj-hotel/core/api.php/getEmployeHandler?sEcho=1&iColumns=5&sColumns=%2C%2C%2C%2C&iDisplayStart=0&iDisplayLength=20&mDataProp_0=employe_id&sSearch_0=&bRegex_0=false&bSearchable_0=true&bSortable_0=true&mDataProp_1=nick_name&sSearch_1=&bRegex_1=false&bSearchable_1=true&bSortable_1=true&mDataProp_2=name&sSearch_2=&bRegex_2=false&bSearchable_2=true&bSortable_2=true&mDataProp_3=email&sSearch_3=&bRegex_3=false&bSearchable_3=true&bSortable_3=true&mDataProp_4=id&sSearch_4=&bRegex_4=false&bSearchable_4=true&bSortable_4=true&sSearch=&bRegex=false&iSortCol_0=0&sSortDir_0=asc&iSortingCols=1
SQL: SHOW COLUMNS FROM `employe` [ RunTime:0.0041s ]
SQL: SHOW COLUMNS FROM `employe` [ RunTime:0.0040s ]
SQL: SELECT COUNT(id) AS tp_count FROM `employe` LIMIT 1   [ RunTime:0.0002s ]
SQL: SELECT e.id,e.username,e.email,e.employe_id,e.nick_name,e.enable,d.id AS d_id,d.name,d.number FROM department AS d,employe AS e WHERE d.id = e.department AND e.enable = 1 ORDER BY e.id DESC  LIMIT 0,20 [ RunTime:0.0006s ]

[ 2015-03-24T17:08:33+08:00 ] ::1 /proj-hotel/core/api.php/getDepHandler
SQL: SHOW COLUMNS FROM `department` [ RunTime:0.0043s ]
SQL: SHOW COLUMNS FROM `department` [ RunTime:0.0032s ]
SQL: SELECT * FROM `department`  [ RunTime:0.0002s ]

[ 2015-03-24T17:08:33+08:00 ] ::1 /proj-hotel/core/api.php/getEmployeHandler?sEcho=1&iColumns=5&sColumns=%2C%2C%2C%2C&iDisplayStart=0&iDisplayLength=20&mDataProp_0=employe_id&sSearch_0=&bRegex_0=false&bSearchable_0=true&bSortable_0=true&mDataProp_1=nick_name&sSearch_1=&bRegex_1=false&bSearchable_1=true&bSortable_1=true&mDataProp_2=name&sSearch_2=&bRegex_2=false&bSearchable_2=true&bSortable_2=true&mDataProp_3=email&sSearch_3=&bRegex_3=false&bSearchable_3=true&bSortable_3=true&mDataProp_4=id&sSearch_4=&bRegex_4=false&bSearchable_4=true&bSortable_4=true&sSearch=&bRegex=false&iSortCol_0=0&sSortDir_0=asc&iSortingCols=1
SQL: SHOW COLUMNS FROM `employe` [ RunTime:0.0037s ]
SQL: SHOW COLUMNS FROM `employe` [ RunTime:0.0032s ]
SQL: SELECT COUNT(id) AS tp_count FROM `employe` LIMIT 1   [ RunTime:0.0002s ]
SQL: SELECT e.id,e.username,e.email,e.employe_id,e.nick_name,e.enable,d.id AS d_id,d.name,d.number FROM department AS d,employe AS e WHERE d.id = e.department AND e.enable = 1 ORDER BY e.id DESC  LIMIT 0,20 [ RunTime:0.0006s ]

[ 2015-03-24T17:08:36+08:00 ] ::1 /proj-hotel/core/api.php/saveEmployeHandler
SQL: SHOW COLUMNS FROM `employe` [ RunTime:0.0121s ]
SQL: SHOW COLUMNS FROM `employe` [ RunTime:0.0109s ]
SQL: UPDATE `employe` SET `id`='68',`employe_id`='1000',`nick_name`='管理员4441111114444433333',`enable`='1',`email`='admin@localhost.com' WHERE ( id=68 ) [ RunTime:0.0266s ]

[ 2015-03-24T17:08:38+08:00 ] ::1 /proj-hotel/core/api.php/getEmployeHandler?sEcho=2&iColumns=5&sColumns=%2C%2C%2C%2C&iDisplayStart=0&iDisplayLength=20&mDataProp_0=employe_id&sSearch_0=&bRegex_0=false&bSearchable_0=true&bSortable_0=true&mDataProp_1=nick_name&sSearch_1=&bRegex_1=false&bSearchable_1=true&bSortable_1=true&mDataProp_2=name&sSearch_2=&bRegex_2=false&bSearchable_2=true&bSortable_2=true&mDataProp_3=email&sSearch_3=&bRegex_3=false&bSearchable_3=true&bSortable_3=true&mDataProp_4=id&sSearch_4=&bRegex_4=false&bSearchable_4=true&bSortable_4=true&sSearch=&bRegex=false&iSortCol_0=0&sSortDir_0=asc&iSortingCols=1
SQL: SHOW COLUMNS FROM `employe` [ RunTime:0.0127s ]
SQL: SHOW COLUMNS FROM `employe` [ RunTime:0.0114s ]
SQL: SELECT COUNT(id) AS tp_count FROM `employe` LIMIT 1   [ RunTime:0.0006s ]
SQL: SELECT e.id,e.username,e.email,e.employe_id,e.nick_name,e.enable,d.id AS d_id,d.name,d.number FROM department AS d,employe AS e WHERE d.id = e.department AND e.enable = 1 ORDER BY e.id DESC  LIMIT 0,20 [ RunTime:0.0021s ]

[ 2015-03-24T17:08:38+08:00 ] ::1 /proj-hotel/core/api.php/getEmployeHandler?sEcho=3&iColumns=5&sColumns=%2C%2C%2C%2C&iDisplayStart=0&iDisplayLength=20&mDataProp_0=employe_id&sSearch_0=&bRegex_0=false&bSearchable_0=true&bSortable_0=true&mDataProp_1=nick_name&sSearch_1=&bRegex_1=false&bSearchable_1=true&bSortable_1=true&mDataProp_2=name&sSearch_2=&bRegex_2=false&bSearchable_2=true&bSortable_2=true&mDataProp_3=email&sSearch_3=&bRegex_3=false&bSearchable_3=true&bSortable_3=true&mDataProp_4=id&sSearch_4=&bRegex_4=false&bSearchable_4=true&bSortable_4=true&sSearch=&bRegex=false&iSortCol_0=0&sSortDir_0=asc&iSortingCols=1
SQL: SHOW COLUMNS FROM `employe` [ RunTime:0.0072s ]
SQL: SHOW COLUMNS FROM `employe` [ RunTime:0.0065s ]
SQL: SELECT COUNT(id) AS tp_count FROM `employe` LIMIT 1   [ RunTime:0.0003s ]
SQL: SELECT e.id,e.username,e.email,e.employe_id,e.nick_name,e.enable,d.id AS d_id,d.name,d.number FROM department AS d,employe AS e WHERE d.id = e.department AND e.enable = 1 ORDER BY e.id DESC  LIMIT 0,20 [ RunTime:0.0008s ]

[ 2015-03-24T17:08:44+08:00 ] ::1 /proj-hotel/core/api.php/saveEmployeHandler
SQL: SHOW COLUMNS FROM `employe` [ RunTime:0.0102s ]
SQL: SHOW COLUMNS FROM `employe` [ RunTime:0.0102s ]
SQL: UPDATE `employe` SET `id`='68',`employe_id`='1000',`nick_name`='管理员4441111114444433333',`enable`='1',`email`='admin@localhost.com' WHERE ( id=68 ) [ RunTime:0.0378s ]

[ 2015-03-24T17:08:45+08:00 ] ::1 /proj-hotel/core/api.php/getEmployeHandler?sEcho=4&iColumns=5&sColumns=%2C%2C%2C%2C&iDisplayStart=0&iDisplayLength=20&mDataProp_0=employe_id&sSearch_0=&bRegex_0=false&bSearchable_0=true&bSortable_0=true&mDataProp_1=nick_name&sSearch_1=&bRegex_1=false&bSearchable_1=true&bSortable_1=true&mDataProp_2=name&sSearch_2=&bRegex_2=false&bSearchable_2=true&bSortable_2=true&mDataProp_3=email&sSearch_3=&bRegex_3=false&bSearchable_3=true&bSortable_3=true&mDataProp_4=id&sSearch_4=&bRegex_4=false&bSearchable_4=true&bSortable_4=true&sSearch=&bRegex=false&iSortCol_0=0&sSortDir_0=asc&iSortingCols=1
SQL: SHOW COLUMNS FROM `employe` [ RunTime:0.0150s ]
SQL: SHOW COLUMNS FROM `employe` [ RunTime:0.0078s ]
SQL: SELECT COUNT(id) AS tp_count FROM `employe` LIMIT 1   [ RunTime:0.0005s ]
SQL: SELECT e.id,e.username,e.email,e.employe_id,e.nick_name,e.enable,d.id AS d_id,d.name,d.number FROM department AS d,employe AS e WHERE d.id = e.department AND e.enable = 1 ORDER BY e.id DESC  LIMIT 0,20 [ RunTime:0.0013s ]

[ 2015-03-24T17:08:45+08:00 ] ::1 /proj-hotel/core/api.php/getEmployeHandler?sEcho=5&iColumns=5&sColumns=%2C%2C%2C%2C&iDisplayStart=0&iDisplayLength=20&mDataProp_0=employe_id&sSearch_0=&bRegex_0=false&bSearchable_0=true&bSortable_0=true&mDataProp_1=nick_name&sSearch_1=&bRegex_1=false&bSearchable_1=true&bSortable_1=true&mDataProp_2=name&sSearch_2=&bRegex_2=false&bSearchable_2=true&bSortable_2=true&mDataProp_3=email&sSearch_3=&bRegex_3=false&bSearchable_3=true&bSortable_3=true&mDataProp_4=id&sSearch_4=&bRegex_4=false&bSearchable_4=true&bSortable_4=true&sSearch=&bRegex=false&iSortCol_0=0&sSortDir_0=asc&iSortingCols=1
SQL: SHOW COLUMNS FROM `employe` [ RunTime:0.0059s ]
SQL: SHOW COLUMNS FROM `employe` [ RunTime:0.0057s ]
SQL: SELECT COUNT(id) AS tp_count FROM `employe` LIMIT 1   [ RunTime:0.0003s ]
SQL: SELECT e.id,e.username,e.email,e.employe_id,e.nick_name,e.enable,d.id AS d_id,d.name,d.number FROM department AS d,employe AS e WHERE d.id = e.department AND e.enable = 1 ORDER BY e.id DESC  LIMIT 0,20 [ RunTime:0.0010s ]

[ 2015-03-24T17:08:48+08:00 ] ::1 /proj-hotel/core/api.php/getDepHandler
SQL: SHOW COLUMNS FROM `department` [ RunTime:0.0040s ]
SQL: SHOW COLUMNS FROM `department` [ RunTime:0.0031s ]
SQL: SELECT * FROM `department`  [ RunTime:0.0001s ]

[ 2015-03-24T17:08:48+08:00 ] ::1 /proj-hotel/core/api.php/getEmployeHandler?sEcho=1&iColumns=5&sColumns=%2C%2C%2C%2C&iDisplayStart=0&iDisplayLength=20&mDataProp_0=employe_id&sSearch_0=&bRegex_0=false&bSearchable_0=true&bSortable_0=true&mDataProp_1=nick_name&sSearch_1=&bRegex_1=false&bSearchable_1=true&bSortable_1=true&mDataProp_2=name&sSearch_2=&bRegex_2=false&bSearchable_2=true&bSortable_2=true&mDataProp_3=email&sSearch_3=&bRegex_3=false&bSearchable_3=true&bSortable_3=true&mDataProp_4=id&sSearch_4=&bRegex_4=false&bSearchable_4=true&bSortable_4=true&sSearch=&bRegex=false&iSortCol_0=0&sSortDir_0=asc&iSortingCols=1
SQL: SHOW COLUMNS FROM `employe` [ RunTime:0.0039s ]
SQL: SHOW COLUMNS FROM `employe` [ RunTime:0.0028s ]
SQL: SELECT COUNT(id) AS tp_count FROM `employe` LIMIT 1   [ RunTime:0.0002s ]
SQL: SELECT e.id,e.username,e.email,e.employe_id,e.nick_name,e.enable,d.id AS d_id,d.name,d.number FROM department AS d,employe AS e WHERE d.id = e.department AND e.enable = 1 ORDER BY e.id DESC  LIMIT 0,20 [ RunTime:0.0005s ]

[ 2015-03-24T17:09:38+08:00 ] ::1 /proj-hotel/core/api.php/getDepHandler
SQL: SHOW COLUMNS FROM `department` [ RunTime:0.0041s ]
SQL: SHOW COLUMNS FROM `department` [ RunTime:0.0029s ]
SQL: SELECT * FROM `department`  [ RunTime:0.0002s ]

[ 2015-03-24T17:09:38+08:00 ] ::1 /proj-hotel/core/api.php/getEmployeHandler?sEcho=1&iColumns=5&sColumns=%2C%2C%2C%2C&iDisplayStart=0&iDisplayLength=20&mDataProp_0=employe_id&sSearch_0=&bRegex_0=false&bSearchable_0=true&bSortable_0=true&mDataProp_1=nick_name&sSearch_1=&bRegex_1=false&bSearchable_1=true&bSortable_1=true&mDataProp_2=name&sSearch_2=&bRegex_2=false&bSearchable_2=true&bSortable_2=true&mDataProp_3=email&sSearch_3=&bRegex_3=false&bSearchable_3=true&bSortable_3=true&mDataProp_4=id&sSearch_4=&bRegex_4=false&bSearchable_4=true&bSortable_4=true&sSearch=&bRegex=false&iSortCol_0=0&sSortDir_0=asc&iSortingCols=1
SQL: SHOW COLUMNS FROM `employe` [ RunTime:0.0047s ]
SQL: SHOW COLUMNS FROM `employe` [ RunTime:0.0029s ]
SQL: SELECT COUNT(id) AS tp_count FROM `employe` LIMIT 1   [ RunTime:0.0002s ]
SQL: SELECT e.id,e.username,e.email,e.employe_id,e.nick_name,e.enable,d.id AS d_id,d.name,d.number FROM department AS d,employe AS e WHERE d.id = e.department AND e.enable = 1 ORDER BY e.id DESC  LIMIT 0,20 [ RunTime:0.0005s ]

[ 2015-03-24T17:09:42+08:00 ] ::1 /proj-hotel/core/api.php/saveEmployeHandler
SQL: SHOW COLUMNS FROM `employe` [ RunTime:0.0104s ]
SQL: SHOW COLUMNS FROM `employe` [ RunTime:0.0095s ]
SQL: UPDATE `employe` SET `id`='68',`employe_id`='1000',`nick_name`='管理员4441111114444433333',`department`='3',`enable`='1',`email`='admin@localhost.com' WHERE ( id=68 ) [ RunTime:0.0441s ]

[ 2015-03-24T17:09:44+08:00 ] ::1 /proj-hotel/core/api.php/getEmployeHandler?sEcho=2&iColumns=5&sColumns=%2C%2C%2C%2C&iDisplayStart=0&iDisplayLength=20&mDataProp_0=employe_id&sSearch_0=&bRegex_0=false&bSearchable_0=true&bSortable_0=true&mDataProp_1=nick_name&sSearch_1=&bRegex_1=false&bSearchable_1=true&bSortable_1=true&mDataProp_2=name&sSearch_2=&bRegex_2=false&bSearchable_2=true&bSortable_2=true&mDataProp_3=email&sSearch_3=&bRegex_3=false&bSearchable_3=true&bSortable_3=true&mDataProp_4=id&sSearch_4=&bRegex_4=false&bSearchable_4=true&bSortable_4=true&sSearch=&bRegex=false&iSortCol_0=0&sSortDir_0=asc&iSortingCols=1
SQL: SHOW COLUMNS FROM `employe` [ RunTime:0.0181s ]
SQL: SHOW COLUMNS FROM `employe` [ RunTime:0.0170s ]
SQL: SELECT COUNT(id) AS tp_count FROM `employe` LIMIT 1   [ RunTime:0.0008s ]
SQL: SELECT e.id,e.username,e.email,e.employe_id,e.nick_name,e.enable,d.id AS d_id,d.name,d.number FROM department AS d,employe AS e WHERE d.id = e.department AND e.enable = 1 ORDER BY e.id DESC  LIMIT 0,20 [ RunTime:0.0020s ]

[ 2015-03-24T17:09:45+08:00 ] ::1 /proj-hotel/core/api.php/getEmployeHandler?sEcho=3&iColumns=5&sColumns=%2C%2C%2C%2C&iDisplayStart=0&iDisplayLength=20&mDataProp_0=employe_id&sSearch_0=&bRegex_0=false&bSearchable_0=true&bSortable_0=true&mDataProp_1=nick_name&sSearch_1=&bRegex_1=false&bSearchable_1=true&bSortable_1=true&mDataProp_2=name&sSearch_2=&bRegex_2=false&bSearchable_2=true&bSortable_2=true&mDataProp_3=email&sSearch_3=&bRegex_3=false&bSearchable_3=true&bSortable_3=true&mDataProp_4=id&sSearch_4=&bRegex_4=false&bSearchable_4=true&bSortable_4=true&sSearch=&bRegex=false&iSortCol_0=0&sSortDir_0=asc&iSortingCols=1
SQL: SHOW COLUMNS FROM `employe` [ RunTime:0.0053s ]
SQL: SHOW COLUMNS FROM `employe` [ RunTime:0.0048s ]
SQL: SELECT COUNT(id) AS tp_count FROM `employe` LIMIT 1   [ RunTime:0.0003s ]
SQL: SELECT e.id,e.username,e.email,e.employe_id,e.nick_name,e.enable,d.id AS d_id,d.name,d.number FROM department AS d,employe AS e WHERE d.id = e.department AND e.enable = 1 ORDER BY e.id DESC  LIMIT 0,20 [ RunTime:0.0009s ]

[ 2015-03-24T17:09:51+08:00 ] ::1 /proj-hotel/core/api.php/saveEmployeHandler
SQL: SHOW COLUMNS FROM `employe` [ RunTime:0.0072s ]
SQL: SHOW COLUMNS FROM `employe` [ RunTime:0.0069s ]
SQL: UPDATE `employe` SET `id`='66',`employe_id`='1000',`nick_name`='管理2323',`department`='1',`enable`='1',`email`='admin@localhost.com' WHERE ( id=66 ) [ RunTime:0.0406s ]

[ 2015-03-24T17:09:53+08:00 ] ::1 /proj-hotel/core/api.php/getEmployeHandler?sEcho=4&iColumns=5&sColumns=%2C%2C%2C%2C&iDisplayStart=0&iDisplayLength=20&mDataProp_0=employe_id&sSearch_0=&bRegex_0=false&bSearchable_0=true&bSortable_0=true&mDataProp_1=nick_name&sSearch_1=&bRegex_1=false&bSearchable_1=true&bSortable_1=true&mDataProp_2=name&sSearch_2=&bRegex_2=false&bSearchable_2=true&bSortable_2=true&mDataProp_3=email&sSearch_3=&bRegex_3=false&bSearchable_3=true&bSortable_3=true&mDataProp_4=id&sSearch_4=&bRegex_4=false&bSearchable_4=true&bSortable_4=true&sSearch=&bRegex=false&iSortCol_0=0&sSortDir_0=asc&iSortingCols=1
SQL: SHOW COLUMNS FROM `employe` [ RunTime:0.0072s ]
SQL: SHOW COLUMNS FROM `employe` [ RunTime:0.0058s ]
SQL: SELECT COUNT(id) AS tp_count FROM `employe` LIMIT 1   [ RunTime:0.0004s ]
SQL: SELECT e.id,e.username,e.email,e.employe_id,e.nick_name,e.enable,d.id AS d_id,d.name,d.number FROM department AS d,employe AS e WHERE d.id = e.department AND e.enable = 1 ORDER BY e.id DESC  LIMIT 0,20 [ RunTime:0.0010s ]

[ 2015-03-24T17:09:53+08:00 ] ::1 /proj-hotel/core/api.php/getEmployeHandler?sEcho=5&iColumns=5&sColumns=%2C%2C%2C%2C&iDisplayStart=0&iDisplayLength=20&mDataProp_0=employe_id&sSearch_0=&bRegex_0=false&bSearchable_0=true&bSortable_0=true&mDataProp_1=nick_name&sSearch_1=&bRegex_1=false&bSearchable_1=true&bSortable_1=true&mDataProp_2=name&sSearch_2=&bRegex_2=false&bSearchable_2=true&bSortable_2=true&mDataProp_3=email&sSearch_3=&bRegex_3=false&bSearchable_3=true&bSortable_3=true&mDataProp_4=id&sSearch_4=&bRegex_4=false&bSearchable_4=true&bSortable_4=true&sSearch=&bRegex=false&iSortCol_0=0&sSortDir_0=asc&iSortingCols=1
SQL: SHOW COLUMNS FROM `employe` [ RunTime:0.0044s ]
SQL: SHOW COLUMNS FROM `employe` [ RunTime:0.0037s ]
SQL: SELECT COUNT(id) AS tp_count FROM `employe` LIMIT 1   [ RunTime:0.0003s ]
SQL: SELECT e.id,e.username,e.email,e.employe_id,e.nick_name,e.enable,d.id AS d_id,d.name,d.number FROM department AS d,employe AS e WHERE d.id = e.department AND e.enable = 1 ORDER BY e.id DESC  LIMIT 0,20 [ RunTime:0.0007s ]

[ 2015-03-24T17:10:54+08:00 ] ::1 /proj-hotel/core/api.php/getEmployeHandler?sEcho=1&iColumns=5&sColumns=%2C%2C%2C%2C&iDisplayStart=0&iDisplayLength=20&mDataProp_0=employe_id&sSearch_0=&bRegex_0=false&bSearchable_0=true&bSortable_0=true&mDataProp_1=nick_name&sSearch_1=&bRegex_1=false&bSearchable_1=true&bSortable_1=true&mDataProp_2=name&sSearch_2=&bRegex_2=false&bSearchable_2=true&bSortable_2=true&mDataProp_3=email&sSearch_3=&bRegex_3=false&bSearchable_3=true&bSortable_3=true&mDataProp_4=id&sSearch_4=&bRegex_4=false&bSearchable_4=true&bSortable_4=true&sSearch=&bRegex=false&iSortCol_0=0&sSortDir_0=asc&iSortingCols=1
SQL: SHOW COLUMNS FROM `employe` [ RunTime:0.0042s ]
SQL: SHOW COLUMNS FROM `employe` [ RunTime:0.0042s ]
SQL: SELECT COUNT(id) AS tp_count FROM `employe` LIMIT 1   [ RunTime:0.0003s ]
SQL: SELECT e.id,e.username,e.email,e.employe_id,e.nick_name,e.enable,d.id AS d_id,d.name,d.number FROM department AS d,employe AS e WHERE d.id = e.department AND e.enable = 1 ORDER BY e.id DESC  LIMIT 0,20 [ RunTime:0.0009s ]

[ 2015-03-24T17:10:54+08:00 ] ::1 /proj-hotel/core/api.php/getDepHandler
SQL: SHOW COLUMNS FROM `department` [ RunTime:0.0040s ]
SQL: SHOW COLUMNS FROM `department` [ RunTime:0.0036s ]
SQL: SELECT * FROM `department`  [ RunTime:0.0002s ]

[ 2015-03-24T17:11:08+08:00 ] ::1 /proj-hotel/core/api.php/getEmployeHandler?sEcho=2&iColumns=5&sColumns=%2C%2C%2C%2C&iDisplayStart=20&iDisplayLength=20&mDataProp_0=employe_id&sSearch_0=&bRegex_0=false&bSearchable_0=true&bSortable_0=true&mDataProp_1=nick_name&sSearch_1=&bRegex_1=false&bSearchable_1=true&bSortable_1=true&mDataProp_2=name&sSearch_2=&bRegex_2=false&bSearchable_2=true&bSortable_2=true&mDataProp_3=email&sSearch_3=&bRegex_3=false&bSearchable_3=true&bSortable_3=true&mDataProp_4=id&sSearch_4=&bRegex_4=false&bSearchable_4=true&bSortable_4=true&sSearch=&bRegex=false&iSortCol_0=0&sSortDir_0=asc&iSortingCols=1
SQL: SHOW COLUMNS FROM `employe` [ RunTime:0.0113s ]
SQL: SHOW COLUMNS FROM `employe` [ RunTime:0.0106s ]
SQL: SELECT COUNT(id) AS tp_count FROM `employe` LIMIT 1   [ RunTime:0.0005s ]
SQL: SELECT e.id,e.username,e.email,e.employe_id,e.nick_name,e.enable,d.id AS d_id,d.name,d.number FROM department AS d,employe AS e WHERE d.id = e.department AND e.enable = 1 ORDER BY e.id DESC  LIMIT 20,20 [ RunTime:0.0013s ]

[ 2015-03-24T17:11:09+08:00 ] ::1 /proj-hotel/core/api.php/getEmployeHandler?sEcho=3&iColumns=5&sColumns=%2C%2C%2C%2C&iDisplayStart=40&iDisplayLength=20&mDataProp_0=employe_id&sSearch_0=&bRegex_0=false&bSearchable_0=true&bSortable_0=true&mDataProp_1=nick_name&sSearch_1=&bRegex_1=false&bSearchable_1=true&bSortable_1=true&mDataProp_2=name&sSearch_2=&bRegex_2=false&bSearchable_2=true&bSortable_2=true&mDataProp_3=email&sSearch_3=&bRegex_3=false&bSearchable_3=true&bSortable_3=true&mDataProp_4=id&sSearch_4=&bRegex_4=false&bSearchable_4=true&bSortable_4=true&sSearch=&bRegex=false&iSortCol_0=0&sSortDir_0=asc&iSortingCols=1
SQL: SHOW COLUMNS FROM `employe` [ RunTime:0.0072s ]
SQL: SHOW COLUMNS FROM `employe` [ RunTime:0.0070s ]
SQL: SELECT COUNT(id) AS tp_count FROM `employe` LIMIT 1   [ RunTime:0.0004s ]
SQL: SELECT e.id,e.username,e.email,e.employe_id,e.nick_name,e.enable,d.id AS d_id,d.name,d.number FROM department AS d,employe AS e WHERE d.id = e.department AND e.enable = 1 ORDER BY e.id DESC  LIMIT 40,20 [ RunTime:0.0013s ]

[ 2015-03-24T17:11:09+08:00 ] ::1 /proj-hotel/core/api.php/getEmployeHandler?sEcho=4&iColumns=5&sColumns=%2C%2C%2C%2C&iDisplayStart=60&iDisplayLength=20&mDataProp_0=employe_id&sSearch_0=&bRegex_0=false&bSearchable_0=true&bSortable_0=true&mDataProp_1=nick_name&sSearch_1=&bRegex_1=false&bSearchable_1=true&bSortable_1=true&mDataProp_2=name&sSearch_2=&bRegex_2=false&bSearchable_2=true&bSortable_2=true&mDataProp_3=email&sSearch_3=&bRegex_3=false&bSearchable_3=true&bSortable_3=true&mDataProp_4=id&sSearch_4=&bRegex_4=false&bSearchable_4=true&bSortable_4=true&sSearch=&bRegex=false&iSortCol_0=0&sSortDir_0=asc&iSortingCols=1
SQL: SHOW COLUMNS FROM `employe` [ RunTime:0.0073s ]
SQL: SHOW COLUMNS FROM `employe` [ RunTime:0.0067s ]
SQL: SELECT COUNT(id) AS tp_count FROM `employe` LIMIT 1   [ RunTime:0.0004s ]
SQL: SELECT e.id,e.username,e.email,e.employe_id,e.nick_name,e.enable,d.id AS d_id,d.name,d.number FROM department AS d,employe AS e WHERE d.id = e.department AND e.enable = 1 ORDER BY e.id DESC  LIMIT 60,20 [ RunTime:0.0011s ]

[ 2015-03-24T17:11:13+08:00 ] ::1 /proj-hotel/core/api.php/getEmployeHandler?sEcho=5&iColumns=5&sColumns=%2C%2C%2C%2C&iDisplayStart=40&iDisplayLength=20&mDataProp_0=employe_id&sSearch_0=&bRegex_0=false&bSearchable_0=true&bSortable_0=true&mDataProp_1=nick_name&sSearch_1=&bRegex_1=false&bSearchable_1=true&bSortable_1=true&mDataProp_2=name&sSearch_2=&bRegex_2=false&bSearchable_2=true&bSortable_2=true&mDataProp_3=email&sSearch_3=&bRegex_3=false&bSearchable_3=true&bSortable_3=true&mDataProp_4=id&sSearch_4=&bRegex_4=false&bSearchable_4=true&bSortable_4=true&sSearch=&bRegex=false&iSortCol_0=0&sSortDir_0=asc&iSortingCols=1
SQL: SHOW COLUMNS FROM `employe` [ RunTime:0.0113s ]
SQL: SHOW COLUMNS FROM `employe` [ RunTime:0.0105s ]
SQL: SELECT COUNT(id) AS tp_count FROM `employe` LIMIT 1   [ RunTime:0.0006s ]
SQL: SELECT e.id,e.username,e.email,e.employe_id,e.nick_name,e.enable,d.id AS d_id,d.name,d.number FROM department AS d,employe AS e WHERE d.id = e.department AND e.enable = 1 ORDER BY e.id DESC  LIMIT 40,20 [ RunTime:0.0019s ]

[ 2015-03-24T17:11:15+08:00 ] ::1 /proj-hotel/core/api.php/getEmployeHandler?sEcho=6&iColumns=5&sColumns=%2C%2C%2C%2C&iDisplayStart=0&iDisplayLength=20&mDataProp_0=employe_id&sSearch_0=&bRegex_0=false&bSearchable_0=true&bSortable_0=true&mDataProp_1=nick_name&sSearch_1=&bRegex_1=false&bSearchable_1=true&bSortable_1=true&mDataProp_2=name&sSearch_2=&bRegex_2=false&bSearchable_2=true&bSortable_2=true&mDataProp_3=email&sSearch_3=&bRegex_3=false&bSearchable_3=true&bSortable_3=true&mDataProp_4=id&sSearch_4=&bRegex_4=false&bSearchable_4=true&bSortable_4=true&sSearch=&bRegex=false&iSortCol_0=0&sSortDir_0=asc&iSortingCols=1
SQL: SHOW COLUMNS FROM `employe` [ RunTime:0.0116s ]
SQL: SHOW COLUMNS FROM `employe` [ RunTime:0.0111s ]
SQL: SELECT COUNT(id) AS tp_count FROM `employe` LIMIT 1   [ RunTime:0.0007s ]
SQL: SELECT e.id,e.username,e.email,e.employe_id,e.nick_name,e.enable,d.id AS d_id,d.name,d.number FROM department AS d,employe AS e WHERE d.id = e.department AND e.enable = 1 ORDER BY e.id DESC  LIMIT 0,20 [ RunTime:0.0019s ]

[ 2015-03-24T17:21:54+08:00 ] ::1 /proj-hotel/core/api.php/getEmployeHandler?sEcho=1&iColumns=5&sColumns=%2C%2C%2C%2C&iDisplayStart=0&iDisplayLength=20&mDataProp_0=employe_id&sSearch_0=&bRegex_0=false&bSearchable_0=true&bSortable_0=true&mDataProp_1=nick_name&sSearch_1=&bRegex_1=false&bSearchable_1=true&bSortable_1=true&mDataProp_2=name&sSearch_2=&bRegex_2=false&bSearchable_2=true&bSortable_2=true&mDataProp_3=email&sSearch_3=&bRegex_3=false&bSearchable_3=true&bSortable_3=true&mDataProp_4=id&sSearch_4=&bRegex_4=false&bSearchable_4=true&bSortable_4=true&sSearch=&bRegex=false&iSortCol_0=0&sSortDir_0=asc&iSortingCols=1
SQL: SHOW COLUMNS FROM `employe` [ RunTime:0.0039s ]
SQL: SHOW COLUMNS FROM `employe` [ RunTime:0.0022s ]
SQL: SELECT COUNT(id) AS tp_count FROM `employe` LIMIT 1   [ RunTime:0.0003s ]
SQL: SELECT e.id,e.username,e.email,e.employe_id,e.nick_name,e.enable,d.id AS d_id,d.name,d.number FROM department AS d,employe AS e WHERE d.id = e.department AND e.enable = 1 ORDER BY e.id DESC  LIMIT 0,20 [ RunTime:0.0007s ]

[ 2015-03-24T17:21:54+08:00 ] ::1 /proj-hotel/core/api.php/getDepHandler
SQL: SHOW COLUMNS FROM `department` [ RunTime:0.0032s ]
SQL: SHOW COLUMNS FROM `department` [ RunTime:0.0032s ]
SQL: SELECT * FROM `department`  [ RunTime:0.0002s ]

[ 2015-03-24T17:22:56+08:00 ] ::1 /proj-hotel/core/api.php/getEmployeHandler?sEcho=1&iColumns=5&sColumns=%2C%2C%2C%2C&iDisplayStart=0&iDisplayLength=20&mDataProp_0=employe_id&sSearch_0=&bRegex_0=false&bSearchable_0=true&bSortable_0=true&mDataProp_1=nick_name&sSearch_1=&bRegex_1=false&bSearchable_1=true&bSortable_1=true&mDataProp_2=name&sSearch_2=&bRegex_2=false&bSearchable_2=true&bSortable_2=true&mDataProp_3=email&sSearch_3=&bRegex_3=false&bSearchable_3=true&bSortable_3=true&mDataProp_4=id&sSearch_4=&bRegex_4=false&bSearchable_4=true&bSortable_4=true&sSearch=&bRegex=false&iSortCol_0=0&sSortDir_0=asc&iSortingCols=1
SQL: SHOW COLUMNS FROM `employe` [ RunTime:0.0050s ]
SQL: SHOW COLUMNS FROM `employe` [ RunTime:0.0043s ]
SQL: SELECT COUNT(id) AS tp_count FROM `employe` LIMIT 1   [ RunTime:0.0004s ]
SQL: SELECT e.id,e.username,e.email,e.employe_id,e.nick_name,e.enable,d.id AS d_id,d.name,d.number FROM department AS d,employe AS e WHERE d.id = e.department AND e.enable = 1 ORDER BY e.id DESC  LIMIT 0,20 [ RunTime:0.0012s ]

[ 2015-03-24T17:22:56+08:00 ] ::1 /proj-hotel/core/api.php/getDepHandler
SQL: SHOW COLUMNS FROM `department` [ RunTime:0.0068s ]
SQL: SHOW COLUMNS FROM `department` [ RunTime:0.0047s ]
SQL: SELECT * FROM `department`  [ RunTime:0.0003s ]

[ 2015-03-24T17:28:26+08:00 ] ::1 /proj-hotel/core/api.php/getEmployeHandler?sEcho=1&iColumns=5&sColumns=%2C%2C%2C%2C&iDisplayStart=0&iDisplayLength=20&mDataProp_0=employe_id&sSearch_0=&bRegex_0=false&bSearchable_0=true&bSortable_0=true&mDataProp_1=nick_name&sSearch_1=&bRegex_1=false&bSearchable_1=true&bSortable_1=true&mDataProp_2=name&sSearch_2=&bRegex_2=false&bSearchable_2=true&bSortable_2=true&mDataProp_3=email&sSearch_3=&bRegex_3=false&bSearchable_3=true&bSortable_3=true&mDataProp_4=id&sSearch_4=&bRegex_4=false&bSearchable_4=true&bSortable_4=true&sSearch=&bRegex=false&iSortCol_0=0&sSortDir_0=asc&iSortingCols=1
SQL: SHOW COLUMNS FROM `employe` [ RunTime:0.0045s ]
SQL: SHOW COLUMNS FROM `employe` [ RunTime:0.0031s ]
SQL: SELECT COUNT(id) AS tp_count FROM `employe` LIMIT 1   [ RunTime:0.0003s ]
SQL: SELECT e.id,e.username,e.email,e.employe_id,e.nick_name,e.enable,d.id AS d_id,d.name,d.number FROM department AS d,employe AS e WHERE d.id = e.department AND e.enable = 1 ORDER BY e.id DESC  LIMIT 0,20 [ RunTime:0.0007s ]

[ 2015-03-24T17:28:26+08:00 ] ::1 /proj-hotel/core/api.php/getDepHandler
SQL: SHOW COLUMNS FROM `department` [ RunTime:0.0041s ]
SQL: SHOW COLUMNS FROM `department` [ RunTime:0.0036s ]
SQL: SELECT * FROM `department`  [ RunTime:0.0002s ]

[ 2015-03-24T17:29:48+08:00 ] ::1 /proj-hotel/core/api.php/getEmployeHandler?sEcho=1&iColumns=5&sColumns=%2C%2C%2C%2C&iDisplayStart=0&iDisplayLength=20&mDataProp_0=employe_id&sSearch_0=&bRegex_0=false&bSearchable_0=true&bSortable_0=true&mDataProp_1=nick_name&sSearch_1=&bRegex_1=false&bSearchable_1=true&bSortable_1=true&mDataProp_2=name&sSearch_2=&bRegex_2=false&bSearchable_2=true&bSortable_2=true&mDataProp_3=email&sSearch_3=&bRegex_3=false&bSearchable_3=true&bSortable_3=true&mDataProp_4=id&sSearch_4=&bRegex_4=false&bSearchable_4=true&bSortable_4=true&sSearch=&bRegex=false&iSortCol_0=0&sSortDir_0=asc&iSortingCols=1
SQL: SHOW COLUMNS FROM `employe` [ RunTime:0.0023s ]
SQL: SHOW COLUMNS FROM `employe` [ RunTime:0.0023s ]
SQL: SELECT COUNT(id) AS tp_count FROM `employe` LIMIT 1   [ RunTime:0.0002s ]
SQL: SELECT e.id,e.username,e.email,e.employe_id,e.nick_name,e.enable,d.id AS d_id,d.name,d.number FROM department AS d,employe AS e WHERE d.id = e.department AND e.enable = 1 ORDER BY e.id DESC  LIMIT 0,20 [ RunTime:0.0006s ]

[ 2015-03-24T17:29:48+08:00 ] ::1 /proj-hotel/core/api.php/getDepHandler
SQL: SHOW COLUMNS FROM `department` [ RunTime:0.0025s ]
SQL: SHOW COLUMNS FROM `department` [ RunTime:0.0022s ]
SQL: SELECT * FROM `department`  [ RunTime:0.0002s ]

[ 2015-03-24T17:33:29+08:00 ] ::1 /proj-hotel/core/api.php/getDepHandler
SQL: SHOW COLUMNS FROM `department` [ RunTime:0.0051s ]
SQL: SHOW COLUMNS FROM `department` [ RunTime:0.0033s ]
SQL: SELECT * FROM `department`  [ RunTime:0.0003s ]

[ 2015-03-24T17:33:29+08:00 ] ::1 /proj-hotel/core/api.php/getEmployeHandler?sEcho=1&iColumns=5&sColumns=%2C%2C%2C%2C&iDisplayStart=0&iDisplayLength=20&mDataProp_0=employe_id&sSearch_0=&bRegex_0=false&bSearchable_0=true&bSortable_0=true&mDataProp_1=nick_name&sSearch_1=&bRegex_1=false&bSearchable_1=true&bSortable_1=true&mDataProp_2=name&sSearch_2=&bRegex_2=false&bSearchable_2=true&bSortable_2=true&mDataProp_3=email&sSearch_3=&bRegex_3=false&bSearchable_3=true&bSortable_3=true&mDataProp_4=id&sSearch_4=&bRegex_4=false&bSearchable_4=true&bSortable_4=true&sSearch=&bRegex=false&iSortCol_0=0&sSortDir_0=asc&iSortingCols=1
SQL: SHOW COLUMNS FROM `employe` [ RunTime:0.0036s ]
SQL: SHOW COLUMNS FROM `employe` [ RunTime:0.0034s ]
SQL: SELECT COUNT(id) AS tp_count FROM `employe` LIMIT 1   [ RunTime:0.0003s ]
SQL: SELECT e.id,e.username,e.email,e.employe_id,e.nick_name,e.enable,d.id AS d_id,d.name,d.number FROM department AS d,employe AS e WHERE d.id = e.department AND e.enable = 1 ORDER BY e.id DESC  LIMIT 0,20 [ RunTime:0.0008s ]

[ 2015-03-24T17:33:32+08:00 ] ::1 /proj-hotel/core/api.php/deleteEmployeHandler
SQL: SHOW COLUMNS FROM `employe` [ RunTime:0.0122s ]
SQL: SHOW COLUMNS FROM `employe` [ RunTime:0.0109s ]
SQL: DELETE FROM `employe` WHERE ( id=66 ) [ RunTime:0.0540s ]

[ 2015-03-24T17:33:34+08:00 ] ::1 /proj-hotel/core/api.php/getEmployeHandler?sEcho=2&iColumns=5&sColumns=%2C%2C%2C%2C&iDisplayStart=0&iDisplayLength=20&mDataProp_0=employe_id&sSearch_0=&bRegex_0=false&bSearchable_0=true&bSortable_0=true&mDataProp_1=nick_name&sSearch_1=&bRegex_1=false&bSearchable_1=true&bSortable_1=true&mDataProp_2=name&sSearch_2=&bRegex_2=false&bSearchable_2=true&bSortable_2=true&mDataProp_3=email&sSearch_3=&bRegex_3=false&bSearchable_3=true&bSortable_3=true&mDataProp_4=id&sSearch_4=&bRegex_4=false&bSearchable_4=true&bSortable_4=true&sSearch=&bRegex=false&iSortCol_0=0&sSortDir_0=asc&iSortingCols=1
SQL: SHOW COLUMNS FROM `employe` [ RunTime:0.0160s ]
SQL: SHOW COLUMNS FROM `employe` [ RunTime:0.0141s ]
SQL: SELECT COUNT(id) AS tp_count FROM `employe` LIMIT 1   [ RunTime:0.0010s ]
SQL: SELECT e.id,e.username,e.email,e.employe_id,e.nick_name,e.enable,d.id AS d_id,d.name,d.number FROM department AS d,employe AS e WHERE d.id = e.department AND e.enable = 1 ORDER BY e.id DESC  LIMIT 0,20 [ RunTime:0.0034s ]

[ 2015-03-24T17:33:34+08:00 ] ::1 /proj-hotel/core/api.php/getEmployeHandler?sEcho=3&iColumns=5&sColumns=%2C%2C%2C%2C&iDisplayStart=0&iDisplayLength=20&mDataProp_0=employe_id&sSearch_0=&bRegex_0=false&bSearchable_0=true&bSortable_0=true&mDataProp_1=nick_name&sSearch_1=&bRegex_1=false&bSearchable_1=true&bSortable_1=true&mDataProp_2=name&sSearch_2=&bRegex_2=false&bSearchable_2=true&bSortable_2=true&mDataProp_3=email&sSearch_3=&bRegex_3=false&bSearchable_3=true&bSortable_3=true&mDataProp_4=id&sSearch_4=&bRegex_4=false&bSearchable_4=true&bSortable_4=true&sSearch=&bRegex=false&iSortCol_0=0&sSortDir_0=asc&iSortingCols=1
SQL: SHOW COLUMNS FROM `employe` [ RunTime:0.0045s ]
SQL: SHOW COLUMNS FROM `employe` [ RunTime:0.0040s ]
SQL: SELECT COUNT(id) AS tp_count FROM `employe` LIMIT 1   [ RunTime:0.0003s ]
SQL: SELECT e.id,e.username,e.email,e.employe_id,e.nick_name,e.enable,d.id AS d_id,d.name,d.number FROM department AS d,employe AS e WHERE d.id = e.department AND e.enable = 1 ORDER BY e.id DESC  LIMIT 0,20 [ RunTime:0.0009s ]

[ 2015-03-24T17:33:49+08:00 ] ::1 /proj-hotel/core/api.php/getDepHandler
SQL: SHOW COLUMNS FROM `department` [ RunTime:0.0025s ]
SQL: SHOW COLUMNS FROM `department` [ RunTime:0.0029s ]
SQL: SELECT * FROM `department`  [ RunTime:0.0003s ]

[ 2015-03-24T17:33:49+08:00 ] ::1 /proj-hotel/core/api.php/getEmployeHandler?sEcho=1&iColumns=5&sColumns=%2C%2C%2C%2C&iDisplayStart=0&iDisplayLength=20&mDataProp_0=employe_id&sSearch_0=&bRegex_0=false&bSearchable_0=true&bSortable_0=true&mDataProp_1=nick_name&sSearch_1=&bRegex_1=false&bSearchable_1=true&bSortable_1=true&mDataProp_2=name&sSearch_2=&bRegex_2=false&bSearchable_2=true&bSortable_2=true&mDataProp_3=email&sSearch_3=&bRegex_3=false&bSearchable_3=true&bSortable_3=true&mDataProp_4=id&sSearch_4=&bRegex_4=false&bSearchable_4=true&bSortable_4=true&sSearch=&bRegex=false&iSortCol_0=0&sSortDir_0=asc&iSortingCols=1
SQL: SHOW COLUMNS FROM `employe` [ RunTime:0.0026s ]
SQL: SHOW COLUMNS FROM `employe` [ RunTime:0.0022s ]
SQL: SELECT COUNT(id) AS tp_count FROM `employe` LIMIT 1   [ RunTime:0.0001s ]
SQL: SELECT e.id,e.username,e.email,e.employe_id,e.nick_name,e.enable,d.id AS d_id,d.name,d.number FROM department AS d,employe AS e WHERE d.id = e.department AND e.enable = 1 ORDER BY e.id DESC  LIMIT 0,20 [ RunTime:0.0005s ]

[ 2015-03-24T17:33:53+08:00 ] ::1 /proj-hotel/core/api.php/deleteEmployeHandler
SQL: SHOW COLUMNS FROM `employe` [ RunTime:0.0121s ]
SQL: SHOW COLUMNS FROM `employe` [ RunTime:0.0092s ]
SQL: DELETE FROM `employe` WHERE ( id=65 ) [ RunTime:0.0400s ]

[ 2015-03-24T17:33:55+08:00 ] ::1 /proj-hotel/core/api.php/getEmployeHandler?sEcho=3&iColumns=5&sColumns=%2C%2C%2C%2C&iDisplayStart=0&iDisplayLength=20&mDataProp_0=employe_id&sSearch_0=&bRegex_0=false&bSearchable_0=true&bSortable_0=true&mDataProp_1=nick_name&sSearch_1=&bRegex_1=false&bSearchable_1=true&bSortable_1=true&mDataProp_2=name&sSearch_2=&bRegex_2=false&bSearchable_2=true&bSortable_2=true&mDataProp_3=email&sSearch_3=&bRegex_3=false&bSearchable_3=true&bSortable_3=true&mDataProp_4=id&sSearch_4=&bRegex_4=false&bSearchable_4=true&bSortable_4=true&sSearch=&bRegex=false&iSortCol_0=0&sSortDir_0=asc&iSortingCols=1
SQL: SHOW COLUMNS FROM `employe` [ RunTime:0.0107s ]
SQL: SHOW COLUMNS FROM `employe` [ RunTime:0.0082s ]
SQL: SELECT COUNT(id) AS tp_count FROM `employe` LIMIT 1   [ RunTime:0.0005s ]
SQL: SELECT e.id,e.username,e.email,e.employe_id,e.nick_name,e.enable,d.id AS d_id,d.name,d.number FROM department AS d,employe AS e WHERE d.id = e.department AND e.enable = 1 ORDER BY e.id DESC  LIMIT 0,20 [ RunTime:0.0017s ]

[ 2015-03-24T17:33:55+08:00 ] ::1 /proj-hotel/core/api.php/getEmployeHandler?sEcho=2&iColumns=5&sColumns=%2C%2C%2C%2C&iDisplayStart=0&iDisplayLength=20&mDataProp_0=employe_id&sSearch_0=&bRegex_0=false&bSearchable_0=true&bSortable_0=true&mDataProp_1=nick_name&sSearch_1=&bRegex_1=false&bSearchable_1=true&bSortable_1=true&mDataProp_2=name&sSearch_2=&bRegex_2=false&bSearchable_2=true&bSortable_2=true&mDataProp_3=email&sSearch_3=&bRegex_3=false&bSearchable_3=true&bSortable_3=true&mDataProp_4=id&sSearch_4=&bRegex_4=false&bSearchable_4=true&bSortable_4=true&sSearch=&bRegex=false&iSortCol_0=0&sSortDir_0=asc&iSortingCols=1
SQL: SHOW COLUMNS FROM `employe` [ RunTime:0.0051s ]
SQL: SHOW COLUMNS FROM `employe` [ RunTime:0.0066s ]
SQL: SELECT COUNT(id) AS tp_count FROM `employe` LIMIT 1   [ RunTime:0.0004s ]
SQL: SELECT e.id,e.username,e.email,e.employe_id,e.nick_name,e.enable,d.id AS d_id,d.name,d.number FROM department AS d,employe AS e WHERE d.id = e.department AND e.enable = 1 ORDER BY e.id DESC  LIMIT 0,20 [ RunTime:0.0011s ]

[ 2015-03-24T17:34:18+08:00 ] ::1 /proj-hotel/core/api.php/getEmployeHandler?sEcho=4&iColumns=5&sColumns=%2C%2C%2C%2C&iDisplayStart=0&iDisplayLength=20&mDataProp_0=employe_id&sSearch_0=&bRegex_0=false&bSearchable_0=true&bSortable_0=true&mDataProp_1=nick_name&sSearch_1=&bRegex_1=false&bSearchable_1=true&bSortable_1=true&mDataProp_2=name&sSearch_2=&bRegex_2=false&bSearchable_2=true&bSortable_2=true&mDataProp_3=email&sSearch_3=&bRegex_3=false&bSearchable_3=true&bSortable_3=true&mDataProp_4=id&sSearch_4=&bRegex_4=false&bSearchable_4=true&bSortable_4=true&sSearch=&bRegex=false&iSortCol_0=4&sSortDir_0=asc&iSortingCols=1
SQL: SHOW COLUMNS FROM `employe` [ RunTime:0.0069s ]
SQL: SHOW COLUMNS FROM `employe` [ RunTime:0.0069s ]
SQL: SELECT COUNT(id) AS tp_count FROM `employe` LIMIT 1   [ RunTime:0.0005s ]
SQL: SELECT e.id,e.username,e.email,e.employe_id,e.nick_name,e.enable,d.id AS d_id,d.name,d.number FROM department AS d,employe AS e WHERE d.id = e.department AND e.enable = 1 ORDER BY e.id DESC  LIMIT 0,20 [ RunTime:0.0015s ]

[ 2015-03-24T17:34:19+08:00 ] ::1 /proj-hotel/core/api.php/getEmployeHandler?sEcho=5&iColumns=5&sColumns=%2C%2C%2C%2C&iDisplayStart=0&iDisplayLength=20&mDataProp_0=employe_id&sSearch_0=&bRegex_0=false&bSearchable_0=true&bSortable_0=true&mDataProp_1=nick_name&sSearch_1=&bRegex_1=false&bSearchable_1=true&bSortable_1=true&mDataProp_2=name&sSearch_2=&bRegex_2=false&bSearchable_2=true&bSortable_2=true&mDataProp_3=email&sSearch_3=&bRegex_3=false&bSearchable_3=true&bSortable_3=true&mDataProp_4=id&sSearch_4=&bRegex_4=false&bSearchable_4=true&bSortable_4=true&sSearch=&bRegex=false&iSortCol_0=4&sSortDir_0=desc&iSortingCols=1
SQL: SHOW COLUMNS FROM `employe` [ RunTime:0.0057s ]
SQL: SHOW COLUMNS FROM `employe` [ RunTime:0.0055s ]
SQL: SELECT COUNT(id) AS tp_count FROM `employe` LIMIT 1   [ RunTime:0.0004s ]
SQL: SELECT e.id,e.username,e.email,e.employe_id,e.nick_name,e.enable,d.id AS d_id,d.name,d.number FROM department AS d,employe AS e WHERE d.id = e.department AND e.enable = 1 ORDER BY e.id DESC  LIMIT 0,20 [ RunTime:0.0013s ]

[ 2015-03-24T17:34:20+08:00 ] ::1 /proj-hotel/core/api.php/getEmployeHandler?sEcho=6&iColumns=5&sColumns=%2C%2C%2C%2C&iDisplayStart=0&iDisplayLength=20&mDataProp_0=employe_id&sSearch_0=&bRegex_0=false&bSearchable_0=true&bSortable_0=true&mDataProp_1=nick_name&sSearch_1=&bRegex_1=false&bSearchable_1=true&bSortable_1=true&mDataProp_2=name&sSearch_2=&bRegex_2=false&bSearchable_2=true&bSortable_2=true&mDataProp_3=email&sSearch_3=&bRegex_3=false&bSearchable_3=true&bSortable_3=true&mDataProp_4=id&sSearch_4=&bRegex_4=false&bSearchable_4=true&bSortable_4=true&sSearch=&bRegex=false&iSortCol_0=3&sSortDir_0=asc&iSortingCols=1
SQL: SHOW COLUMNS FROM `employe` [ RunTime:0.0063s ]
SQL: SHOW COLUMNS FROM `employe` [ RunTime:0.0059s ]
SQL: SELECT COUNT(id) AS tp_count FROM `employe` LIMIT 1   [ RunTime:0.0004s ]
SQL: SELECT e.id,e.username,e.email,e.employe_id,e.nick_name,e.enable,d.id AS d_id,d.name,d.number FROM department AS d,employe AS e WHERE d.id = e.department AND e.enable = 1 ORDER BY e.id DESC  LIMIT 0,20 [ RunTime:0.0013s ]

[ 2015-03-24T17:34:20+08:00 ] ::1 /proj-hotel/core/api.php/getEmployeHandler?sEcho=7&iColumns=5&sColumns=%2C%2C%2C%2C&iDisplayStart=0&iDisplayLength=20&mDataProp_0=employe_id&sSearch_0=&bRegex_0=false&bSearchable_0=true&bSortable_0=true&mDataProp_1=nick_name&sSearch_1=&bRegex_1=false&bSearchable_1=true&bSortable_1=true&mDataProp_2=name&sSearch_2=&bRegex_2=false&bSearchable_2=true&bSortable_2=true&mDataProp_3=email&sSearch_3=&bRegex_3=false&bSearchable_3=true&bSortable_3=true&mDataProp_4=id&sSearch_4=&bRegex_4=false&bSearchable_4=true&bSortable_4=true&sSearch=&bRegex=false&iSortCol_0=2&sSortDir_0=asc&iSortingCols=1
SQL: SHOW COLUMNS FROM `employe` [ RunTime:0.0040s ]
SQL: SHOW COLUMNS FROM `employe` [ RunTime:0.0038s ]
SQL: SELECT COUNT(id) AS tp_count FROM `employe` LIMIT 1   [ RunTime:0.0003s ]
SQL: SELECT e.id,e.username,e.email,e.employe_id,e.nick_name,e.enable,d.id AS d_id,d.name,d.number FROM department AS d,employe AS e WHERE d.id = e.department AND e.enable = 1 ORDER BY e.id DESC  LIMIT 0,20 [ RunTime:0.0008s ]

[ 2015-03-24T17:34:21+08:00 ] ::1 /proj-hotel/core/api.php/getEmployeHandler?sEcho=8&iColumns=5&sColumns=%2C%2C%2C%2C&iDisplayStart=0&iDisplayLength=20&mDataProp_0=employe_id&sSearch_0=&bRegex_0=false&bSearchable_0=true&bSortable_0=true&mDataProp_1=nick_name&sSearch_1=&bRegex_1=false&bSearchable_1=true&bSortable_1=true&mDataProp_2=name&sSearch_2=&bRegex_2=false&bSearchable_2=true&bSortable_2=true&mDataProp_3=email&sSearch_3=&bRegex_3=false&bSearchable_3=true&bSortable_3=true&mDataProp_4=id&sSearch_4=&bRegex_4=false&bSearchable_4=true&bSortable_4=true&sSearch=&bRegex=false&iSortCol_0=2&sSortDir_0=desc&iSortingCols=1
SQL: SHOW COLUMNS FROM `employe` [ RunTime:0.0069s ]
SQL: SHOW COLUMNS FROM `employe` [ RunTime:0.0047s ]
SQL: SELECT COUNT(id) AS tp_count FROM `employe` LIMIT 1   [ RunTime:0.0004s ]
SQL: SELECT e.id,e.username,e.email,e.employe_id,e.nick_name,e.enable,d.id AS d_id,d.name,d.number FROM department AS d,employe AS e WHERE d.id = e.department AND e.enable = 1 ORDER BY e.id DESC  LIMIT 0,20 [ RunTime:0.0011s ]

[ 2015-03-24T17:34:22+08:00 ] ::1 /proj-hotel/core/api.php/getEmployeHandler?sEcho=9&iColumns=5&sColumns=%2C%2C%2C%2C&iDisplayStart=0&iDisplayLength=20&mDataProp_0=employe_id&sSearch_0=&bRegex_0=false&bSearchable_0=true&bSortable_0=true&mDataProp_1=nick_name&sSearch_1=&bRegex_1=false&bSearchable_1=true&bSortable_1=true&mDataProp_2=name&sSearch_2=&bRegex_2=false&bSearchable_2=true&bSortable_2=true&mDataProp_3=email&sSearch_3=&bRegex_3=false&bSearchable_3=true&bSortable_3=true&mDataProp_4=id&sSearch_4=&bRegex_4=false&bSearchable_4=true&bSortable_4=true&sSearch=&bRegex=false&iSortCol_0=2&sSortDir_0=asc&iSortingCols=1
SQL: SHOW COLUMNS FROM `employe` [ RunTime:0.0094s ]
SQL: SHOW COLUMNS FROM `employe` [ RunTime:0.0084s ]
SQL: SELECT COUNT(id) AS tp_count FROM `employe` LIMIT 1   [ RunTime:0.0006s ]
SQL: SELECT e.id,e.username,e.email,e.employe_id,e.nick_name,e.enable,d.id AS d_id,d.name,d.number FROM department AS d,employe AS e WHERE d.id = e.department AND e.enable = 1 ORDER BY e.id DESC  LIMIT 0,20 [ RunTime:0.0018s ]

[ 2015-03-24T17:34:22+08:00 ] ::1 /proj-hotel/core/api.php/getEmployeHandler?sEcho=10&iColumns=5&sColumns=%2C%2C%2C%2C&iDisplayStart=0&iDisplayLength=20&mDataProp_0=employe_id&sSearch_0=&bRegex_0=false&bSearchable_0=true&bSortable_0=true&mDataProp_1=nick_name&sSearch_1=&bRegex_1=false&bSearchable_1=true&bSortable_1=true&mDataProp_2=name&sSearch_2=&bRegex_2=false&bSearchable_2=true&bSortable_2=true&mDataProp_3=email&sSearch_3=&bRegex_3=false&bSearchable_3=true&bSortable_3=true&mDataProp_4=id&sSearch_4=&bRegex_4=false&bSearchable_4=true&bSortable_4=true&sSearch=&bRegex=false&iSortCol_0=1&sSortDir_0=asc&iSortingCols=1
SQL: SHOW COLUMNS FROM `employe` [ RunTime:0.0102s ]
SQL: SHOW COLUMNS FROM `employe` [ RunTime:0.0086s ]
SQL: SELECT COUNT(id) AS tp_count FROM `employe` LIMIT 1   [ RunTime:0.0006s ]
SQL: SELECT e.id,e.username,e.email,e.employe_id,e.nick_name,e.enable,d.id AS d_id,d.name,d.number FROM department AS d,employe AS e WHERE d.id = e.department AND e.enable = 1 ORDER BY e.id DESC  LIMIT 0,20 [ RunTime:0.0019s ]

[ 2015-03-24T17:34:23+08:00 ] ::1 /proj-hotel/core/api.php/getEmployeHandler?sEcho=11&iColumns=5&sColumns=%2C%2C%2C%2C&iDisplayStart=0&iDisplayLength=20&mDataProp_0=employe_id&sSearch_0=&bRegex_0=false&bSearchable_0=true&bSortable_0=true&mDataProp_1=nick_name&sSearch_1=&bRegex_1=false&bSearchable_1=true&bSortable_1=true&mDataProp_2=name&sSearch_2=&bRegex_2=false&bSearchable_2=true&bSortable_2=true&mDataProp_3=email&sSearch_3=&bRegex_3=false&bSearchable_3=true&bSortable_3=true&mDataProp_4=id&sSearch_4=&bRegex_4=false&bSearchable_4=true&bSortable_4=true&sSearch=&bRegex=false&iSortCol_0=1&sSortDir_0=desc&iSortingCols=1
SQL: SHOW COLUMNS FROM `employe` [ RunTime:0.0093s ]
SQL: SHOW COLUMNS FROM `employe` [ RunTime:0.0086s ]
SQL: SELECT COUNT(id) AS tp_count FROM `employe` LIMIT 1   [ RunTime:0.0006s ]
SQL: SELECT e.id,e.username,e.email,e.employe_id,e.nick_name,e.enable,d.id AS d_id,d.name,d.number FROM department AS d,employe AS e WHERE d.id = e.department AND e.enable = 1 ORDER BY e.id DESC  LIMIT 0,20 [ RunTime:0.0019s ]

[ 2015-03-24T17:34:24+08:00 ] ::1 /proj-hotel/core/api.php/getEmployeHandler?sEcho=12&iColumns=5&sColumns=%2C%2C%2C%2C&iDisplayStart=0&iDisplayLength=20&mDataProp_0=employe_id&sSearch_0=&bRegex_0=false&bSearchable_0=true&bSortable_0=true&mDataProp_1=nick_name&sSearch_1=&bRegex_1=false&bSearchable_1=true&bSortable_1=true&mDataProp_2=name&sSearch_2=&bRegex_2=false&bSearchable_2=true&bSortable_2=true&mDataProp_3=email&sSearch_3=&bRegex_3=false&bSearchable_3=true&bSortable_3=true&mDataProp_4=id&sSearch_4=&bRegex_4=false&bSearchable_4=true&bSortable_4=true&sSearch=&bRegex=false&iSortCol_0=1&sSortDir_0=asc&iSortingCols=1
SQL: SHOW COLUMNS FROM `employe` [ RunTime:0.0091s ]
SQL: SHOW COLUMNS FROM `employe` [ RunTime:0.0085s ]
SQL: SELECT COUNT(id) AS tp_count FROM `employe` LIMIT 1   [ RunTime:0.0006s ]
SQL: SELECT e.id,e.username,e.email,e.employe_id,e.nick_name,e.enable,d.id AS d_id,d.name,d.number FROM department AS d,employe AS e WHERE d.id = e.department AND e.enable = 1 ORDER BY e.id DESC  LIMIT 0,20 [ RunTime:0.0018s ]

[ 2015-03-24T17:34:24+08:00 ] ::1 /proj-hotel/core/api.php/getEmployeHandler?sEcho=13&iColumns=5&sColumns=%2C%2C%2C%2C&iDisplayStart=0&iDisplayLength=20&mDataProp_0=employe_id&sSearch_0=&bRegex_0=false&bSearchable_0=true&bSortable_0=true&mDataProp_1=nick_name&sSearch_1=&bRegex_1=false&bSearchable_1=true&bSortable_1=true&mDataProp_2=name&sSearch_2=&bRegex_2=false&bSearchable_2=true&bSortable_2=true&mDataProp_3=email&sSearch_3=&bRegex_3=false&bSearchable_3=true&bSortable_3=true&mDataProp_4=id&sSearch_4=&bRegex_4=false&bSearchable_4=true&bSortable_4=true&sSearch=&bRegex=false&iSortCol_0=0&sSortDir_0=asc&iSortingCols=1
SQL: SHOW COLUMNS FROM `employe` [ RunTime:0.0092s ]
SQL: SHOW COLUMNS FROM `employe` [ RunTime:0.0089s ]
SQL: SELECT COUNT(id) AS tp_count FROM `employe` LIMIT 1   [ RunTime:0.0006s ]
SQL: SELECT e.id,e.username,e.email,e.employe_id,e.nick_name,e.enable,d.id AS d_id,d.name,d.number FROM department AS d,employe AS e WHERE d.id = e.department AND e.enable = 1 ORDER BY e.id DESC  LIMIT 0,20 [ RunTime:0.0019s ]

[ 2015-03-24T17:34:25+08:00 ] ::1 /proj-hotel/core/api.php/getEmployeHandler?sEcho=14&iColumns=5&sColumns=%2C%2C%2C%2C&iDisplayStart=0&iDisplayLength=20&mDataProp_0=employe_id&sSearch_0=&bRegex_0=false&bSearchable_0=true&bSortable_0=true&mDataProp_1=nick_name&sSearch_1=&bRegex_1=false&bSearchable_1=true&bSortable_1=true&mDataProp_2=name&sSearch_2=&bRegex_2=false&bSearchable_2=true&bSortable_2=true&mDataProp_3=email&sSearch_3=&bRegex_3=false&bSearchable_3=true&bSortable_3=true&mDataProp_4=id&sSearch_4=&bRegex_4=false&bSearchable_4=true&bSortable_4=true&sSearch=&bRegex=false&iSortCol_0=0&sSortDir_0=desc&iSortingCols=1
SQL: SHOW COLUMNS FROM `employe` [ RunTime:0.0093s ]
SQL: SHOW COLUMNS FROM `employe` [ RunTime:0.0091s ]
SQL: SELECT COUNT(id) AS tp_count FROM `employe` LIMIT 1   [ RunTime:0.0006s ]
SQL: SELECT e.id,e.username,e.email,e.employe_id,e.nick_name,e.enable,d.id AS d_id,d.name,d.number FROM department AS d,employe AS e WHERE d.id = e.department AND e.enable = 1 ORDER BY e.id DESC  LIMIT 0,20 [ RunTime:0.0021s ]

[ 2015-03-24T17:34:26+08:00 ] ::1 /proj-hotel/core/api.php/getEmployeHandler?sEcho=15&iColumns=5&sColumns=%2C%2C%2C%2C&iDisplayStart=0&iDisplayLength=20&mDataProp_0=employe_id&sSearch_0=&bRegex_0=false&bSearchable_0=true&bSortable_0=true&mDataProp_1=nick_name&sSearch_1=&bRegex_1=false&bSearchable_1=true&bSortable_1=true&mDataProp_2=name&sSearch_2=&bRegex_2=false&bSearchable_2=true&bSortable_2=true&mDataProp_3=email&sSearch_3=&bRegex_3=false&bSearchable_3=true&bSortable_3=true&mDataProp_4=id&sSearch_4=&bRegex_4=false&bSearchable_4=true&bSortable_4=true&sSearch=&bRegex=false&iSortCol_0=1&sSortDir_0=asc&iSortingCols=1
SQL: SHOW COLUMNS FROM `employe` [ RunTime:0.0057s ]
SQL: SHOW COLUMNS FROM `employe` [ RunTime:0.0061s ]
SQL: SELECT COUNT(id) AS tp_count FROM `employe` LIMIT 1   [ RunTime:0.0004s ]
SQL: SELECT e.id,e.username,e.email,e.employe_id,e.nick_name,e.enable,d.id AS d_id,d.name,d.number FROM department AS d,employe AS e WHERE d.id = e.department AND e.enable = 1 ORDER BY e.id DESC  LIMIT 0,20 [ RunTime:0.0012s ]

[ 2015-03-24T17:34:26+08:00 ] ::1 /proj-hotel/core/api.php/getEmployeHandler?sEcho=16&iColumns=5&sColumns=%2C%2C%2C%2C&iDisplayStart=0&iDisplayLength=20&mDataProp_0=employe_id&sSearch_0=&bRegex_0=false&bSearchable_0=true&bSortable_0=true&mDataProp_1=nick_name&sSearch_1=&bRegex_1=false&bSearchable_1=true&bSortable_1=true&mDataProp_2=name&sSearch_2=&bRegex_2=false&bSearchable_2=true&bSortable_2=true&mDataProp_3=email&sSearch_3=&bRegex_3=false&bSearchable_3=true&bSortable_3=true&mDataProp_4=id&sSearch_4=&bRegex_4=false&bSearchable_4=true&bSortable_4=true&sSearch=&bRegex=false&iSortCol_0=1&sSortDir_0=desc&iSortingCols=1
SQL: SHOW COLUMNS FROM `employe` [ RunTime:0.0071s ]
SQL: SHOW COLUMNS FROM `employe` [ RunTime:0.0073s ]
SQL: SELECT COUNT(id) AS tp_count FROM `employe` LIMIT 1   [ RunTime:0.0005s ]
SQL: SELECT e.id,e.username,e.email,e.employe_id,e.nick_name,e.enable,d.id AS d_id,d.name,d.number FROM department AS d,employe AS e WHERE d.id = e.department AND e.enable = 1 ORDER BY e.id DESC  LIMIT 0,20 [ RunTime:0.0015s ]

[ 2015-03-24T17:34:27+08:00 ] ::1 /proj-hotel/core/api.php/getEmployeHandler?sEcho=17&iColumns=5&sColumns=%2C%2C%2C%2C&iDisplayStart=0&iDisplayLength=20&mDataProp_0=employe_id&sSearch_0=&bRegex_0=false&bSearchable_0=true&bSortable_0=true&mDataProp_1=nick_name&sSearch_1=&bRegex_1=false&bSearchable_1=true&bSortable_1=true&mDataProp_2=name&sSearch_2=&bRegex_2=false&bSearchable_2=true&bSortable_2=true&mDataProp_3=email&sSearch_3=&bRegex_3=false&bSearchable_3=true&bSortable_3=true&mDataProp_4=id&sSearch_4=&bRegex_4=false&bSearchable_4=true&bSortable_4=true&sSearch=&bRegex=false&iSortCol_0=1&sSortDir_0=asc&iSortingCols=1
SQL: SHOW COLUMNS FROM `employe` [ RunTime:0.0074s ]
SQL: SHOW COLUMNS FROM `employe` [ RunTime:0.0069s ]
SQL: SELECT COUNT(id) AS tp_count FROM `employe` LIMIT 1   [ RunTime:0.0005s ]
SQL: SELECT e.id,e.username,e.email,e.employe_id,e.nick_name,e.enable,d.id AS d_id,d.name,d.number FROM department AS d,employe AS e WHERE d.id = e.department AND e.enable = 1 ORDER BY e.id DESC  LIMIT 0,20 [ RunTime:0.0015s ]

[ 2015-03-24T17:36:40+08:00 ] ::1 /proj-hotel/core/api.php/getEmployeHandler?sEcho=1&iColumns=5&sColumns=%2C%2C%2C%2C&iDisplayStart=0&iDisplayLength=20&mDataProp_0=employe_id&sSearch_0=&bRegex_0=false&bSearchable_0=true&mDataProp_1=nick_name&sSearch_1=&bRegex_1=false&bSearchable_1=true&mDataProp_2=name&sSearch_2=&bRegex_2=false&bSearchable_2=true&mDataProp_3=email&sSearch_3=&bRegex_3=false&bSearchable_3=true&mDataProp_4=id&sSearch_4=&bRegex_4=false&bSearchable_4=true&sSearch=&bRegex=false
SQL: SHOW COLUMNS FROM `employe` [ RunTime:0.0025s ]
SQL: SHOW COLUMNS FROM `employe` [ RunTime:0.0044s ]
SQL: SELECT COUNT(id) AS tp_count FROM `employe` LIMIT 1   [ RunTime:0.0003s ]
SQL: SELECT e.id,e.username,e.email,e.employe_id,e.nick_name,e.enable,d.id AS d_id,d.name,d.number FROM department AS d,employe AS e WHERE d.id = e.department AND e.enable = 1 ORDER BY e.id DESC  LIMIT 0,20 [ RunTime:0.0007s ]

[ 2015-03-24T17:36:40+08:00 ] ::1 /proj-hotel/core/api.php/getDepHandler
SQL: SHOW COLUMNS FROM `department` [ RunTime:0.0030s ]
SQL: SHOW COLUMNS FROM `department` [ RunTime:0.0024s ]
SQL: SELECT * FROM `department`  [ RunTime:0.0002s ]

[ 2015-03-24T17:41:15+08:00 ] ::1 /proj-hotel/core/api.php/getEmployeHandler?sEcho=1&iColumns=5&sColumns=%2C%2C%2C%2C&iDisplayStart=0&iDisplayLength=20&mDataProp_0=employe_id&sSearch_0=&bRegex_0=false&bSearchable_0=true&mDataProp_1=nick_name&sSearch_1=&bRegex_1=false&bSearchable_1=true&mDataProp_2=name&sSearch_2=&bRegex_2=false&bSearchable_2=true&mDataProp_3=email&sSearch_3=&bRegex_3=false&bSearchable_3=true&mDataProp_4=id&sSearch_4=&bRegex_4=false&bSearchable_4=true&sSearch=&bRegex=false
SQL: SHOW COLUMNS FROM `employe` [ RunTime:0.0040s ]
SQL: SHOW COLUMNS FROM `employe` [ RunTime:0.0027s ]
SQL: SELECT COUNT(id) AS tp_count FROM `employe` LIMIT 1   [ RunTime:0.0003s ]
SQL: SELECT e.id,e.username,e.email,e.employe_id,e.nick_name,e.enable,d.id AS d_id,d.name,d.number FROM department AS d,employe AS e WHERE d.id = e.department AND e.enable = 1 ORDER BY e.id DESC  LIMIT 0,20 [ RunTime:0.0006s ]

[ 2015-03-24T17:41:15+08:00 ] ::1 /proj-hotel/core/api.php/getDepHandler
SQL: SHOW COLUMNS FROM `department` [ RunTime:0.0030s ]
SQL: SHOW COLUMNS FROM `department` [ RunTime:0.0035s ]
SQL: SELECT * FROM `department`  [ RunTime:0.0002s ]

[ 2015-03-24T17:42:49+08:00 ] ::1 /proj-hotel/core/api.php/getDepHandler
SQL: SHOW COLUMNS FROM `department` [ RunTime:0.0037s ]
SQL: SHOW COLUMNS FROM `department` [ RunTime:0.0032s ]
SQL: SELECT * FROM `department`  [ RunTime:0.0002s ]

[ 2015-03-24T17:42:49+08:00 ] ::1 /proj-hotel/core/api.php/getEmployeHandler?sEcho=1&iColumns=5&sColumns=%2C%2C%2C%2C&iDisplayStart=0&iDisplayLength=20&mDataProp_0=employe_id&sSearch_0=&bRegex_0=false&bSearchable_0=true&mDataProp_1=nick_name&sSearch_1=&bRegex_1=false&bSearchable_1=true&mDataProp_2=name&sSearch_2=&bRegex_2=false&bSearchable_2=true&mDataProp_3=email&sSearch_3=&bRegex_3=false&bSearchable_3=true&mDataProp_4=id&sSearch_4=&bRegex_4=false&bSearchable_4=true&sSearch=&bRegex=false
SQL: SHOW COLUMNS FROM `employe` [ RunTime:0.0025s ]
SQL: SHOW COLUMNS FROM `employe` [ RunTime:0.0027s ]
SQL: SELECT COUNT(id) AS tp_count FROM `employe` LIMIT 1   [ RunTime:0.0003s ]
SQL: SELECT e.id,e.username,e.email,e.employe_id,e.nick_name,e.enable,d.id AS d_id,d.name,d.number FROM department AS d,employe AS e WHERE d.id = e.department AND e.enable = 1 ORDER BY e.id DESC  LIMIT 0,20 [ RunTime:0.0004s ]

[ 2015-03-24T17:43:04+08:00 ] ::1 /proj-hotel/core/api.php/getEmployeHandler?sEcho=1&iColumns=5&sColumns=%2C%2C%2C%2C&iDisplayStart=0&iDisplayLength=20&mDataProp_0=employe_id&sSearch_0=&bRegex_0=false&bSearchable_0=true&mDataProp_1=nick_name&sSearch_1=&bRegex_1=false&bSearchable_1=true&mDataProp_2=name&sSearch_2=&bRegex_2=false&bSearchable_2=true&mDataProp_3=email&sSearch_3=&bRegex_3=false&bSearchable_3=true&mDataProp_4=id&sSearch_4=&bRegex_4=false&bSearchable_4=true&sSearch=&bRegex=false
SQL: SHOW COLUMNS FROM `employe` [ RunTime:0.0027s ]
SQL: SHOW COLUMNS FROM `employe` [ RunTime:0.0023s ]
SQL: SELECT COUNT(id) AS tp_count FROM `employe` LIMIT 1   [ RunTime:0.0001s ]
SQL: SELECT e.id,e.username,e.email,e.employe_id,e.nick_name,e.enable,d.id AS d_id,d.name,d.number FROM department AS d,employe AS e WHERE d.id = e.department AND e.enable = 1 ORDER BY e.id DESC  LIMIT 0,20 [ RunTime:0.0005s ]

[ 2015-03-24T17:43:04+08:00 ] ::1 /proj-hotel/core/api.php/getDepHandler
SQL: SHOW COLUMNS FROM `department` [ RunTime:0.0024s ]
SQL: SHOW COLUMNS FROM `department` [ RunTime:0.0019s ]
SQL: SELECT * FROM `department`  [ RunTime:0.0002s ]

[ 2015-03-24T17:43:16+08:00 ] ::1 /proj-hotel/core/api.php/getDepHandler
SQL: SHOW COLUMNS FROM `department` [ RunTime:0.0035s ]
SQL: SHOW COLUMNS FROM `department` [ RunTime:0.0032s ]
SQL: SELECT * FROM `department`  [ RunTime:0.0002s ]

[ 2015-03-24T17:43:16+08:00 ] ::1 /proj-hotel/core/api.php/getEmployeHandler?sEcho=1&iColumns=5&sColumns=%2C%2C%2C%2C&iDisplayStart=0&iDisplayLength=20&mDataProp_0=employe_id&sSearch_0=&bRegex_0=false&bSearchable_0=true&mDataProp_1=nick_name&sSearch_1=&bRegex_1=false&bSearchable_1=true&mDataProp_2=name&sSearch_2=&bRegex_2=false&bSearchable_2=true&mDataProp_3=email&sSearch_3=&bRegex_3=false&bSearchable_3=true&mDataProp_4=id&sSearch_4=&bRegex_4=false&bSearchable_4=true&sSearch=&bRegex=false
SQL: SHOW COLUMNS FROM `employe` [ RunTime:0.0030s ]
SQL: SHOW COLUMNS FROM `employe` [ RunTime:0.0028s ]
SQL: SELECT COUNT(id) AS tp_count FROM `employe` LIMIT 1   [ RunTime:0.0002s ]
SQL: SELECT e.id,e.username,e.email,e.employe_id,e.nick_name,e.enable,d.id AS d_id,d.name,d.number FROM department AS d,employe AS e WHERE d.id = e.department AND e.enable = 1 ORDER BY e.id DESC  LIMIT 0,20 [ RunTime:0.0005s ]

[ 2015-03-24T17:44:26+08:00 ] ::1 /proj-hotel/core/api.php/getDepHandler
SQL: SHOW COLUMNS FROM `department` [ RunTime:0.0038s ]
SQL: SHOW COLUMNS FROM `department` [ RunTime:0.0031s ]
SQL: SELECT * FROM `department`  [ RunTime:0.0003s ]

[ 2015-03-24T17:44:26+08:00 ] ::1 /proj-hotel/core/api.php/getEmployeHandler?sEcho=1&iColumns=5&sColumns=%2C%2C%2C%2C&iDisplayStart=0&iDisplayLength=20&mDataProp_0=employe_id&sSearch_0=&bRegex_0=false&bSearchable_0=true&mDataProp_1=nick_name&sSearch_1=&bRegex_1=false&bSearchable_1=true&mDataProp_2=name&sSearch_2=&bRegex_2=false&bSearchable_2=true&mDataProp_3=email&sSearch_3=&bRegex_3=false&bSearchable_3=true&mDataProp_4=id&sSearch_4=&bRegex_4=false&bSearchable_4=true&sSearch=&bRegex=false
SQL: SHOW COLUMNS FROM `employe` [ RunTime:0.0034s ]
SQL: SHOW COLUMNS FROM `employe` [ RunTime:0.0029s ]
SQL: SELECT COUNT(id) AS tp_count FROM `employe` LIMIT 1   [ RunTime:0.0002s ]
SQL: SELECT e.id,e.username,e.email,e.employe_id,e.nick_name,e.enable,d.id AS d_id,d.name,d.number FROM department AS d,employe AS e WHERE d.id = e.department AND e.enable = 1 ORDER BY e.id DESC  LIMIT 0,20 [ RunTime:0.0007s ]

[ 2015-03-24T17:44:51+08:00 ] ::1 /proj-hotel/core/api.php/getDepHandler
SQL: SHOW COLUMNS FROM `department` [ RunTime:0.0024s ]
SQL: SHOW COLUMNS FROM `department` [ RunTime:0.0019s ]
SQL: SELECT * FROM `department`  [ RunTime:0.0002s ]

[ 2015-03-24T17:44:51+08:00 ] ::1 /proj-hotel/core/api.php/getEmployeHandler?sEcho=1&iColumns=5&sColumns=%2C%2C%2C%2C&iDisplayStart=0&iDisplayLength=20&mDataProp_0=employe_id&sSearch_0=&bRegex_0=false&bSearchable_0=true&mDataProp_1=nick_name&sSearch_1=&bRegex_1=false&bSearchable_1=true&mDataProp_2=name&sSearch_2=&bRegex_2=false&bSearchable_2=true&mDataProp_3=email&sSearch_3=&bRegex_3=false&bSearchable_3=true&mDataProp_4=id&sSearch_4=&bRegex_4=false&bSearchable_4=true&sSearch=&bRegex=false
SQL: SHOW COLUMNS FROM `employe` [ RunTime:0.0034s ]
SQL: SHOW COLUMNS FROM `employe` [ RunTime:0.0021s ]
SQL: SELECT COUNT(id) AS tp_count FROM `employe` LIMIT 1   [ RunTime:0.0002s ]
SQL: SELECT e.id,e.username,e.email,e.employe_id,e.nick_name,e.enable,d.id AS d_id,d.name,d.number FROM department AS d,employe AS e WHERE d.id = e.department AND e.enable = 1 ORDER BY e.id DESC  LIMIT 0,20 [ RunTime:0.0005s ]

[ 2015-03-24T17:45:17+08:00 ] ::1 /proj-hotel/core/api.php/getEmployeHandler?sEcho=1&iColumns=5&sColumns=%2C%2C%2C%2C&iDisplayStart=0&iDisplayLength=20&mDataProp_0=employe_id&sSearch_0=&bRegex_0=false&bSearchable_0=true&mDataProp_1=nick_name&sSearch_1=&bRegex_1=false&bSearchable_1=true&mDataProp_2=name&sSearch_2=&bRegex_2=false&bSearchable_2=true&mDataProp_3=email&sSearch_3=&bRegex_3=false&bSearchable_3=true&mDataProp_4=id&sSearch_4=&bRegex_4=false&bSearchable_4=true&sSearch=&bRegex=false
SQL: SHOW COLUMNS FROM `employe` [ RunTime:0.0025s ]
SQL: SHOW COLUMNS FROM `employe` [ RunTime:0.0023s ]
SQL: SELECT COUNT(id) AS tp_count FROM `employe` LIMIT 1   [ RunTime:0.0002s ]
SQL: SELECT e.id,e.username,e.email,e.employe_id,e.nick_name,e.enable,d.id AS d_id,d.name,d.number FROM department AS d,employe AS e WHERE d.id = e.department AND e.enable = 1 ORDER BY e.id DESC  LIMIT 0,20 [ RunTime:0.0005s ]

[ 2015-03-24T17:45:17+08:00 ] ::1 /proj-hotel/core/api.php/getDepHandler
SQL: SHOW COLUMNS FROM `department` [ RunTime:0.0031s ]
SQL: SHOW COLUMNS FROM `department` [ RunTime:0.0026s ]
SQL: SELECT * FROM `department`  [ RunTime:0.0002s ]

[ 2015-03-24T17:46:52+08:00 ] ::1 /proj-hotel/core/api.php/getEmployeHandler?sEcho=1&iColumns=5&sColumns=%2C%2C%2C%2C&iDisplayStart=0&iDisplayLength=20&mDataProp_0=employe_id&sSearch_0=&bRegex_0=false&bSearchable_0=true&mDataProp_1=nick_name&sSearch_1=&bRegex_1=false&bSearchable_1=true&mDataProp_2=name&sSearch_2=&bRegex_2=false&bSearchable_2=true&mDataProp_3=email&sSearch_3=&bRegex_3=false&bSearchable_3=true&mDataProp_4=id&sSearch_4=&bRegex_4=false&bSearchable_4=true&sSearch=&bRegex=false
SQL: SHOW COLUMNS FROM `employe` [ RunTime:0.0040s ]
SQL: SHOW COLUMNS FROM `employe` [ RunTime:0.0039s ]
SQL: SELECT COUNT(id) AS tp_count FROM `employe` LIMIT 1   [ RunTime:0.0003s ]
SQL: SELECT e.id,e.username,e.email,e.employe_id,e.nick_name,e.enable,d.id AS d_id,d.name,d.number FROM department AS d,employe AS e WHERE d.id = e.department AND e.enable = 1 ORDER BY e.id DESC  LIMIT 0,20 [ RunTime:0.0008s ]

[ 2015-03-24T17:46:52+08:00 ] ::1 /proj-hotel/core/api.php/getDepHandler
SQL: SHOW COLUMNS FROM `department` [ RunTime:0.0037s ]
SQL: SHOW COLUMNS FROM `department` [ RunTime:0.0037s ]
SQL: SELECT * FROM `department`  [ RunTime:0.0003s ]

[ 2015-03-24T17:47:27+08:00 ] ::1 /proj-hotel/core/api.php/getDepHandler
SQL: SHOW COLUMNS FROM `department` [ RunTime:0.0038s ]
SQL: SHOW COLUMNS FROM `department` [ RunTime:0.0043s ]
SQL: SELECT * FROM `department`  [ RunTime:0.0003s ]

[ 2015-03-24T17:47:27+08:00 ] ::1 /proj-hotel/core/api.php/getEmployeHandler?sEcho=1&iColumns=5&sColumns=%2C%2C%2C%2C&iDisplayStart=0&iDisplayLength=20&mDataProp_0=employe_id&sSearch_0=&bRegex_0=false&bSearchable_0=true&mDataProp_1=nick_name&sSearch_1=&bRegex_1=false&bSearchable_1=true&mDataProp_2=name&sSearch_2=&bRegex_2=false&bSearchable_2=true&mDataProp_3=email&sSearch_3=&bRegex_3=false&bSearchable_3=true&mDataProp_4=id&sSearch_4=&bRegex_4=false&bSearchable_4=true&sSearch=&bRegex=false
SQL: SHOW COLUMNS FROM `employe` [ RunTime:0.0045s ]
SQL: SHOW COLUMNS FROM `employe` [ RunTime:0.0041s ]
SQL: SELECT COUNT(id) AS tp_count FROM `employe` LIMIT 1   [ RunTime:0.0003s ]
SQL: SELECT e.id,e.username,e.email,e.employe_id,e.nick_name,e.enable,d.id AS d_id,d.name,d.number FROM department AS d,employe AS e WHERE d.id = e.department AND e.enable = 1 ORDER BY e.id DESC  LIMIT 0,20 [ RunTime:0.0008s ]

[ 2015-03-24T18:00:31+08:00 ] ::1 /proj-hotel/core/api.php/getEmployeHandler?sEcho=1&iColumns=5&sColumns=%2C%2C%2C%2C&iDisplayStart=0&iDisplayLength=20&mDataProp_0=employe_id&sSearch_0=&bRegex_0=false&bSearchable_0=true&mDataProp_1=nick_name&sSearch_1=&bRegex_1=false&bSearchable_1=true&mDataProp_2=name&sSearch_2=&bRegex_2=false&bSearchable_2=true&mDataProp_3=email&sSearch_3=&bRegex_3=false&bSearchable_3=true&mDataProp_4=id&sSearch_4=&bRegex_4=false&bSearchable_4=true&sSearch=&bRegex=false
SQL: SHOW COLUMNS FROM `employe` [ RunTime:0.0031s ]
SQL: SHOW COLUMNS FROM `employe` [ RunTime:0.0024s ]
SQL: SELECT COUNT(id) AS tp_count FROM `employe` LIMIT 1   [ RunTime:0.0002s ]
SQL: SELECT e.id,e.username,e.email,e.employe_id,e.nick_name,e.enable,d.id AS d_id,d.name,d.number FROM department AS d,employe AS e WHERE d.id = e.department AND e.enable = 1 ORDER BY e.id DESC  LIMIT 0,20 [ RunTime:0.0005s ]

[ 2015-03-24T18:00:31+08:00 ] ::1 /proj-hotel/core/api.php/getDepHandler
SQL: SHOW COLUMNS FROM `department` [ RunTime:0.0029s ]
SQL: SHOW COLUMNS FROM `department` [ RunTime:0.0024s ]
SQL: SELECT * FROM `department`  [ RunTime:0.0002s ]

[ 2015-03-24T18:01:16+08:00 ] ::1 /proj-hotel/core/api.php/getEmployeHandler?sEcho=1&iColumns=5&sColumns=%2C%2C%2C%2C&iDisplayStart=0&iDisplayLength=20&mDataProp_0=employe_id&sSearch_0=&bRegex_0=false&bSearchable_0=true&mDataProp_1=nick_name&sSearch_1=&bRegex_1=false&bSearchable_1=true&mDataProp_2=name&sSearch_2=&bRegex_2=false&bSearchable_2=true&mDataProp_3=email&sSearch_3=&bRegex_3=false&bSearchable_3=true&mDataProp_4=id&sSearch_4=&bRegex_4=false&bSearchable_4=true&sSearch=&bRegex=false
SQL: SHOW COLUMNS FROM `employe` [ RunTime:0.0034s ]
SQL: SHOW COLUMNS FROM `employe` [ RunTime:0.0026s ]
SQL: SELECT COUNT(id) AS tp_count FROM `employe` LIMIT 1   [ RunTime:0.0002s ]
SQL: SELECT e.id,e.username,e.email,e.employe_id,e.nick_name,e.enable,d.id AS d_id,d.name,d.number FROM department AS d,employe AS e WHERE d.id = e.department AND e.enable = 1 ORDER BY e.id DESC  LIMIT 0,20 [ RunTime:0.0005s ]

[ 2015-03-24T18:01:16+08:00 ] ::1 /proj-hotel/core/api.php/getDepHandler
SQL: SHOW COLUMNS FROM `department` [ RunTime:0.0024s ]
SQL: SHOW COLUMNS FROM `department` [ RunTime:0.0024s ]
SQL: SELECT * FROM `department`  [ RunTime:0.0002s ]

[ 2015-03-24T18:01:17+08:00 ] ::1 /proj-hotel/core/api.php/getEmployNewId
SQL: SHOW COLUMNS FROM `employe` [ RunTime:0.0061s ]
SQL: SHOW COLUMNS FROM `employe` [ RunTime:0.0060s ]
SQL: select * from employe order by id DESC limit 1 [ RunTime:0.0005s ]

[ 2015-03-24T18:02:00+08:00 ] ::1 /proj-hotel/core/api.php/getEmployeHandler?sEcho=1&iColumns=5&sColumns=%2C%2C%2C%2C&iDisplayStart=0&iDisplayLength=20&mDataProp_0=employe_id&sSearch_0=&bRegex_0=false&bSearchable_0=true&mDataProp_1=nick_name&sSearch_1=&bRegex_1=false&bSearchable_1=true&mDataProp_2=name&sSearch_2=&bRegex_2=false&bSearchable_2=true&mDataProp_3=email&sSearch_3=&bRegex_3=false&bSearchable_3=true&mDataProp_4=id&sSearch_4=&bRegex_4=false&bSearchable_4=true&sSearch=&bRegex=false
SQL: SHOW COLUMNS FROM `employe` [ RunTime:0.0040s ]
SQL: SHOW COLUMNS FROM `employe` [ RunTime:0.0034s ]
SQL: SELECT COUNT(id) AS tp_count FROM `employe` LIMIT 1   [ RunTime:0.0003s ]
SQL: SELECT e.id,e.username,e.email,e.employe_id,e.nick_name,e.enable,d.id AS d_id,d.name,d.number FROM department AS d,employe AS e WHERE d.id = e.department AND e.enable = 1 ORDER BY e.id DESC  LIMIT 0,20 [ RunTime:0.0007s ]

[ 2015-03-24T18:02:00+08:00 ] ::1 /proj-hotel/core/api.php/getDepHandler
SQL: SHOW COLUMNS FROM `department` [ RunTime:0.0028s ]
SQL: SHOW COLUMNS FROM `department` [ RunTime:0.0022s ]
SQL: SELECT * FROM `department`  [ RunTime:0.0002s ]

[ 2015-03-24T18:02:01+08:00 ] ::1 /proj-hotel/core/api.php/getEmployNewId
SQL: SHOW COLUMNS FROM `employe` [ RunTime:0.0075s ]
SQL: SHOW COLUMNS FROM `employe` [ RunTime:0.0068s ]
ERR: SQLSTATE[42000]: Syntax error or access violation: 1064 You have an error in your SQL syntax; check the manual that corresponds to your MySQL server version for the right syntax to use near 'order by id DESC limit 1 ) LIMIT 1' at line 1

[ 2015-03-24T18:02:54+08:00 ] ::1 /proj-hotel/core/api.php/getDepHandler
SQL: SHOW COLUMNS FROM `department` [ RunTime:0.0021s ]
SQL: SHOW COLUMNS FROM `department` [ RunTime:0.0021s ]
SQL: SELECT * FROM `department`  [ RunTime:0.0002s ]

[ 2015-03-24T18:02:54+08:00 ] ::1 /proj-hotel/core/api.php/getEmployeHandler?sEcho=1&iColumns=5&sColumns=%2C%2C%2C%2C&iDisplayStart=0&iDisplayLength=20&mDataProp_0=employe_id&sSearch_0=&bRegex_0=false&bSearchable_0=true&mDataProp_1=nick_name&sSearch_1=&bRegex_1=false&bSearchable_1=true&mDataProp_2=name&sSearch_2=&bRegex_2=false&bSearchable_2=true&mDataProp_3=email&sSearch_3=&bRegex_3=false&bSearchable_3=true&mDataProp_4=id&sSearch_4=&bRegex_4=false&bSearchable_4=true&sSearch=&bRegex=false
SQL: SHOW COLUMNS FROM `employe` [ RunTime:0.0022s ]
SQL: SHOW COLUMNS FROM `employe` [ RunTime:0.0019s ]
SQL: SELECT COUNT(id) AS tp_count FROM `employe` LIMIT 1   [ RunTime:0.0002s ]
SQL: SELECT e.id,e.username,e.email,e.employe_id,e.nick_name,e.enable,d.id AS d_id,d.name,d.number FROM department AS d,employe AS e WHERE d.id = e.department AND e.enable = 1 ORDER BY e.id DESC  LIMIT 0,20 [ RunTime:0.0005s ]

[ 2015-03-24T18:02:55+08:00 ] ::1 /proj-hotel/core/api.php/getEmployNewId
SQL: SHOW COLUMNS FROM `employe` [ RunTime:0.0089s ]
SQL: SHOW COLUMNS FROM `employe` [ RunTime:0.0090s ]

[ 2015-03-24T18:03:10+08:00 ] ::1 /proj-hotel/core/api.php/getDepHandler
SQL: SHOW COLUMNS FROM `department` [ RunTime:0.0033s ]
SQL: SHOW COLUMNS FROM `department` [ RunTime:0.0029s ]
SQL: SELECT * FROM `department`  [ RunTime:0.0002s ]

[ 2015-03-24T18:03:10+08:00 ] ::1 /proj-hotel/core/api.php/getEmployeHandler?sEcho=1&iColumns=5&sColumns=%2C%2C%2C%2C&iDisplayStart=0&iDisplayLength=20&mDataProp_0=employe_id&sSearch_0=&bRegex_0=false&bSearchable_0=true&mDataProp_1=nick_name&sSearch_1=&bRegex_1=false&bSearchable_1=true&mDataProp_2=name&sSearch_2=&bRegex_2=false&bSearchable_2=true&mDataProp_3=email&sSearch_3=&bRegex_3=false&bSearchable_3=true&mDataProp_4=id&sSearch_4=&bRegex_4=false&bSearchable_4=true&sSearch=&bRegex=false
SQL: SHOW COLUMNS FROM `employe` [ RunTime:0.0035s ]
SQL: SHOW COLUMNS FROM `employe` [ RunTime:0.0023s ]
SQL: SELECT COUNT(id) AS tp_count FROM `employe` LIMIT 1   [ RunTime:0.0002s ]
SQL: SELECT e.id,e.username,e.email,e.employe_id,e.nick_name,e.enable,d.id AS d_id,d.name,d.number FROM department AS d,employe AS e WHERE d.id = e.department AND e.enable = 1 ORDER BY e.id DESC  LIMIT 0,20 [ RunTime:0.0005s ]

[ 2015-03-24T18:03:11+08:00 ] ::1 /proj-hotel/core/api.php/getEmployNewId
SQL: SHOW COLUMNS FROM `employe` [ RunTime:0.0077s ]
SQL: SHOW COLUMNS FROM `employe` [ RunTime:0.0071s ]

[ 2015-03-24T18:04:01+08:00 ] ::1 /proj-hotel/core/api.php/getDepHandler
SQL: SHOW COLUMNS FROM `department` [ RunTime:0.0023s ]
SQL: SHOW COLUMNS FROM `department` [ RunTime:0.0020s ]
SQL: SELECT * FROM `department`  [ RunTime:0.0002s ]

[ 2015-03-24T18:04:01+08:00 ] ::1 /proj-hotel/core/api.php/getEmployeHandler?sEcho=1&iColumns=5&sColumns=%2C%2C%2C%2C&iDisplayStart=0&iDisplayLength=20&mDataProp_0=employe_id&sSearch_0=&bRegex_0=false&bSearchable_0=true&mDataProp_1=nick_name&sSearch_1=&bRegex_1=false&bSearchable_1=true&mDataProp_2=name&sSearch_2=&bRegex_2=false&bSearchable_2=true&mDataProp_3=email&sSearch_3=&bRegex_3=false&bSearchable_3=true&mDataProp_4=id&sSearch_4=&bRegex_4=false&bSearchable_4=true&sSearch=&bRegex=false
SQL: SHOW COLUMNS FROM `employe` [ RunTime:0.0024s ]
SQL: SHOW COLUMNS FROM `employe` [ RunTime:0.0022s ]
SQL: SELECT COUNT(id) AS tp_count FROM `employe` LIMIT 1   [ RunTime:0.0002s ]
SQL: SELECT e.id,e.username,e.email,e.employe_id,e.nick_name,e.enable,d.id AS d_id,d.name,d.number FROM department AS d,employe AS e WHERE d.id = e.department AND e.enable = 1 ORDER BY e.id DESC  LIMIT 0,20 [ RunTime:0.0005s ]

[ 2015-03-24T18:04:03+08:00 ] ::1 /proj-hotel/core/api.php/getEmployNewId
SQL: SHOW COLUMNS FROM `employe` [ RunTime:0.0075s ]
SQL: SHOW COLUMNS FROM `employe` [ RunTime:0.0101s ]
SQL: SELECT * FROM `employe` ORDER BY id DESC  LIMIT 1   [ RunTime:0.0006s ]

[ 2015-03-24T18:04:38+08:00 ] ::1 /proj-hotel/core/api.php/getEmployeHandler?sEcho=1&iColumns=5&sColumns=%2C%2C%2C%2C&iDisplayStart=0&iDisplayLength=20&mDataProp_0=employe_id&sSearch_0=&bRegex_0=false&bSearchable_0=true&mDataProp_1=nick_name&sSearch_1=&bRegex_1=false&bSearchable_1=true&mDataProp_2=name&sSearch_2=&bRegex_2=false&bSearchable_2=true&mDataProp_3=email&sSearch_3=&bRegex_3=false&bSearchable_3=true&mDataProp_4=id&sSearch_4=&bRegex_4=false&bSearchable_4=true&sSearch=&bRegex=false
SQL: SHOW COLUMNS FROM `employe` [ RunTime:0.0056s ]
SQL: SHOW COLUMNS FROM `employe` [ RunTime:0.0050s ]
SQL: SELECT COUNT(id) AS tp_count FROM `employe` LIMIT 1   [ RunTime:0.0004s ]
SQL: SELECT e.id,e.username,e.email,e.employe_id,e.nick_name,e.enable,d.id AS d_id,d.name,d.number FROM department AS d,employe AS e WHERE d.id = e.department AND e.enable = 1 ORDER BY e.id DESC  LIMIT 0,20 [ RunTime:0.0011s ]

[ 2015-03-24T18:04:38+08:00 ] ::1 /proj-hotel/core/api.php/getDepHandler
SQL: SHOW COLUMNS FROM `department` [ RunTime:0.0052s ]
SQL: SHOW COLUMNS FROM `department` [ RunTime:0.0071s ]
SQL: SELECT * FROM `department`  [ RunTime:0.0004s ]

[ 2015-03-24T18:04:39+08:00 ] ::1 /proj-hotel/core/api.php/getEmployNewId
SQL: SHOW COLUMNS FROM `employe` [ RunTime:0.0059s ]
SQL: SHOW COLUMNS FROM `employe` [ RunTime:0.0049s ]
SQL: SELECT * FROM `employe` ORDER BY id DESC  LIMIT 1   [ RunTime:0.0004s ]

[ 2015-03-24T18:05:12+08:00 ] ::1 /proj-hotel/core/api.php/getEmployeHandler?sEcho=1&iColumns=5&sColumns=%2C%2C%2C%2C&iDisplayStart=0&iDisplayLength=20&mDataProp_0=employe_id&sSearch_0=&bRegex_0=false&bSearchable_0=true&mDataProp_1=nick_name&sSearch_1=&bRegex_1=false&bSearchable_1=true&mDataProp_2=name&sSearch_2=&bRegex_2=false&bSearchable_2=true&mDataProp_3=email&sSearch_3=&bRegex_3=false&bSearchable_3=true&mDataProp_4=id&sSearch_4=&bRegex_4=false&bSearchable_4=true&sSearch=&bRegex=false
SQL: SHOW COLUMNS FROM `employe` [ RunTime:0.0037s ]
SQL: SHOW COLUMNS FROM `employe` [ RunTime:0.0035s ]
SQL: SELECT COUNT(id) AS tp_count FROM `employe` LIMIT 1   [ RunTime:0.0003s ]
SQL: SELECT e.id,e.username,e.email,e.employe_id,e.nick_name,e.enable,d.id AS d_id,d.name,d.number FROM department AS d,employe AS e WHERE d.id = e.department AND e.enable = 1 ORDER BY e.id DESC  LIMIT 0,20 [ RunTime:0.0007s ]

[ 2015-03-24T18:05:12+08:00 ] ::1 /proj-hotel/core/api.php/getDepHandler
SQL: SHOW COLUMNS FROM `department` [ RunTime:0.0029s ]
SQL: SHOW COLUMNS FROM `department` [ RunTime:0.0030s ]
SQL: SELECT * FROM `department`  [ RunTime:0.0002s ]

[ 2015-03-24T18:05:13+08:00 ] ::1 /proj-hotel/core/api.php/getEmployNewId
SQL: SHOW COLUMNS FROM `employe` [ RunTime:0.0074s ]
SQL: SHOW COLUMNS FROM `employe` [ RunTime:0.0076s ]
SQL: SELECT * FROM `employe` ORDER BY id DESC  LIMIT 1   [ RunTime:0.0005s ]

[ 2015-03-24T18:05:25+08:00 ] ::1 /proj-hotel/core/api.php/saveEmployeHandler
SQL: SHOW COLUMNS FROM `employe` [ RunTime:0.0072s ]
SQL: SHOW COLUMNS FROM `employe` [ RunTime:0.0061s ]
ERR: SQLSTATE[42000]: Syntax error or access violation: 1064 You have an error in your SQL syntax; check the manual that corresponds to your MySQL server version for the right syntax to use near ')' at line 1

[ 2015-03-24T18:07:55+08:00 ] ::1 /proj-hotel/core/api.php/getDepHandler
SQL: SHOW COLUMNS FROM `department` [ RunTime:0.0037s ]
SQL: SHOW COLUMNS FROM `department` [ RunTime:0.0031s ]
SQL: SELECT * FROM `department`  [ RunTime:0.0003s ]

[ 2015-03-24T18:07:55+08:00 ] ::1 /proj-hotel/core/api.php/getEmployeHandler?sEcho=1&iColumns=5&sColumns=%2C%2C%2C%2C&iDisplayStart=0&iDisplayLength=20&mDataProp_0=employe_id&sSearch_0=&bRegex_0=false&bSearchable_0=true&mDataProp_1=nick_name&sSearch_1=&bRegex_1=false&bSearchable_1=true&mDataProp_2=name&sSearch_2=&bRegex_2=false&bSearchable_2=true&mDataProp_3=email&sSearch_3=&bRegex_3=false&bSearchable_3=true&mDataProp_4=id&sSearch_4=&bRegex_4=false&bSearchable_4=true&sSearch=&bRegex=false
SQL: SHOW COLUMNS FROM `employe` [ RunTime:0.0037s ]
SQL: SHOW COLUMNS FROM `employe` [ RunTime:0.0033s ]
SQL: SELECT COUNT(id) AS tp_count FROM `employe` LIMIT 1   [ RunTime:0.0003s ]
SQL: SELECT e.id,e.username,e.email,e.employe_id,e.nick_name,e.enable,d.id AS d_id,d.name,d.number FROM department AS d,employe AS e WHERE d.id = e.department AND e.enable = 1 ORDER BY e.id DESC  LIMIT 0,20 [ RunTime:0.0008s ]

[ 2015-03-24T18:07:56+08:00 ] ::1 /proj-hotel/core/api.php/getEmployNewId
SQL: SHOW COLUMNS FROM `employe` [ RunTime:0.0118s ]
SQL: SHOW COLUMNS FROM `employe` [ RunTime:0.0078s ]
SQL: SELECT * FROM `employe` ORDER BY id DESC  LIMIT 1   [ RunTime:0.0004s ]

[ 2015-03-24T18:08:00+08:00 ] ::1 /proj-hotel/core/api.php/saveEmployeHandler
SQL: SHOW COLUMNS FROM `employe` [ RunTime:0.0104s ]
SQL: SHOW COLUMNS FROM `employe` [ RunTime:0.0056s ]
ERR: SQLSTATE[HY000]: General error: 1364 Field 'username' doesn't have a default value

